Architecture:          x86_64
CPU op-mode(s):        32-bit, 64-bit
Byte Order:            Little Endian
CPU(s):                20
On-line CPU(s) list:   0-19
Thread(s) per core:    1
Core(s) per socket:    10
Socket(s):             2
NUMA node(s):          2
Vendor ID:             GenuineIntel
CPU family:            6
Model:                 63
Model name:            Intel(R) Xeon(R) CPU E5-2660 v3 @ 2.60GHz
Stepping:              2
CPU MHz:               2600.317
CPU max MHz:           2600.0000
CPU min MHz:           1200.0000
BogoMIPS:              5187.71
Virtualization:        VT-x
L1d cache:             32K
L1i cache:             32K
L2 cache:              256K
L3 cache:              25600K
NUMA node0 CPU(s):     0-9
NUMA node1 CPU(s):     10-19
Flags:                 fpu vme de pse tsc msr pae mce cx8 apic sep mtrr pge mca cmov pat pse36 clflush dts acpi mmx fxsr sse sse2 ss ht tm pbe syscall nx pdpe1gb rdtscp lm constant_tsc arch_perfmon pebs bts rep_good nopl xtopology nonstop_tsc aperfmperf eagerfpu pni pclmulqdq dtes64 ds_cpl vmx smx est tm2 ssse3 sdbg fma cx16 xtpr pdcm pcid dca sse4_1 sse4_2 x2apic movbe popcnt tsc_deadline_timer aes xsave avx f16c rdrand lahf_lm abm epb invpcid_single intel_ppin ssbd ibrs ibpb stibp tpr_shadow vnmi flexpriority ept vpid fsgsbase tsc_adjust bmi1 avx2 smep bmi2 erms invpcid cqm xsaveopt cqm_llc cqm_occup_llc dtherm arat pln pts md_clear spec_ctrl intel_stibp flush_l1d
   234.375   8119.797 # matmult_lib
   396.094   9059.090 # matmult_lib
   669.398   8168.711 # matmult_lib
  1134.375   9306.194 # matmult_lib
  1917.094   9637.971 # matmult_lib
  3225.961   8763.902 # matmult_lib
  5467.711   9240.577 # matmult_lib
  9213.961   8767.100 # matmult_lib
 15606.000   9880.717 # matmult_lib
 26334.375   9845.627 # matmult_lib
 44569.711   9263.848 # matmult_lib
 75264.000   9805.453 # matmult_lib
127239.844   9939.692 # matmult_lib
215035.336   9336.294 # matmult_lib
363280.523   9474.617 # matmult_lib
614160.023   9208.338 # matmult_lib
1037712.094  10002.894 # matmult_lib
1753652.344  10014.935 # matmult_lib

------------------------------------------------------------
Sender: LSF System <lsfadmin@hpc.dtu.dk>
Subject: Job 11971328: <mm_batch> in cluster <dcc> Done

Job <mm_batch> was submitted from host <n-62-30-1> by user <s212571> in cluster <dcc> at Thu Jan  6 11:08:36 2022
Job was executed on host(s) <n-62-29-33>, in queue <hpc>, as user <s212571> in cluster <dcc> at Thu Jan  6 11:08:37 2022
</zhome/6d/6/164418> was used as the home directory.
</zhome/6d/6/164418/hpc/week1/assign/bscripts_o3_lu> was used as the working directory.
Started at Thu Jan  6 11:08:37 2022
Terminated at Thu Jan  6 11:13:17 2022
Results reported at Thu Jan  6 11:13:17 2022

Your job looked like:

------------------------------------------------------------
# LSBATCH: User input
#!/bin/bash
# 02614 - High-Performance Computing, January 2022
# 
# batch script to run matmult on a decidated server in the hpcintro
# queue
#
# Author: Bernd Dammann <bd@cc.dtu.dk>
#
#BSUB -J mm_batch
#BSUB -o mm_batch_%J_lib.out
#BSUB -e mm_batch_%J_lib.err
#BSUB -q hpc
#BSUB -n 1
#BSUB -R "rusage[mem=4096]"
#BSUB -W 4:00
#BSUB -R "select[model == XeonE5_2660v3]"
# uncomment the following line, if you want to assure that your job has
# a whole CPU for itself (shared L3 cache)
#BSUB -R "span[hosts=1] affinity[socket(1)]"

# define the driver name to use
# valid values: matmult_c.studio, matmult_f.studio, matmult_c.gcc or
# matmult_f.gcc
#
EXECUTABLE=matmult_c.gcc

# define the mkn values in the MKN variable
#
SIZES="100 130 169 220 286 371 483 627 816 1060 1379 1792 2330 3029 3937 5119 6654 8650"
# SIZES="100 110 121 133 146 161 177 195 214 236 259 285 314 345 380 418 459 505 556 612 673 740 814 895 985 1083 1192 1311 1442 1586 1745 1919 2111 2323 2555 2810 3091 3400 3740 4114 4526 4979 5476 6024 6626 7289 8018 8820 9702 10672"

PERM="lib"

# uncomment and set a reasonable BLKSIZE for the blk version
#
# BLKSIZE=1

# enable(1)/disable(0) result checking
export MATMULT_COMPARE=0
# export MATMULT_RESULTS={[0]|1}
# export MFLOPS_MIN_T=[3.0]
# export MFLOPS_MAX_IT=[infinity]

cd ..
lscpu
# start the collect command with the above settings
for S in $SIZES
do
    ./$EXECUTABLE $PERM $S $S $S $BLKSIZE
done

(... more ...)
------------------------------------------------------------

Successfully completed.

Resource usage summary:

    CPU time :                                   279.89 sec.
    Max Memory :                                 1746 MB
    Average Memory :                             1256.80 MB
    Total Requested Memory :                     4096.00 MB
    Delta Memory :                               2350.00 MB
    Max Swap :                                   -
    Max Processes :                              4
    Max Threads :                                5
    Run time :                                   280 sec.
    Turnaround time :                            281 sec.

The output (if any) is above this job summary.



PS:

Read file <mm_batch_11971328_lib.err> for stderr output of this job.

