Architecture:          x86_64
CPU op-mode(s):        32-bit, 64-bit
Byte Order:            Little Endian
CPU(s):                20
On-line CPU(s) list:   0-19
Thread(s) per core:    1
Core(s) per socket:    10
Socket(s):             2
NUMA node(s):          2
Vendor ID:             GenuineIntel
CPU family:            6
Model:                 63
Model name:            Intel(R) Xeon(R) CPU E5-2660 v3 @ 2.60GHz
Stepping:              2
CPU MHz:               1295.715
CPU max MHz:           3300.0000
CPU min MHz:           1200.0000
BogoMIPS:              5187.67
Virtualization:        VT-x
L1d cache:             32K
L1i cache:             32K
L2 cache:              256K
L3 cache:              25600K
NUMA node0 CPU(s):     0-9
NUMA node1 CPU(s):     10-19
Flags:                 fpu vme de pse tsc msr pae mce cx8 apic sep mtrr pge mca cmov pat pse36 clflush dts acpi mmx fxsr sse sse2 ss ht tm pbe syscall nx pdpe1gb rdtscp lm constant_tsc arch_perfmon pebs bts rep_good nopl xtopology nonstop_tsc aperfmperf eagerfpu pni pclmulqdq dtes64 ds_cpl vmx smx est tm2 ssse3 sdbg fma cx16 xtpr pdcm pcid dca sse4_1 sse4_2 x2apic movbe popcnt tsc_deadline_timer aes xsave avx f16c rdrand lahf_lm abm epb invpcid_single intel_ppin ssbd ibrs ibpb stibp tpr_shadow vnmi flexpriority ept vpid fsgsbase tsc_adjust bmi1 avx2 smep bmi2 erms invpcid cqm xsaveopt cqm_llc cqm_occup_llc dtherm ida arat pln pts md_clear spec_ctrl intel_stibp flush_l1d
   234.375    377.071 # matmult_nat
   283.594    392.056 # matmult_nat
   343.148    393.163 # matmult_nat
   414.586    393.945 # matmult_nat
   499.594    395.082 # matmult_nat
   607.523    396.533 # matmult_nat
   734.273    396.815 # matmult_nat
   891.211    397.200 # matmult_nat
  1073.344    397.600 # matmult_nat
  1305.375    398.167 # matmult_nat
  1572.211    398.596 # matmult_nat
  1903.711    399.156 # matmult_nat
  2310.844    399.620 # matmult_nat
  2789.648    399.670 # matmult_nat
  3384.375    394.376 # matmult_nat
  4095.094    400.310 # matmult_nat
  4937.836    401.083 # matmult_nat
  5977.148    401.087 # matmult_nat
  7245.375    400.972 # matmult_nat
  8778.375    401.178 # matmult_nat
 10615.523    401.979 # matmult_nat
 12834.375    401.928 # matmult_nat
 15529.594    402.538 # matmult_nat
 18774.023    402.420 # matmult_nat
 22739.648    402.802 # matmult_nat
 27489.586    402.859 # matmult_nat
 33301.500    403.270 # matmult_nat
 40282.523    402.859 # matmult_nat
 48735.094    400.443 # matmult_nat
 58954.594    401.355 # matmult_nat
 71367.773    402.435 # matmult_nat
 86310.023    401.633 # matmult_nat
104445.023    400.578 # matmult_nat
126476.461    400.583 # matmult_nat
153000.586    400.970 # matmult_nat
185064.844    401.226 # matmult_nat
223928.461    401.534 # matmult_nat
270937.500    401.972 # matmult_nat
327834.375    402.244 # matmult_nat
396679.594    402.055 # matmult_nat
480109.594    401.816 # matmult_nat
581025.961    401.871 # matmult_nat
702810.375    401.186 # matmult_nat
850513.500    402.477 # matmult_nat
1028997.094    401.933 # matmult_nat
1245223.148    402.132 # matmult_nat
1506757.594    402.311 # matmult_nat
1823259.375    402.145 # matmult_nat

------------------------------------------------------------
Sender: LSF System <lsfadmin@hpc.dtu.dk>
Subject: Job 11953030: <mm_batch> in cluster <dcc> Exited

Job <mm_batch> was submitted from host <n-62-27-21> by user <s212571> in cluster <dcc> at Wed Jan  5 22:56:55 2022
Job was executed on host(s) <n-62-28-31>, in queue <hpc>, as user <s212571> in cluster <dcc> at Wed Jan  5 22:56:56 2022
</zhome/6d/6/164418> was used as the home directory.
</zhome/6d/6/164418/hpc/week1/assign/bscripts_no_op> was used as the working directory.
Started at Wed Jan  5 22:56:56 2022
Terminated at Thu Jan  6 02:58:16 2022
Results reported at Thu Jan  6 02:58:16 2022

Your job looked like:

------------------------------------------------------------
# LSBATCH: User input
#!/bin/bash
# 02614 - High-Performance Computing, January 2022
# 
# batch script to run matmult on a decidated server in the hpcintro
# queue
#
# Author: Bernd Dammann <bd@cc.dtu.dk>
#
#BSUB -J mm_batch
#BSUB -o mm_batch_%J_nat.out
#BSUB -e mm_batch_%J_nat.err
#BSUB -q hpc
#BSUB -n 1
#BSUB -R "rusage[mem=4096]"
#BSUB -W 4:00
#BSUB -R "select[model == XeonE5_2660v3]"
# uncomment the following line, if you want to assure that your job has
# a whole CPU for itself (shared L3 cache)
#BSUB -R "span[hosts=1] affinity[socket(1)]"

# define the driver name to use
# valid values: matmult_c.studio, matmult_f.studio, matmult_c.gcc or
# matmult_f.gcc
#
EXECUTABLE=matmult_c.gcc

# define the mkn values in the MKN variable
#
SIZES="100 110 121 133 146 161 177 195 214 236 259 285 314 345 380 418 459 505 556 612 673 740 814 895 985 1083 1192 1311 1442 1586 1745 1919 2111 2323 2555 2810 3091 3400 3740 4114 4526 4979 5476 6024 6626 7289 8018 8820 9702 10672"

PERM="nat"

# uncomment and set a reasonable BLKSIZE for the blk version
#
# BLKSIZE=1

# enable(1)/disable(0) result checking
export MATMULT_COMPARE=0
# export MATMULT_RESULTS={[0]|1}
# export MFLOPS_MIN_T=[3.0]
# export MFLOPS_MAX_IT=[infinity]

cd ..
lscpu
# start the collect command with the above settings
for S in $SIZES
do
    ./$EXECUTABLE $PERM $S $S $S $BLKSIZE
done

------------------------------------------------------------

TERM_RUNLIMIT: job killed after reaching LSF run time limit.
Exited with exit code 140.

Resource usage summary:

    CPU time :                                   14501.00 sec.
    Max Memory :                                 2374 MB
    Average Memory :                             1413.64 MB
    Total Requested Memory :                     4096.00 MB
    Delta Memory :                               1722.00 MB
    Max Swap :                                   -
    Max Processes :                              4
    Max Threads :                                5
    Run time :                                   14480 sec.
    Turnaround time :                            14481 sec.

The output (if any) is above this job summary.



PS:

Read file <mm_batch_11953030_nat.err> for stderr output of this job.

