Architecture:          x86_64
CPU op-mode(s):        32-bit, 64-bit
Byte Order:            Little Endian
CPU(s):                20
On-line CPU(s) list:   0-19
Thread(s) per core:    1
Core(s) per socket:    10
Socket(s):             2
NUMA node(s):          2
Vendor ID:             GenuineIntel
CPU family:            6
Model:                 63
Model name:            Intel(R) Xeon(R) CPU E5-2660 v3 @ 2.60GHz
Stepping:              2
CPU MHz:               1293.334
CPU max MHz:           3300.0000
CPU min MHz:           1200.0000
BogoMIPS:              5187.98
Virtualization:        VT-x
L1d cache:             32K
L1i cache:             32K
L2 cache:              256K
L3 cache:              25600K
NUMA node0 CPU(s):     0-9
NUMA node1 CPU(s):     10-19
Flags:                 fpu vme de pse tsc msr pae mce cx8 apic sep mtrr pge mca cmov pat pse36 clflush dts acpi mmx fxsr sse sse2 ss ht tm pbe syscall nx pdpe1gb rdtscp lm constant_tsc arch_perfmon pebs bts rep_good nopl xtopology nonstop_tsc aperfmperf eagerfpu pni pclmulqdq dtes64 ds_cpl vmx smx est tm2 ssse3 sdbg fma cx16 xtpr pdcm pcid dca sse4_1 sse4_2 x2apic movbe popcnt tsc_deadline_timer aes xsave avx f16c rdrand lahf_lm abm epb invpcid_single intel_ppin ssbd ibrs ibpb stibp tpr_shadow vnmi flexpriority ept vpid fsgsbase tsc_adjust bmi1 avx2 smep bmi2 erms invpcid cqm xsaveopt cqm_llc cqm_occup_llc dtherm ida arat pln pts md_clear spec_ctrl intel_stibp flush_l1d
   234.375    383.139 # matmult_kmn
   283.594    396.600 # matmult_kmn
   343.148    397.129 # matmult_kmn
   414.586    397.228 # matmult_kmn
   499.594    397.418 # matmult_kmn
   607.523    397.035 # matmult_kmn
   734.273    395.921 # matmult_kmn
   891.211    395.488 # matmult_kmn
  1073.344    395.647 # matmult_kmn
  1305.375    397.814 # matmult_kmn
  1572.211    397.060 # matmult_kmn
  1903.711    398.736 # matmult_kmn
  2310.844    399.350 # matmult_kmn
  2789.648    400.292 # matmult_kmn
  3384.375    400.497 # matmult_kmn
  4095.094    400.796 # matmult_kmn
  4937.836    401.533 # matmult_kmn
  5977.148    401.246 # matmult_kmn
  7245.375    401.765 # matmult_kmn
  8778.375    403.030 # matmult_kmn
 10615.523    403.542 # matmult_kmn
 12834.375    403.826 # matmult_kmn
 15529.594    404.441 # matmult_kmn
 18774.023    404.710 # matmult_kmn
 22739.648    405.160 # matmult_kmn
 27489.586    405.046 # matmult_kmn
 33301.500    406.145 # matmult_kmn
 40282.523    405.837 # matmult_kmn
 48735.094    406.209 # matmult_kmn
 58954.594    406.619 # matmult_kmn
 71367.773    404.788 # matmult_kmn
 86310.023    402.273 # matmult_kmn
104445.023    401.768 # matmult_kmn
126476.461    401.823 # matmult_kmn
153000.586    401.028 # matmult_kmn
185064.844    401.989 # matmult_kmn
223928.461    402.801 # matmult_kmn
270937.500    402.470 # matmult_kmn
327834.375    403.189 # matmult_kmn
396679.594    403.417 # matmult_kmn
480109.594    403.342 # matmult_kmn
581025.961    403.339 # matmult_kmn
702810.375    404.002 # matmult_kmn
850513.500    403.647 # matmult_kmn
1028997.094    404.342 # matmult_kmn
1245223.148    404.476 # matmult_kmn
1506757.594    404.608 # matmult_kmn
1823259.375    404.838 # matmult_kmn

------------------------------------------------------------
Sender: LSF System <lsfadmin@hpc.dtu.dk>
Subject: Job 11953023: <mm_batch> in cluster <dcc> Exited

Job <mm_batch> was submitted from host <n-62-27-21> by user <s212571> in cluster <dcc> at Wed Jan  5 22:56:54 2022
Job was executed on host(s) <n-62-28-30>, in queue <hpc>, as user <s212571> in cluster <dcc> at Wed Jan  5 22:56:55 2022
</zhome/6d/6/164418> was used as the home directory.
</zhome/6d/6/164418/hpc/week1/assign/bscripts_no_op> was used as the working directory.
Started at Wed Jan  5 22:56:55 2022
Terminated at Thu Jan  6 02:58:16 2022
Results reported at Thu Jan  6 02:58:16 2022

Your job looked like:

------------------------------------------------------------
# LSBATCH: User input
#!/bin/bash
# 02614 - High-Performance Computing, January 2022
# 
# batch script to run matmult on a decidated server in the hpcintro
# queue
#
# Author: Bernd Dammann <bd@cc.dtu.dk>
#
#BSUB -J mm_batch
#BSUB -o mm_batch_%J_kmn.out
#BSUB -e mm_batch_%J_kmn.err
#BSUB -q hpc
#BSUB -n 1
#BSUB -R "rusage[mem=4096]"
#BSUB -W 4:00
#BSUB -R "select[model == XeonE5_2660v3]"
# uncomment the following line, if you want to assure that your job has
# a whole CPU for itself (shared L3 cache)
#BSUB -R "span[hosts=1] affinity[socket(1)]"

# define the driver name to use
# valid values: matmult_c.studio, matmult_f.studio, matmult_c.gcc or
# matmult_f.gcc
#
EXECUTABLE=matmult_c.gcc

# define the mkn values in the MKN variable
#
SIZES="100 110 121 133 146 161 177 195 214 236 259 285 314 345 380 418 459 505 556 612 673 740 814 895 985 1083 1192 1311 1442 1586 1745 1919 2111 2323 2555 2810 3091 3400 3740 4114 4526 4979 5476 6024 6626 7289 8018 8820 9702 10672"

PERM="kmn"

# uncomment and set a reasonable BLKSIZE for the blk version
#
# BLKSIZE=1

# enable(1)/disable(0) result checking
export MATMULT_COMPARE=0
# export MATMULT_RESULTS={[0]|1}
# export MFLOPS_MIN_T=[3.0]
# export MFLOPS_MAX_IT=[infinity]

cd ..
lscpu
# start the collect command with the above settings
for S in $SIZES
do
    ./$EXECUTABLE $PERM $S $S $S $BLKSIZE
done

------------------------------------------------------------

TERM_RUNLIMIT: job killed after reaching LSF run time limit.
Exited with exit code 140.

Resource usage summary:

    CPU time :                                   14501.00 sec.
    Max Memory :                                 2158 MB
    Average Memory :                             1238.73 MB
    Total Requested Memory :                     4096.00 MB
    Delta Memory :                               1938.00 MB
    Max Swap :                                   -
    Max Processes :                              4
    Max Threads :                                5
    Run time :                                   14481 sec.
    Turnaround time :                            14482 sec.

The output (if any) is above this job summary.



PS:

Read file <mm_batch_11953023_kmn.err> for stderr output of this job.

