Architecture:          x86_64
CPU op-mode(s):        32-bit, 64-bit
Byte Order:            Little Endian
CPU(s):                20
On-line CPU(s) list:   0-19
Thread(s) per core:    1
Core(s) per socket:    10
Socket(s):             2
NUMA node(s):          2
Vendor ID:             GenuineIntel
CPU family:            6
Model:                 63
Model name:            Intel(R) Xeon(R) CPU E5-2660 v3 @ 2.60GHz
Stepping:              2
CPU MHz:               1492.651
CPU max MHz:           3300.0000
CPU min MHz:           1200.0000
BogoMIPS:              5188.12
Virtualization:        VT-x
L1d cache:             32K
L1i cache:             32K
L2 cache:              256K
L3 cache:              25600K
NUMA node0 CPU(s):     0-9
NUMA node1 CPU(s):     10-19
Flags:                 fpu vme de pse tsc msr pae mce cx8 apic sep mtrr pge mca cmov pat pse36 clflush dts acpi mmx fxsr sse sse2 ss ht tm pbe syscall nx pdpe1gb rdtscp lm constant_tsc arch_perfmon pebs bts rep_good nopl xtopology nonstop_tsc aperfmperf eagerfpu pni pclmulqdq dtes64 ds_cpl vmx smx est tm2 ssse3 sdbg fma cx16 xtpr pdcm pcid dca sse4_1 sse4_2 x2apic movbe popcnt tsc_deadline_timer aes xsave avx f16c rdrand lahf_lm abm epb invpcid_single intel_ppin ssbd ibrs ibpb stibp tpr_shadow vnmi flexpriority ept vpid fsgsbase tsc_adjust bmi1 avx2 smep bmi2 erms invpcid cqm xsaveopt cqm_llc cqm_occup_llc dtherm ida arat pln pts md_clear spec_ctrl intel_stibp flush_l1d
   234.375    380.826 # matmult_nmk
   283.594    381.470 # matmult_nmk
   343.148    394.694 # matmult_nmk
   414.586    394.294 # matmult_nmk
   499.594    394.354 # matmult_nmk
   607.523    391.617 # matmult_nmk
   734.273    389.689 # matmult_nmk
   891.211    361.411 # matmult_nmk
  1073.344    369.073 # matmult_nmk
  1305.375    365.639 # matmult_nmk
  1572.211    364.148 # matmult_nmk
  1903.711    365.286 # matmult_nmk
  2310.844    367.518 # matmult_nmk
  2789.648    363.904 # matmult_nmk
  3384.375    357.762 # matmult_nmk
  4095.094    344.569 # matmult_nmk
  4937.836    335.322 # matmult_nmk
  5977.148    327.594 # matmult_nmk
  7245.375    358.360 # matmult_nmk
  8778.375    326.646 # matmult_nmk
 10615.523    363.832 # matmult_nmk
 12834.375    346.528 # matmult_nmk
 15529.594    343.710 # matmult_nmk
 18774.023    355.062 # matmult_nmk
 22739.648    362.046 # matmult_nmk
 27489.586    355.934 # matmult_nmk
 33301.500    366.268 # matmult_nmk
 40282.523    367.205 # matmult_nmk
 48735.094    364.742 # matmult_nmk
 58954.594    366.467 # matmult_nmk
 71367.773    363.971 # matmult_nmk
 86310.023    358.703 # matmult_nmk
104445.023    358.075 # matmult_nmk
126476.461    335.149 # matmult_nmk
153000.586    336.043 # matmult_nmk
185064.844    297.756 # matmult_nmk
223928.461    266.395 # matmult_nmk
270937.500    238.823 # matmult_nmk
327834.375    224.032 # matmult_nmk
396679.594    219.438 # matmult_nmk
480109.594    219.339 # matmult_nmk
581025.961    225.871 # matmult_nmk
702810.375    225.439 # matmult_nmk
850513.500    222.953 # matmult_nmk
1028997.094    224.738 # matmult_nmk
1245223.148    228.681 # matmult_nmk

------------------------------------------------------------
Sender: LSF System <lsfadmin@hpc.dtu.dk>
Subject: Job 11953033: <mm_batch> in cluster <dcc> Exited

Job <mm_batch> was submitted from host <n-62-27-21> by user <s212571> in cluster <dcc> at Wed Jan  5 22:56:56 2022
Job was executed on host(s) <n-62-29-11>, in queue <hpc>, as user <s212571> in cluster <dcc> at Wed Jan  5 22:56:58 2022
</zhome/6d/6/164418> was used as the home directory.
</zhome/6d/6/164418/hpc/week1/assign/bscripts_no_op> was used as the working directory.
Started at Wed Jan  5 22:56:58 2022
Terminated at Thu Jan  6 02:58:15 2022
Results reported at Thu Jan  6 02:58:15 2022

Your job looked like:

------------------------------------------------------------
# LSBATCH: User input
#!/bin/bash
# 02614 - High-Performance Computing, January 2022
# 
# batch script to run matmult on a decidated server in the hpcintro
# queue
#
# Author: Bernd Dammann <bd@cc.dtu.dk>
#
#BSUB -J mm_batch
#BSUB -o mm_batch_%J_nmk.out
#BSUB -e mm_batch_%J_nmk.err
#BSUB -q hpc
#BSUB -n 1
#BSUB -R "rusage[mem=4096]"
#BSUB -W 4:00
#BSUB -R "select[model == XeonE5_2660v3]"
# uncomment the following line, if you want to assure that your job has
# a whole CPU for itself (shared L3 cache)
#BSUB -R "span[hosts=1] affinity[socket(1)]"

# define the driver name to use
# valid values: matmult_c.studio, matmult_f.studio, matmult_c.gcc or
# matmult_f.gcc
#
EXECUTABLE=matmult_c.gcc

# define the mkn values in the MKN variable
#
SIZES="100 110 121 133 146 161 177 195 214 236 259 285 314 345 380 418 459 505 556 612 673 740 814 895 985 1083 1192 1311 1442 1586 1745 1919 2111 2323 2555 2810 3091 3400 3740 4114 4526 4979 5476 6024 6626 7289 8018 8820 9702 10672"

PERM="nmk"

# uncomment and set a reasonable BLKSIZE for the blk version
#
# BLKSIZE=1

# enable(1)/disable(0) result checking
export MATMULT_COMPARE=0
# export MATMULT_RESULTS={[0]|1}
# export MFLOPS_MIN_T=[3.0]
# export MFLOPS_MAX_IT=[infinity]

cd ..
lscpu
# start the collect command with the above settings
for S in $SIZES
do
    ./$EXECUTABLE $PERM $S $S $S $BLKSIZE
done

------------------------------------------------------------

TERM_RUNLIMIT: job killed after reaching LSF run time limit.
Exited with exit code 140.

Resource usage summary:

    CPU time :                                   14495.00 sec.
    Max Memory :                                 1475 MB
    Average Memory :                             870.60 MB
    Total Requested Memory :                     4096.00 MB
    Delta Memory :                               2621.00 MB
    Max Swap :                                   -
    Max Processes :                              4
    Max Threads :                                5
    Run time :                                   14477 sec.
    Turnaround time :                            14479 sec.

The output (if any) is above this job summary.



PS:

Read file <mm_batch_11953033_nmk.err> for stderr output of this job.

