   234.375   1863.929 # matmult_nkm
   283.594   1842.227 # matmult_nkm
   343.148   1617.152 # matmult_nkm
   414.586   1543.812 # matmult_nkm
   499.594   1275.786 # matmult_nkm
   607.523   1266.449 # matmult_nkm
   734.273   1175.003 # matmult_nkm
   891.211    933.989 # matmult_nkm
  1073.344   1162.780 # matmult_nkm
  1305.375   1100.065 # matmult_nkm
  1572.211    942.456 # matmult_nkm
  1903.711    770.037 # matmult_nkm
  2310.844    684.743 # matmult_nkm
  2789.648    679.087 # matmult_nkm
  3384.375    668.080 # matmult_nkm
  4095.094    672.379 # matmult_nkm
  4937.836    672.000 # matmult_nkm
  5977.148    649.956 # matmult_nkm
  7245.375    169.559 # matmult_nkm
  8778.375    643.164 # matmult_nkm
 10615.523    574.886 # matmult_nkm
 12834.375    543.079 # matmult_nkm
 15529.594    418.150 # matmult_nkm
 18774.023    323.361 # matmult_nkm
 22739.648    316.541 # matmult_nkm
 27489.586    326.884 # matmult_nkm
 33301.500    487.259 # matmult_nkm
 40282.523    314.077 # matmult_nkm
 48735.094    406.728 # matmult_nkm
 58954.594    404.675 # matmult_nkm
 71367.773    315.952 # matmult_nkm
 86310.023    298.312 # matmult_nkm
104445.023    306.611 # matmult_nkm
126476.461    303.170 # matmult_nkm
153000.586    293.761 # matmult_nkm
185064.844    315.383 # matmult_nkm
223928.461    294.923 # matmult_nkm
270937.500    322.991 # matmult_nkm
327834.375    318.365 # matmult_nkm
396679.594    300.875 # matmult_nkm
480109.594    310.648 # matmult_nkm
581025.961    284.642 # matmult_nkm
702810.375    322.515 # matmult_nkm
850513.500    320.182 # matmult_nkm
1028997.094    309.983 # matmult_nkm
1245223.148    279.045 # matmult_nkm
1506757.594    306.950 # matmult_nkm
