   234.375   2972.482 # matmult_kmn
   283.594   3023.213 # matmult_kmn
   343.148   3038.212 # matmult_kmn
   414.586   2969.819 # matmult_kmn
   499.594   2954.055 # matmult_kmn
   607.523   2933.030 # matmult_kmn
   734.273   2811.374 # matmult_kmn
   891.211   2728.808 # matmult_kmn
  1073.344   2677.897 # matmult_kmn
  1305.375   2724.766 # matmult_kmn
  1572.211   2793.280 # matmult_kmn
  1903.711   2748.960 # matmult_kmn
  2310.844   2763.815 # matmult_kmn
  2789.648   2787.570 # matmult_kmn
  3384.375   2819.062 # matmult_kmn
  4095.094   2810.553 # matmult_kmn
  4937.836   2819.980 # matmult_kmn
  5977.148   2826.684 # matmult_kmn
  7245.375   2876.957 # matmult_kmn
  8778.375   2878.226 # matmult_kmn
 10615.523   2881.713 # matmult_kmn
 12834.375   2897.743 # matmult_kmn
 15529.594   2896.282 # matmult_kmn
 18774.023   2898.707 # matmult_kmn
 22739.648   2898.208 # matmult_kmn
 27489.586   2883.914 # matmult_kmn
 33301.500   2785.865 # matmult_kmn
 40282.523   2405.277 # matmult_kmn
 48735.094   2136.426 # matmult_kmn
 58954.594   2042.422 # matmult_kmn
 71367.773   2026.231 # matmult_kmn
 86310.023   2005.489 # matmult_kmn
104445.023   1986.823 # matmult_kmn
126476.461   1958.468 # matmult_kmn
153000.586   1965.525 # matmult_kmn
185064.844   1956.643 # matmult_kmn
223928.461   1969.844 # matmult_kmn
270937.500   2010.497 # matmult_kmn
327834.375   1973.035 # matmult_kmn
396679.594   1977.483 # matmult_kmn
480109.594   1978.085 # matmult_kmn
581025.961   1984.030 # matmult_kmn
702810.375   1995.348 # matmult_kmn
850513.500   2030.239 # matmult_kmn
1028997.094   1984.846 # matmult_kmn
1245223.148   1988.945 # matmult_kmn
1506757.594   1986.751 # matmult_kmn
1823259.375   2001.125 # matmult_kmn
2206143.844   2007.654 # matmult_kmn
2669334.000   2044.173 # matmult_kmn
