   234.375   1822.349 # matmult_knm
   283.594   1754.432 # matmult_knm
   343.148   1730.965 # matmult_knm
   414.586   1590.704 # matmult_knm
   499.594   1297.496 # matmult_knm
   607.523   1333.695 # matmult_knm
   734.273   1173.836 # matmult_knm
   891.211    942.005 # matmult_knm
  1073.344   1161.498 # matmult_knm
  1305.375   1089.919 # matmult_knm
  1572.211    938.471 # matmult_knm
  1903.711    756.403 # matmult_knm
  2310.844    675.153 # matmult_knm
  2789.648    671.832 # matmult_knm
  3384.375    659.754 # matmult_knm
  4095.094    665.552 # matmult_knm
  4937.836    665.736 # matmult_knm
  5977.148    657.622 # matmult_knm
  7245.375    170.560 # matmult_knm
  8778.375    132.970 # matmult_knm
 10615.523    539.014 # matmult_knm
 12834.375    575.772 # matmult_knm
 15529.594    326.714 # matmult_knm
 18774.023    361.769 # matmult_knm
 22739.648    340.009 # matmult_knm
 27489.586    357.868 # matmult_knm
 33301.500    492.095 # matmult_knm
 40282.523    320.530 # matmult_knm
 48735.094    413.312 # matmult_knm
 58954.594    404.830 # matmult_knm
 71367.773    324.068 # matmult_knm
 86310.023    304.458 # matmult_knm
104445.023    316.826 # matmult_knm
126476.461    305.702 # matmult_knm
153000.586    293.424 # matmult_knm
185064.844    310.294 # matmult_knm
223928.461    291.950 # matmult_knm
270937.500    316.134 # matmult_knm
327834.375    314.092 # matmult_knm
396679.594    302.716 # matmult_knm
480109.594    308.389 # matmult_knm
581025.961    283.492 # matmult_knm
702810.375    316.453 # matmult_knm
850513.500    316.356 # matmult_knm
1028997.094    312.508 # matmult_knm
1245223.148    293.478 # matmult_knm
1506757.594    309.136 # matmult_knm
