   234.375   2967.089 # matmult_mkn
   283.594   2999.469 # matmult_mkn
   343.148   3027.260 # matmult_mkn
   414.586   2998.513 # matmult_mkn
   499.594   2982.528 # matmult_mkn
   607.523   2992.074 # matmult_mkn
   734.273   2946.648 # matmult_mkn
   891.211   2889.873 # matmult_mkn
  1073.344   2865.630 # matmult_mkn
  1305.375   2875.955 # matmult_mkn
  1572.211   3048.906 # matmult_mkn
  1903.711   2972.307 # matmult_mkn
  2310.844   2979.952 # matmult_mkn
  2789.648   2993.777 # matmult_mkn
  3384.375   2986.728 # matmult_mkn
  4095.094   3015.909 # matmult_mkn
  4937.836   3030.933 # matmult_mkn
  5977.148   3031.899 # matmult_mkn
  7245.375   3025.158 # matmult_mkn
  8778.375   3030.699 # matmult_mkn
 10615.523   3055.385 # matmult_mkn
 12834.375   3034.602 # matmult_mkn
 15529.594   3057.639 # matmult_mkn
 18774.023   3066.883 # matmult_mkn
 22739.648   3048.915 # matmult_mkn
 27489.586   2971.868 # matmult_mkn
 33301.500   2764.201 # matmult_mkn
 40282.523   2599.511 # matmult_mkn
 48735.094   2199.939 # matmult_mkn
 58954.594   2148.021 # matmult_mkn
 71367.773   2118.146 # matmult_mkn
 86310.023   2109.227 # matmult_mkn
104445.023   2072.437 # matmult_mkn
126476.461   2056.340 # matmult_mkn
153000.586   2046.695 # matmult_mkn
185064.844   2051.755 # matmult_mkn
223928.461   2050.303 # matmult_mkn
270937.500   2071.151 # matmult_mkn
327834.375   2046.539 # matmult_mkn
396679.594   2055.495 # matmult_mkn
480109.594   2056.342 # matmult_mkn
581025.961   2053.263 # matmult_mkn
702810.375   2054.046 # matmult_mkn
850513.500   2072.154 # matmult_mkn
1028997.094   2059.772 # matmult_mkn
1245223.148   2059.941 # matmult_mkn
1506757.594   2060.282 # matmult_mkn
1823259.375   2055.885 # matmult_mkn
2206143.844   2060.115 # matmult_mkn
2669334.000   2081.763 # matmult_mkn
