   234.375   9029.386 # matmult_lib
   283.594   8626.284 # matmult_lib
   343.148   9554.660 # matmult_lib
   414.586   8589.695 # matmult_lib
   499.594   9605.358 # matmult_lib
   607.523   9853.102 # matmult_lib
   734.273   8533.888 # matmult_lib
   891.211   7740.652 # matmult_lib
  1073.344  10520.187 # matmult_lib
  1305.375  10032.362 # matmult_lib
  1572.211   9178.982 # matmult_lib
  1903.711   9772.783 # matmult_lib
  2310.844  10354.363 # matmult_lib
  2789.648   9210.774 # matmult_lib
  3384.375  10696.286 # matmult_lib
  4095.094  10767.734 # matmult_lib
  4937.836   9652.077 # matmult_lib
  5977.148   9499.156 # matmult_lib
  7245.375  10656.709 # matmult_lib
  8778.375  10804.556 # matmult_lib
 10615.523   9585.403 # matmult_lib
 12834.375  10832.567 # matmult_lib
 15529.594  10858.889 # matmult_lib
 18774.023  10067.621 # matmult_lib
 22739.648  10036.887 # matmult_lib
 27489.586  10391.727 # matmult_lib
 33301.500  10909.490 # matmult_lib
 40282.523  10052.076 # matmult_lib
 48735.094  10971.642 # matmult_lib
 58954.594  10982.248 # matmult_lib
 71367.773  10283.003 # matmult_lib
 86310.023  10158.585 # matmult_lib
104445.023  10276.433 # matmult_lib
126476.461  10547.143 # matmult_lib
153000.586  10296.941 # matmult_lib
185064.844  11049.026 # matmult_lib
223928.461  10473.744 # matmult_lib
270937.500  11067.048 # matmult_lib
327834.375  11074.685 # matmult_lib
396679.594  11100.913 # matmult_lib
480109.594  11098.604 # matmult_lib
581025.961  10587.908 # matmult_lib
702810.375  11107.118 # matmult_lib
850513.500  11123.100 # matmult_lib
1028997.094  11122.863 # matmult_lib
1245223.148  10648.805 # matmult_lib
1506757.594  11156.539 # matmult_lib
1823259.375  11131.316 # matmult_lib
2206143.844  11108.578 # matmult_lib
2669334.000  11139.637 # matmult_lib
