Architecture:          x86_64
CPU op-mode(s):        32-bit, 64-bit
Byte Order:            Little Endian
CPU(s):                20
On-line CPU(s) list:   0-19
Thread(s) per core:    1
Core(s) per socket:    10
Socket(s):             2
NUMA node(s):          2
Vendor ID:             GenuineIntel
CPU family:            6
Model:                 63
Model name:            Intel(R) Xeon(R) CPU E5-2660 v3 @ 2.60GHz
Stepping:              2
CPU MHz:               2899.926
CPU max MHz:           3300.0000
CPU min MHz:           1200.0000
BogoMIPS:              5187.98
Virtualization:        VT-x
L1d cache:             32K
L1i cache:             32K
L2 cache:              256K
L3 cache:              25600K
NUMA node0 CPU(s):     0-9
NUMA node1 CPU(s):     10-19
Flags:                 fpu vme de pse tsc msr pae mce cx8 apic sep mtrr pge mca cmov pat pse36 clflush dts acpi mmx fxsr sse sse2 ss ht tm pbe syscall nx pdpe1gb rdtscp lm constant_tsc arch_perfmon pebs bts rep_good nopl xtopology nonstop_tsc aperfmperf eagerfpu pni pclmulqdq dtes64 ds_cpl vmx smx est tm2 ssse3 sdbg fma cx16 xtpr pdcm pcid dca sse4_1 sse4_2 x2apic movbe popcnt tsc_deadline_timer aes xsave avx f16c rdrand lahf_lm abm epb invpcid_single intel_ppin ssbd ibrs ibpb stibp tpr_shadow vnmi flexpriority ept vpid fsgsbase tsc_adjust bmi1 avx2 smep bmi2 erms invpcid cqm xsaveopt cqm_llc cqm_occup_llc dtherm ida arat pln pts md_clear spec_ctrl intel_stibp flush_l1d
   234.375   9029.386 # matmult_lib
   283.594   8626.284 # matmult_lib
   343.148   9554.660 # matmult_lib
   414.586   8589.695 # matmult_lib
   499.594   9605.358 # matmult_lib
   607.523   9853.102 # matmult_lib
   734.273   8533.888 # matmult_lib
   891.211   7740.652 # matmult_lib
  1073.344  10520.187 # matmult_lib
  1305.375  10032.362 # matmult_lib
  1572.211   9178.982 # matmult_lib
  1903.711   9772.783 # matmult_lib
  2310.844  10354.363 # matmult_lib
  2789.648   9210.774 # matmult_lib
  3384.375  10696.286 # matmult_lib
  4095.094  10767.734 # matmult_lib
  4937.836   9652.077 # matmult_lib
  5977.148   9499.156 # matmult_lib
  7245.375  10656.709 # matmult_lib
  8778.375  10804.556 # matmult_lib
 10615.523   9585.403 # matmult_lib
 12834.375  10832.567 # matmult_lib
 15529.594  10858.889 # matmult_lib
 18774.023  10067.621 # matmult_lib
 22739.648  10036.887 # matmult_lib
 27489.586  10391.727 # matmult_lib
 33301.500  10909.490 # matmult_lib
 40282.523  10052.076 # matmult_lib
 48735.094  10971.642 # matmult_lib
 58954.594  10982.248 # matmult_lib
 71367.773  10283.003 # matmult_lib
 86310.023  10158.585 # matmult_lib
104445.023  10276.433 # matmult_lib
126476.461  10547.143 # matmult_lib
153000.586  10296.941 # matmult_lib
185064.844  11049.026 # matmult_lib
223928.461  10473.744 # matmult_lib
270937.500  11067.048 # matmult_lib
327834.375  11074.685 # matmult_lib
396679.594  11100.913 # matmult_lib
480109.594  11098.604 # matmult_lib
581025.961  10587.908 # matmult_lib
702810.375  11107.118 # matmult_lib
850513.500  11123.100 # matmult_lib
1028997.094  11122.863 # matmult_lib
1245223.148  10648.805 # matmult_lib
1506757.594  11156.539 # matmult_lib
1823259.375  11131.316 # matmult_lib
2206143.844  11108.578 # matmult_lib
2669334.000  11139.637 # matmult_lib

------------------------------------------------------------
Sender: LSF System <lsfadmin@hpc.dtu.dk>
Subject: Job 11940761: <mm_batch> in cluster <dcc> Done

Job <mm_batch> was submitted from host <n-62-27-18> by user <s212571> in cluster <dcc> at Wed Jan  5 15:50:47 2022
Job was executed on host(s) <n-62-28-30>, in queue <hpc>, as user <s212571> in cluster <dcc> at Wed Jan  5 15:50:48 2022
</zhome/6d/6/164418> was used as the home directory.
</zhome/6d/6/164418/hpc/week1/assign/bscripts> was used as the working directory.
Started at Wed Jan  5 15:50:48 2022
Terminated at Wed Jan  5 16:07:15 2022
Results reported at Wed Jan  5 16:07:15 2022

Your job looked like:

------------------------------------------------------------
# LSBATCH: User input
#!/bin/bash
# 02614 - High-Performance Computing, January 2022
# 
# batch script to run matmult on a decidated server in the hpcintro
# queue
#
# Author: Bernd Dammann <bd@cc.dtu.dk>
#
#BSUB -J mm_batch
#BSUB -o mm_batch_%J_lib.out
#BSUB -e mm_batch_%J_lib.err
#BSUB -q hpc
#BSUB -n 1
#BSUB -R "rusage[mem=4096]"
#BSUB -W 4:00
#BSUB -R "select[model == XeonE5_2660v3]"
# uncomment the following line, if you want to assure that your job has
# a whole CPU for itself (shared L3 cache)
# #BSUB -R "span[hosts=1] affinity[socket(1)]"

# define the driver name to use
# valid values: matmult_c.studio, matmult_f.studio, matmult_c.gcc or
# matmult_f.gcc
#
EXECUTABLE=matmult_c.gcc

# define the mkn values in the MKN variable
#
SIZES="100 110 121 133 146 161 177 195 214 236 259 285 314 345 380 418 459 505 556 612 673 740 814 895 985 1083 1192 1311 1442 1586 1745 1919 2111 2323 2555 2810 3091 3400 3740 4114 4526 4979 5476 6024 6626 7289 8018 8820 9702 10672"

PERM="lib"

# uncomment and set a reasonable BLKSIZE for the blk version
#
# BLKSIZE=1

# enable(1)/disable(0) result checking
export MATMULT_COMPARE=0
# export MATMULT_RESULTS={[0]|1}
# export MFLOPS_MIN_T=[3.0]
# export MFLOPS_MAX_IT=[infinity]

cd ..
lscpu
# start the collect command with the above settings
for S in $SIZES
do
    ./$EXECUTABLE $PERM $S $S $S $BLKSIZE
done

------------------------------------------------------------

Successfully completed.

Resource usage summary:

    CPU time :                                   985.51 sec.
    Max Memory :                                 2647 MB
    Average Memory :                             1747.73 MB
    Total Requested Memory :                     4096.00 MB
    Delta Memory :                               1449.00 MB
    Max Swap :                                   -
    Max Processes :                              4
    Max Threads :                                5
    Run time :                                   987 sec.
    Turnaround time :                            988 sec.

The output (if any) is above this job summary.



PS:

Read file <mm_batch_11940761_lib.err> for stderr output of this job.

