Architecture:          x86_64
CPU op-mode(s):        32-bit, 64-bit
Byte Order:            Little Endian
CPU(s):                20
On-line CPU(s) list:   0-19
Thread(s) per core:    1
Core(s) per socket:    10
Socket(s):             2
NUMA node(s):          2
Vendor ID:             GenuineIntel
CPU family:            6
Model:                 63
Model name:            Intel(R) Xeon(R) CPU E5-2660 v3 @ 2.60GHz
Stepping:              2
CPU MHz:               2600.000
CPU max MHz:           3300.0000
CPU min MHz:           1200.0000
BogoMIPS:              5188.49
Virtualization:        VT-x
L1d cache:             32K
L1i cache:             32K
L2 cache:              256K
L3 cache:              25600K
NUMA node0 CPU(s):     0-9
NUMA node1 CPU(s):     10-19
Flags:                 fpu vme de pse tsc msr pae mce cx8 apic sep mtrr pge mca cmov pat pse36 clflush dts acpi mmx fxsr sse sse2 ss ht tm pbe syscall nx pdpe1gb rdtscp lm constant_tsc arch_perfmon pebs bts rep_good nopl xtopology nonstop_tsc aperfmperf eagerfpu pni pclmulqdq dtes64 ds_cpl vmx smx est tm2 ssse3 sdbg fma cx16 xtpr pdcm pcid dca sse4_1 sse4_2 x2apic movbe popcnt tsc_deadline_timer aes xsave avx f16c rdrand lahf_lm abm epb invpcid_single intel_ppin ssbd ibrs ibpb stibp tpr_shadow vnmi flexpriority ept vpid fsgsbase tsc_adjust bmi1 avx2 smep bmi2 erms invpcid cqm xsaveopt cqm_llc cqm_occup_llc dtherm ida arat pln pts md_clear spec_ctrl intel_stibp flush_l1d
   234.375   2234.790 # matmult_blk 16
   283.594   2388.862 # matmult_blk 16
   343.148   2305.404 # matmult_blk 16
   414.586   2190.266 # matmult_blk 16
   499.594   2212.132 # matmult_blk 16
   607.523   2234.075 # matmult_blk 16
   734.273   2236.006 # matmult_blk 16
   891.211   2235.913 # matmult_blk 16
  1073.344   2278.492 # matmult_blk 16
  1305.375   2262.377 # matmult_blk 16
  1572.211   2271.019 # matmult_blk 16
  1903.711   2304.652 # matmult_blk 16
  2310.844   2306.027 # matmult_blk 16
  2789.648   2319.479 # matmult_blk 16
  3384.375   2282.948 # matmult_blk 16
  4095.094   2306.311 # matmult_blk 16
  4937.836   2328.790 # matmult_blk 16
  5977.148   2329.439 # matmult_blk 16
  7245.375   2276.318 # matmult_blk 16
  8778.375   2265.318 # matmult_blk 16
 10615.523   2305.279 # matmult_blk 16
 12834.375   2251.617 # matmult_blk 16
 15529.594   2291.189 # matmult_blk 16
 18774.023   2304.774 # matmult_blk 16
 22739.648   2294.792 # matmult_blk 16
 27489.586   2286.439 # matmult_blk 16
 33301.500   2175.716 # matmult_blk 16
 40282.523   2259.805 # matmult_blk 16
 48735.094   2202.096 # matmult_blk 16
 58954.594   2206.970 # matmult_blk 16
 71367.773   2212.169 # matmult_blk 16
 86310.023   2274.310 # matmult_blk 16
104445.023   2220.037 # matmult_blk 16
126476.461   2215.048 # matmult_blk 16
153000.586   2313.596 # matmult_blk 16
185064.844   2286.564 # matmult_blk 16
223928.461   2257.028 # matmult_blk 16
270937.500   2127.080 # matmult_blk 16
327834.375   2206.261 # matmult_blk 16
396679.594   2231.799 # matmult_blk 16
480109.594   2281.121 # matmult_blk 16
581025.961   2221.527 # matmult_blk 16
702810.375   2181.736 # matmult_blk 16
850513.500   2165.575 # matmult_blk 16
1028997.094   2229.108 # matmult_blk 16
1245223.148   2236.524 # matmult_blk 16
1506757.594   2272.904 # matmult_blk 16
1823259.375   2215.739 # matmult_blk 16
2206143.844   2240.552 # matmult_blk 16
2669334.000   2000.567 # matmult_blk 16

------------------------------------------------------------
Sender: LSF System <lsfadmin@hpc.dtu.dk>
Subject: Job 11941805: <mm_batch> in cluster <dcc> Done

Job <mm_batch> was submitted from host <n-62-27-18> by user <s212571> in cluster <dcc> at Wed Jan  5 16:23:07 2022
Job was executed on host(s) <n-62-28-29>, in queue <hpc>, as user <s212571> in cluster <dcc> at Wed Jan  5 16:23:09 2022
</zhome/6d/6/164418> was used as the home directory.
</zhome/6d/6/164418/hpc/week1/assign/bscripts_blk> was used as the working directory.
Started at Wed Jan  5 16:23:09 2022
Terminated at Wed Jan  5 17:39:47 2022
Results reported at Wed Jan  5 17:39:47 2022

Your job looked like:

------------------------------------------------------------
# LSBATCH: User input
#!/bin/bash
# 02614 - High-Performance Computing, January 2022
# 
# batch script to run matmult on a decidated server in the hpcintro
# queue
#
# Author: Bernd Dammann <bd@cc.dtu.dk>
#
#BSUB -J mm_batch
#BSUB -o mm_batch_%J_BLK_16.out
#BSUB -e mm_batch_%J_BLK_16.err
#BSUB -q hpc
#BSUB -n 1
#BSUB -R "rusage[mem=4096]"
#BSUB -W 4:00
#BSUB -R "select[model == XeonE5_2660v3]"
# uncomment the following line, if you want to assure that your job has
# a whole CPU for itself (shared L3 cache)
# #BSUB -R "span[hosts=1] affinity[socket(1)]"

# define the driver name to use
# valid values: matmult_c.studio, matmult_f.studio, matmult_c.gcc or
# matmult_f.gcc
#
EXECUTABLE=matmult_c.gcc

# define the mkn values in the MKN variable
#
SIZES="100 110 121 133 146 161 177 195 214 236 259 285 314 345 380 418 459 505 556 612 673 740 814 895 985 1083 1192 1311 1442 1586 1745 1919 2111 2323 2555 2810 3091 3400 3740 4114 4526 4979 5476 6024 6626 7289 8018 8820 9702 10672"

PERM="blk"

# uncomment and set a reasonable BLKSIZE for the blk version
#
BLKSIZE=16

# enable(1)/disable(0) result checking
export MATMULT_COMPARE=0
# export MATMULT_RESULTS={[0]|1}
# export MFLOPS_MIN_T=[3.0]
# export MFLOPS_MAX_IT=[infinity]

cd ..
lscpu
# start the collect command with the above settings
for S in $SIZES
do
    ./$EXECUTABLE $PERM $S $S $S $BLKSIZE
done

------------------------------------------------------------

Successfully completed.

Resource usage summary:

    CPU time :                                   4595.68 sec.
    Max Memory :                                 2611 MB
    Average Memory :                             1724.40 MB
    Total Requested Memory :                     4096.00 MB
    Delta Memory :                               1485.00 MB
    Max Swap :                                   -
    Max Processes :                              4
    Max Threads :                                5
    Run time :                                   4646 sec.
    Turnaround time :                            4600 sec.

The output (if any) is above this job summary.



PS:

Read file <mm_batch_11941805_BLK_16.err> for stderr output of this job.

