Architecture:          x86_64
CPU op-mode(s):        32-bit, 64-bit
Byte Order:            Little Endian
CPU(s):                20
On-line CPU(s) list:   0-19
Thread(s) per core:    1
Core(s) per socket:    10
Socket(s):             2
NUMA node(s):          2
Vendor ID:             GenuineIntel
CPU family:            6
Model:                 63
Model name:            Intel(R) Xeon(R) CPU E5-2660 v3 @ 2.60GHz
Stepping:              2
CPU MHz:               2899.926
CPU max MHz:           3300.0000
CPU min MHz:           1200.0000
BogoMIPS:              5188.40
Virtualization:        VT-x
L1d cache:             32K
L1i cache:             32K
L2 cache:              256K
L3 cache:              25600K
NUMA node0 CPU(s):     0-9
NUMA node1 CPU(s):     10-19
Flags:                 fpu vme de pse tsc msr pae mce cx8 apic sep mtrr pge mca cmov pat pse36 clflush dts acpi mmx fxsr sse sse2 ss ht tm pbe syscall nx pdpe1gb rdtscp lm constant_tsc arch_perfmon pebs bts rep_good nopl xtopology nonstop_tsc aperfmperf eagerfpu pni pclmulqdq dtes64 ds_cpl vmx smx est tm2 ssse3 sdbg fma cx16 xtpr pdcm pcid dca sse4_1 sse4_2 x2apic movbe popcnt tsc_deadline_timer aes xsave avx f16c rdrand lahf_lm abm epb invpcid_single intel_ppin ssbd ibrs ibpb stibp tpr_shadow vnmi flexpriority ept vpid fsgsbase tsc_adjust bmi1 avx2 smep bmi2 erms invpcid cqm xsaveopt cqm_llc cqm_occup_llc dtherm ida arat pln pts md_clear spec_ctrl intel_stibp flush_l1d
   234.375   1991.299 # matmult_blk 8
   283.594   2042.432 # matmult_blk 8
   343.148   1993.192 # matmult_blk 8
   414.586   1980.253 # matmult_blk 8
   499.594   1979.300 # matmult_blk 8
   607.523   1985.938 # matmult_blk 8
   734.273   1980.392 # matmult_blk 8
   891.211   1983.284 # matmult_blk 8
  1073.344   2012.129 # matmult_blk 8
  1305.375   1995.626 # matmult_blk 8
  1572.211   2001.177 # matmult_blk 8
  1903.711   2017.530 # matmult_blk 8
  2310.844   2012.339 # matmult_blk 8
  2789.648   2013.881 # matmult_blk 8
  3384.375   2011.584 # matmult_blk 8
  4095.094   2023.172 # matmult_blk 8
  4937.836   2022.831 # matmult_blk 8
  5977.148   2024.280 # matmult_blk 8
  7245.375   2019.587 # matmult_blk 8
  8778.375   2018.867 # matmult_blk 8
 10615.523   2024.702 # matmult_blk 8
 12834.375   2017.040 # matmult_blk 8
 15529.594   2030.407 # matmult_blk 8
 18774.023   2028.446 # matmult_blk 8
 22739.648   2027.083 # matmult_blk 8
 27489.586   2023.760 # matmult_blk 8
 33301.500   2004.802 # matmult_blk 8
 40282.523   2028.603 # matmult_blk 8
 48735.094   2030.403 # matmult_blk 8
 58954.594   2032.166 # matmult_blk 8
 71367.773   2029.946 # matmult_blk 8
 86310.023   2031.963 # matmult_blk 8
104445.023   2022.477 # matmult_blk 8
126476.461   2034.295 # matmult_blk 8
153000.586   2031.159 # matmult_blk 8
185064.844   2037.817 # matmult_blk 8
223928.461   2036.429 # matmult_blk 8
270937.500   2015.419 # matmult_blk 8
327834.375   2031.101 # matmult_blk 8
396679.594   2039.417 # matmult_blk 8
480109.594   2039.879 # matmult_blk 8
581025.961   2037.850 # matmult_blk 8
702810.375   2031.056 # matmult_blk 8
850513.500   2016.745 # matmult_blk 8
1028997.094   2041.307 # matmult_blk 8
1245223.148   2040.244 # matmult_blk 8
1506757.594   2040.941 # matmult_blk 8
1823259.375   2032.979 # matmult_blk 8
2206143.844   2041.634 # matmult_blk 8
2669334.000   1981.023 # matmult_blk 8

------------------------------------------------------------
Sender: LSF System <lsfadmin@hpc.dtu.dk>
Subject: Job 11941831: <mm_batch> in cluster <dcc> Done

Job <mm_batch> was submitted from host <n-62-27-18> by user <s212571> in cluster <dcc> at Wed Jan  5 16:23:12 2022
Job was executed on host(s) <n-62-28-28>, in queue <hpc>, as user <s212571> in cluster <dcc> at Wed Jan  5 16:23:14 2022
</zhome/6d/6/164418> was used as the home directory.
</zhome/6d/6/164418/hpc/week1/assign/bscripts_blk> was used as the working directory.
Started at Wed Jan  5 16:23:14 2022
Terminated at Wed Jan  5 17:45:22 2022
Results reported at Wed Jan  5 17:45:22 2022

Your job looked like:

------------------------------------------------------------
# LSBATCH: User input
#!/bin/bash
# 02614 - High-Performance Computing, January 2022
# 
# batch script to run matmult on a decidated server in the hpcintro
# queue
#
# Author: Bernd Dammann <bd@cc.dtu.dk>
#
#BSUB -J mm_batch
#BSUB -o mm_batch_%J_BLK_8.out
#BSUB -e mm_batch_%J_BLK_8.err
#BSUB -q hpc
#BSUB -n 1
#BSUB -R "rusage[mem=4096]"
#BSUB -W 4:00
#BSUB -R "select[model == XeonE5_2660v3]"
# uncomment the following line, if you want to assure that your job has
# a whole CPU for itself (shared L3 cache)
# #BSUB -R "span[hosts=1] affinity[socket(1)]"

# define the driver name to use
# valid values: matmult_c.studio, matmult_f.studio, matmult_c.gcc or
# matmult_f.gcc
#
EXECUTABLE=matmult_c.gcc

# define the mkn values in the MKN variable
#
SIZES="100 110 121 133 146 161 177 195 214 236 259 285 314 345 380 418 459 505 556 612 673 740 814 895 985 1083 1192 1311 1442 1586 1745 1919 2111 2323 2555 2810 3091 3400 3740 4114 4526 4979 5476 6024 6626 7289 8018 8820 9702 10672"

PERM="blk"

# uncomment and set a reasonable BLKSIZE for the blk version
#
BLKSIZE=8

# enable(1)/disable(0) result checking
export MATMULT_COMPARE=0
# export MATMULT_RESULTS={[0]|1}
# export MFLOPS_MIN_T=[3.0]
# export MFLOPS_MAX_IT=[infinity]

cd ..
lscpu
# start the collect command with the above settings
for S in $SIZES
do
    ./$EXECUTABLE $PERM $S $S $S $BLKSIZE
done

------------------------------------------------------------

Successfully completed.

Resource usage summary:

    CPU time :                                   4922.36 sec.
    Max Memory :                                 2611 MB
    Average Memory :                             1716.79 MB
    Total Requested Memory :                     4096.00 MB
    Delta Memory :                               1485.00 MB
    Max Swap :                                   -
    Max Processes :                              4
    Max Threads :                                5
    Run time :                                   4928 sec.
    Turnaround time :                            4930 sec.

The output (if any) is above this job summary.



PS:

Read file <mm_batch_11941831_BLK_8.err> for stderr output of this job.

