Architecture:          x86_64
CPU op-mode(s):        32-bit, 64-bit
Byte Order:            Little Endian
CPU(s):                20
On-line CPU(s) list:   0-19
Thread(s) per core:    1
Core(s) per socket:    10
Socket(s):             2
NUMA node(s):          2
Vendor ID:             GenuineIntel
CPU family:            6
Model:                 63
Model name:            Intel(R) Xeon(R) CPU E5-2660 v3 @ 2.60GHz
Stepping:              2
CPU MHz:               2899.926
CPU max MHz:           3300.0000
CPU min MHz:           1200.0000
BogoMIPS:              5188.40
Virtualization:        VT-x
L1d cache:             32K
L1i cache:             32K
L2 cache:              256K
L3 cache:              25600K
NUMA node0 CPU(s):     0-9
NUMA node1 CPU(s):     10-19
Flags:                 fpu vme de pse tsc msr pae mce cx8 apic sep mtrr pge mca cmov pat pse36 clflush dts acpi mmx fxsr sse sse2 ss ht tm pbe syscall nx pdpe1gb rdtscp lm constant_tsc arch_perfmon pebs bts rep_good nopl xtopology nonstop_tsc aperfmperf eagerfpu pni pclmulqdq dtes64 ds_cpl vmx smx est tm2 ssse3 sdbg fma cx16 xtpr pdcm pcid dca sse4_1 sse4_2 x2apic movbe popcnt tsc_deadline_timer aes xsave avx f16c rdrand lahf_lm abm epb invpcid_single intel_ppin ssbd ibrs ibpb stibp tpr_shadow vnmi flexpriority ept vpid fsgsbase tsc_adjust bmi1 avx2 smep bmi2 erms invpcid cqm xsaveopt cqm_llc cqm_occup_llc dtherm ida arat pln pts md_clear spec_ctrl intel_stibp flush_l1d
   234.375   1878.441 # matmult_blk 6
   283.594   1897.608 # matmult_blk 6
   343.148   1883.216 # matmult_blk 6
   414.586   1867.782 # matmult_blk 6
   499.594   1881.943 # matmult_blk 6
   607.523   1899.169 # matmult_blk 6
   734.273   1885.784 # matmult_blk 6
   891.211   1886.772 # matmult_blk 6
  1073.344   1898.014 # matmult_blk 6
  1305.375   1895.728 # matmult_blk 6
  1572.211   1890.968 # matmult_blk 6
  1903.711   1900.775 # matmult_blk 6
  2310.844   1902.205 # matmult_blk 6
  2789.648   1902.286 # matmult_blk 6
  3384.375   1906.063 # matmult_blk 6
  4095.094   1912.663 # matmult_blk 6
  4937.836   1910.235 # matmult_blk 6
  5977.148   1907.452 # matmult_blk 6
  7245.375   1911.696 # matmult_blk 6
  8778.375   1915.527 # matmult_blk 6
 10615.523   1906.862 # matmult_blk 6
 12834.375   1910.358 # matmult_blk 6
 15529.594   1910.792 # matmult_blk 6
 18774.023   1904.847 # matmult_blk 6
 22739.648   1905.922 # matmult_blk 6
 27489.586   1910.368 # matmult_blk 6
 33301.500   1902.496 # matmult_blk 6
 40282.523   1911.764 # matmult_blk 6
 48735.094   1915.544 # matmult_blk 6
 58954.594   1916.330 # matmult_blk 6
 71367.773   1913.060 # matmult_blk 6
 86310.023   1916.081 # matmult_blk 6
104445.023   1905.624 # matmult_blk 6
126476.461   1917.443 # matmult_blk 6
153000.586   1913.856 # matmult_blk 6
185064.844   1921.854 # matmult_blk 6
223928.461   1919.523 # matmult_blk 6
270937.500   1908.173 # matmult_blk 6
327834.375   1920.929 # matmult_blk 6
396679.594   1920.977 # matmult_blk 6
480109.594   1921.388 # matmult_blk 6
581025.961   1919.141 # matmult_blk 6
702810.375   1920.103 # matmult_blk 6
850513.500   1908.557 # matmult_blk 6
1028997.094   1921.099 # matmult_blk 6
1245223.148   1917.754 # matmult_blk 6
1506757.594   1923.211 # matmult_blk 6
1823259.375   1920.721 # matmult_blk 6
2206143.844   1921.056 # matmult_blk 6
2669334.000   1808.893 # matmult_blk 6

------------------------------------------------------------
Sender: LSF System <lsfadmin@hpc.dtu.dk>
Subject: Job 11941828: <mm_batch> in cluster <dcc> Done

Job <mm_batch> was submitted from host <n-62-27-18> by user <s212571> in cluster <dcc> at Wed Jan  5 16:23:12 2022
Job was executed on host(s) <n-62-28-28>, in queue <hpc>, as user <s212571> in cluster <dcc> at Wed Jan  5 16:23:12 2022
</zhome/6d/6/164418> was used as the home directory.
</zhome/6d/6/164418/hpc/week1/assign/bscripts_blk> was used as the working directory.
Started at Wed Jan  5 16:23:12 2022
Terminated at Wed Jan  5 17:50:50 2022
Results reported at Wed Jan  5 17:50:50 2022

Your job looked like:

------------------------------------------------------------
# LSBATCH: User input
#!/bin/bash
# 02614 - High-Performance Computing, January 2022
# 
# batch script to run matmult on a decidated server in the hpcintro
# queue
#
# Author: Bernd Dammann <bd@cc.dtu.dk>
#
#BSUB -J mm_batch
#BSUB -o mm_batch_%J_BLK_6.out
#BSUB -e mm_batch_%J_BLK_6.err
#BSUB -q hpc
#BSUB -n 1
#BSUB -R "rusage[mem=4096]"
#BSUB -W 4:00
#BSUB -R "select[model == XeonE5_2660v3]"
# uncomment the following line, if you want to assure that your job has
# a whole CPU for itself (shared L3 cache)
# #BSUB -R "span[hosts=1] affinity[socket(1)]"

# define the driver name to use
# valid values: matmult_c.studio, matmult_f.studio, matmult_c.gcc or
# matmult_f.gcc
#
EXECUTABLE=matmult_c.gcc

# define the mkn values in the MKN variable
#
SIZES="100 110 121 133 146 161 177 195 214 236 259 285 314 345 380 418 459 505 556 612 673 740 814 895 985 1083 1192 1311 1442 1586 1745 1919 2111 2323 2555 2810 3091 3400 3740 4114 4526 4979 5476 6024 6626 7289 8018 8820 9702 10672"

PERM="blk"

# uncomment and set a reasonable BLKSIZE for the blk version
#
BLKSIZE=6

# enable(1)/disable(0) result checking
export MATMULT_COMPARE=0
# export MATMULT_RESULTS={[0]|1}
# export MFLOPS_MIN_T=[3.0]
# export MFLOPS_MAX_IT=[infinity]

cd ..
lscpu
# start the collect command with the above settings
for S in $SIZES
do
    ./$EXECUTABLE $PERM $S $S $S $BLKSIZE
done

------------------------------------------------------------

Successfully completed.

Resource usage summary:

    CPU time :                                   5255.80 sec.
    Max Memory :                                 2611 MB
    Average Memory :                             1722.31 MB
    Total Requested Memory :                     4096.00 MB
    Delta Memory :                               1485.00 MB
    Max Swap :                                   -
    Max Processes :                              4
    Max Threads :                                5
    Run time :                                   5259 sec.
    Turnaround time :                            5258 sec.

The output (if any) is above this job summary.



PS:

Read file <mm_batch_11941828_BLK_6.err> for stderr output of this job.

