Architecture:          x86_64
CPU op-mode(s):        32-bit, 64-bit
Byte Order:            Little Endian
CPU(s):                20
On-line CPU(s) list:   0-19
Thread(s) per core:    1
Core(s) per socket:    10
Socket(s):             2
NUMA node(s):          2
Vendor ID:             GenuineIntel
CPU family:            6
Model:                 63
Model name:            Intel(R) Xeon(R) CPU E5-2660 v3 @ 2.60GHz
Stepping:              2
CPU MHz:               2899.926
CPU max MHz:           3300.0000
CPU min MHz:           1200.0000
BogoMIPS:              5188.40
Virtualization:        VT-x
L1d cache:             32K
L1i cache:             32K
L2 cache:              256K
L3 cache:              25600K
NUMA node0 CPU(s):     0-9
NUMA node1 CPU(s):     10-19
Flags:                 fpu vme de pse tsc msr pae mce cx8 apic sep mtrr pge mca cmov pat pse36 clflush dts acpi mmx fxsr sse sse2 ss ht tm pbe syscall nx pdpe1gb rdtscp lm constant_tsc arch_perfmon pebs bts rep_good nopl xtopology nonstop_tsc aperfmperf eagerfpu pni pclmulqdq dtes64 ds_cpl vmx smx est tm2 ssse3 sdbg fma cx16 xtpr pdcm pcid dca sse4_1 sse4_2 x2apic movbe popcnt tsc_deadline_timer aes xsave avx f16c rdrand lahf_lm abm epb invpcid_single intel_ppin ssbd ibrs ibpb stibp tpr_shadow vnmi flexpriority ept vpid fsgsbase tsc_adjust bmi1 avx2 smep bmi2 erms invpcid cqm xsaveopt cqm_llc cqm_occup_llc dtherm ida arat pln pts md_clear spec_ctrl intel_stibp flush_l1d
   234.375   1895.876 # matmult_blk 7
   283.594   1955.128 # matmult_blk 7
   343.148   1924.480 # matmult_blk 7
   414.586   1917.024 # matmult_blk 7
   499.594   1926.974 # matmult_blk 7
   607.523   1932.191 # matmult_blk 7
   734.273   1909.855 # matmult_blk 7
   891.211   1924.241 # matmult_blk 7
  1073.344   1931.478 # matmult_blk 7
  1305.375   1936.636 # matmult_blk 7
  1572.211   1938.710 # matmult_blk 7
  1903.711   1940.710 # matmult_blk 7
  2310.844   1942.801 # matmult_blk 7
  2789.648   1938.010 # matmult_blk 7
  3384.375   1936.975 # matmult_blk 7
  4095.094   1949.028 # matmult_blk 7
  4937.836   1946.831 # matmult_blk 7
  5977.148   1943.874 # matmult_blk 7
  7245.375   1940.884 # matmult_blk 7
  8778.375   1941.612 # matmult_blk 7
 10615.523   1942.587 # matmult_blk 7
 12834.375   1941.914 # matmult_blk 7
 15529.594   1942.020 # matmult_blk 7
 18774.023   1942.181 # matmult_blk 7
 22739.648   1945.763 # matmult_blk 7
 27489.586   1947.201 # matmult_blk 7
 33301.500   1928.849 # matmult_blk 7
 40282.523   1945.587 # matmult_blk 7
 48735.094   1950.043 # matmult_blk 7
 58954.594   1949.639 # matmult_blk 7
 71367.773   1949.322 # matmult_blk 7
 86310.023   1951.468 # matmult_blk 7
104445.023   1940.666 # matmult_blk 7
126476.461   1953.974 # matmult_blk 7
153000.586   1950.598 # matmult_blk 7
185064.844   1955.250 # matmult_blk 7
223928.461   1955.104 # matmult_blk 7
270937.500   1939.031 # matmult_blk 7
327834.375   1949.715 # matmult_blk 7
396679.594   1954.064 # matmult_blk 7
480109.594   1954.278 # matmult_blk 7
581025.961   1954.394 # matmult_blk 7
702810.375   1950.985 # matmult_blk 7
850513.500   1939.585 # matmult_blk 7
1028997.094   1954.789 # matmult_blk 7
1245223.148   1953.057 # matmult_blk 7
1506757.594   1956.407 # matmult_blk 7
1823259.375   1952.173 # matmult_blk 7
2206143.844   1954.360 # matmult_blk 7
2669334.000   1907.076 # matmult_blk 7

------------------------------------------------------------
Sender: LSF System <lsfadmin@hpc.dtu.dk>
Subject: Job 11941830: <mm_batch> in cluster <dcc> Done

Job <mm_batch> was submitted from host <n-62-27-18> by user <s212571> in cluster <dcc> at Wed Jan  5 16:23:12 2022
Job was executed on host(s) <n-62-28-28>, in queue <hpc>, as user <s212571> in cluster <dcc> at Wed Jan  5 16:23:14 2022
</zhome/6d/6/164418> was used as the home directory.
</zhome/6d/6/164418/hpc/week1/assign/bscripts_blk> was used as the working directory.
Started at Wed Jan  5 16:23:14 2022
Terminated at Wed Jan  5 17:48:38 2022
Results reported at Wed Jan  5 17:48:38 2022

Your job looked like:

------------------------------------------------------------
# LSBATCH: User input
#!/bin/bash
# 02614 - High-Performance Computing, January 2022
# 
# batch script to run matmult on a decidated server in the hpcintro
# queue
#
# Author: Bernd Dammann <bd@cc.dtu.dk>
#
#BSUB -J mm_batch
#BSUB -o mm_batch_%J_BLK_7.out
#BSUB -e mm_batch_%J_BLK_7.err
#BSUB -q hpc
#BSUB -n 1
#BSUB -R "rusage[mem=4096]"
#BSUB -W 4:00
#BSUB -R "select[model == XeonE5_2660v3]"
# uncomment the following line, if you want to assure that your job has
# a whole CPU for itself (shared L3 cache)
# #BSUB -R "span[hosts=1] affinity[socket(1)]"

# define the driver name to use
# valid values: matmult_c.studio, matmult_f.studio, matmult_c.gcc or
# matmult_f.gcc
#
EXECUTABLE=matmult_c.gcc

# define the mkn values in the MKN variable
#
SIZES="100 110 121 133 146 161 177 195 214 236 259 285 314 345 380 418 459 505 556 612 673 740 814 895 985 1083 1192 1311 1442 1586 1745 1919 2111 2323 2555 2810 3091 3400 3740 4114 4526 4979 5476 6024 6626 7289 8018 8820 9702 10672"

PERM="blk"

# uncomment and set a reasonable BLKSIZE for the blk version
#
BLKSIZE=7

# enable(1)/disable(0) result checking
export MATMULT_COMPARE=0
# export MATMULT_RESULTS={[0]|1}
# export MFLOPS_MIN_T=[3.0]
# export MFLOPS_MAX_IT=[infinity]

cd ..
lscpu
# start the collect command with the above settings
for S in $SIZES
do
    ./$EXECUTABLE $PERM $S $S $S $BLKSIZE
done

------------------------------------------------------------

Successfully completed.

Resource usage summary:

    CPU time :                                   5123.16 sec.
    Max Memory :                                 2611 MB
    Average Memory :                             1707.34 MB
    Total Requested Memory :                     4096.00 MB
    Delta Memory :                               1485.00 MB
    Max Swap :                                   -
    Max Processes :                              4
    Max Threads :                                5
    Run time :                                   5124 sec.
    Turnaround time :                            5126 sec.

The output (if any) is above this job summary.



PS:

Read file <mm_batch_11941830_BLK_7.err> for stderr output of this job.

