Architecture:          x86_64
CPU op-mode(s):        32-bit, 64-bit
Byte Order:            Little Endian
CPU(s):                20
On-line CPU(s) list:   0-19
Thread(s) per core:    1
Core(s) per socket:    10
Socket(s):             2
NUMA node(s):          2
Vendor ID:             GenuineIntel
CPU family:            6
Model:                 63
Model name:            Intel(R) Xeon(R) CPU E5-2660 v3 @ 2.60GHz
Stepping:              2
CPU MHz:               2899.926
CPU max MHz:           3300.0000
CPU min MHz:           1200.0000
BogoMIPS:              5188.40
Virtualization:        VT-x
L1d cache:             32K
L1i cache:             32K
L2 cache:              256K
L3 cache:              25600K
NUMA node0 CPU(s):     0-9
NUMA node1 CPU(s):     10-19
Flags:                 fpu vme de pse tsc msr pae mce cx8 apic sep mtrr pge mca cmov pat pse36 clflush dts acpi mmx fxsr sse sse2 ss ht tm pbe syscall nx pdpe1gb rdtscp lm constant_tsc arch_perfmon pebs bts rep_good nopl xtopology nonstop_tsc aperfmperf eagerfpu pni pclmulqdq dtes64 ds_cpl vmx smx est tm2 ssse3 sdbg fma cx16 xtpr pdcm pcid dca sse4_1 sse4_2 x2apic movbe popcnt tsc_deadline_timer aes xsave avx f16c rdrand lahf_lm abm epb invpcid_single intel_ppin ssbd ibrs ibpb stibp tpr_shadow vnmi flexpriority ept vpid fsgsbase tsc_adjust bmi1 avx2 smep bmi2 erms invpcid cqm xsaveopt cqm_llc cqm_occup_llc dtherm ida arat pln pts md_clear spec_ctrl intel_stibp flush_l1d
   234.375   2303.105 # matmult_blk 9
   283.594   2377.659 # matmult_blk 9
   343.148   2335.041 # matmult_blk 9
   414.586   2277.340 # matmult_blk 9
   499.594   2293.248 # matmult_blk 9
   607.523   2323.121 # matmult_blk 9
   734.273   2308.096 # matmult_blk 9
   891.211   2310.615 # matmult_blk 9
  1073.344   2336.264 # matmult_blk 9
  1305.375   2315.762 # matmult_blk 9
  1572.211   2336.916 # matmult_blk 9
  1903.711   2352.089 # matmult_blk 9
  2310.844   2360.020 # matmult_blk 9
  2789.648   2360.272 # matmult_blk 9
  3384.375   2345.351 # matmult_blk 9
  4095.094   2370.469 # matmult_blk 9
  4937.836   2385.985 # matmult_blk 9
  5977.148   2376.188 # matmult_blk 9
  7245.375   2358.720 # matmult_blk 9
  8778.375   2366.658 # matmult_blk 9
 10615.523   2380.997 # matmult_blk 9
 12834.375   2356.895 # matmult_blk 9
 15529.594   2380.410 # matmult_blk 9
 18774.023   2381.611 # matmult_blk 9
 22739.648   2381.033 # matmult_blk 9
 27489.586   2379.356 # matmult_blk 9
 33301.500   2316.545 # matmult_blk 9
 40282.523   2383.694 # matmult_blk 9
 48735.094   2381.796 # matmult_blk 9
 58954.594   2382.793 # matmult_blk 9
 71367.773   2387.032 # matmult_blk 9
 86310.023   2386.222 # matmult_blk 9
104445.023   2372.119 # matmult_blk 9
126476.461   2390.962 # matmult_blk 9
153000.586   2381.408 # matmult_blk 9
185064.844   2389.889 # matmult_blk 9
223928.461   2393.300 # matmult_blk 9
270937.500   2328.337 # matmult_blk 9
327834.375   2373.481 # matmult_blk 9
396679.594   2385.861 # matmult_blk 9
480109.594   2395.270 # matmult_blk 9
581025.961   2396.462 # matmult_blk 9
702810.375   2372.824 # matmult_blk 9
850513.500   2329.830 # matmult_blk 9
1028997.094   2397.158 # matmult_blk 9
1245223.148   2398.116 # matmult_blk 9
1506757.594   2394.704 # matmult_blk 9
1823259.375   2375.759 # matmult_blk 9
2206143.844   2398.114 # matmult_blk 9
2669334.000   2254.808 # matmult_blk 9

------------------------------------------------------------
Sender: LSF System <lsfadmin@hpc.dtu.dk>
Subject: Job 11941832: <mm_batch> in cluster <dcc> Done

Job <mm_batch> was submitted from host <n-62-27-18> by user <s212571> in cluster <dcc> at Wed Jan  5 16:23:12 2022
Job was executed on host(s) <n-62-28-28>, in queue <hpc>, as user <s212571> in cluster <dcc> at Wed Jan  5 16:23:14 2022
</zhome/6d/6/164418> was used as the home directory.
</zhome/6d/6/164418/hpc/week1/assign/bscripts_blk> was used as the working directory.
Started at Wed Jan  5 16:23:14 2022
Terminated at Wed Jan  5 17:33:59 2022
Results reported at Wed Jan  5 17:33:59 2022

Your job looked like:

------------------------------------------------------------
# LSBATCH: User input
#!/bin/bash
# 02614 - High-Performance Computing, January 2022
# 
# batch script to run matmult on a decidated server in the hpcintro
# queue
#
# Author: Bernd Dammann <bd@cc.dtu.dk>
#
#BSUB -J mm_batch
#BSUB -o mm_batch_%J_BLK_9.out
#BSUB -e mm_batch_%J_BLK_9.err
#BSUB -q hpc
#BSUB -n 1
#BSUB -R "rusage[mem=4096]"
#BSUB -W 4:00
#BSUB -R "select[model == XeonE5_2660v3]"
# uncomment the following line, if you want to assure that your job has
# a whole CPU for itself (shared L3 cache)
# #BSUB -R "span[hosts=1] affinity[socket(1)]"

# define the driver name to use
# valid values: matmult_c.studio, matmult_f.studio, matmult_c.gcc or
# matmult_f.gcc
#
EXECUTABLE=matmult_c.gcc

# define the mkn values in the MKN variable
#
SIZES="100 110 121 133 146 161 177 195 214 236 259 285 314 345 380 418 459 505 556 612 673 740 814 895 985 1083 1192 1311 1442 1586 1745 1919 2111 2323 2555 2810 3091 3400 3740 4114 4526 4979 5476 6024 6626 7289 8018 8820 9702 10672"

PERM="blk"

# uncomment and set a reasonable BLKSIZE for the blk version
#
BLKSIZE=9

# enable(1)/disable(0) result checking
export MATMULT_COMPARE=0
# export MATMULT_RESULTS={[0]|1}
# export MFLOPS_MIN_T=[3.0]
# export MFLOPS_MAX_IT=[infinity]

cd ..
lscpu
# start the collect command with the above settings
for S in $SIZES
do
    ./$EXECUTABLE $PERM $S $S $S $BLKSIZE
done

------------------------------------------------------------

Successfully completed.

Resource usage summary:

    CPU time :                                   4244.24 sec.
    Max Memory :                                 2611 MB
    Average Memory :                             1714.51 MB
    Total Requested Memory :                     4096.00 MB
    Delta Memory :                               1485.00 MB
    Max Swap :                                   -
    Max Processes :                              4
    Max Threads :                                5
    Run time :                                   4245 sec.
    Turnaround time :                            4247 sec.

The output (if any) is above this job summary.



PS:

Read file <mm_batch_11941832_BLK_9.err> for stderr output of this job.

