Architecture:          x86_64
CPU op-mode(s):        32-bit, 64-bit
Byte Order:            Little Endian
CPU(s):                20
On-line CPU(s) list:   0-19
Thread(s) per core:    1
Core(s) per socket:    10
Socket(s):             2
NUMA node(s):          2
Vendor ID:             GenuineIntel
CPU family:            6
Model:                 63
Model name:            Intel(R) Xeon(R) CPU E5-2660 v3 @ 2.60GHz
Stepping:              2
CPU MHz:               2899.926
CPU max MHz:           3300.0000
CPU min MHz:           1200.0000
BogoMIPS:              5187.79
Virtualization:        VT-x
L1d cache:             32K
L1i cache:             32K
L2 cache:              256K
L3 cache:              25600K
NUMA node0 CPU(s):     0-9
NUMA node1 CPU(s):     10-19
Flags:                 fpu vme de pse tsc msr pae mce cx8 apic sep mtrr pge mca cmov pat pse36 clflush dts acpi mmx fxsr sse sse2 ss ht tm pbe syscall nx pdpe1gb rdtscp lm constant_tsc arch_perfmon pebs bts rep_good nopl xtopology nonstop_tsc aperfmperf eagerfpu pni pclmulqdq dtes64 ds_cpl vmx smx est tm2 ssse3 sdbg fma cx16 xtpr pdcm pcid dca sse4_1 sse4_2 x2apic movbe popcnt tsc_deadline_timer aes xsave avx f16c rdrand lahf_lm abm epb invpcid_single intel_ppin ssbd ibrs ibpb stibp tpr_shadow vnmi flexpriority ept vpid fsgsbase tsc_adjust bmi1 avx2 smep bmi2 erms invpcid cqm xsaveopt cqm_llc cqm_occup_llc dtherm ida arat pln pts md_clear spec_ctrl intel_stibp flush_l1d
   234.375   2223.686 # matmult_blk 14
   283.594   2393.613 # matmult_blk 14
   343.148   2308.204 # matmult_blk 14
   414.586   2201.720 # matmult_blk 14
   499.594   2228.891 # matmult_blk 14
   607.523   2242.643 # matmult_blk 14
   734.273   2263.850 # matmult_blk 14
   891.211   2260.499 # matmult_blk 14
  1073.344   2259.811 # matmult_blk 14
  1305.375   2259.840 # matmult_blk 14
  1572.211   2278.042 # matmult_blk 14
  1903.711   2290.953 # matmult_blk 14
  2310.844   2293.306 # matmult_blk 14
  2789.648   2319.878 # matmult_blk 14
  3384.375   2271.344 # matmult_blk 14
  4095.094   2322.127 # matmult_blk 14
  4937.836   2332.451 # matmult_blk 14
  5977.148   2325.084 # matmult_blk 14
  7245.375   2288.367 # matmult_blk 14
  8778.375   2287.929 # matmult_blk 14
 10615.523   2318.747 # matmult_blk 14
 12834.375   2279.626 # matmult_blk 14
 15529.594   2309.813 # matmult_blk 14
 18774.023   2322.378 # matmult_blk 14
 22739.648   2317.631 # matmult_blk 14
 27489.586   2319.484 # matmult_blk 14
 33301.500   2204.478 # matmult_blk 14
 40282.523   2321.587 # matmult_blk 14
 48735.094   2315.485 # matmult_blk 14
 58954.594   2314.691 # matmult_blk 14
 71367.773   2326.727 # matmult_blk 14
 86310.023   2325.011 # matmult_blk 14
104445.023   2316.465 # matmult_blk 14
126476.461   2332.472 # matmult_blk 14
153000.586   2325.126 # matmult_blk 14
185064.844   2325.090 # matmult_blk 14
223928.461   2329.221 # matmult_blk 14
270937.500   2223.296 # matmult_blk 14
327834.375   2294.585 # matmult_blk 14
396679.594   2298.252 # matmult_blk 14
480109.594   2333.631 # matmult_blk 14
581025.961   2342.375 # matmult_blk 14
702810.375   2292.079 # matmult_blk 14
850513.500   2224.852 # matmult_blk 14
1028997.094   2334.101 # matmult_blk 14
1245223.148   2343.910 # matmult_blk 14
1506757.594   2334.982 # matmult_blk 14
1823259.375   2297.928 # matmult_blk 14
2206143.844   2337.447 # matmult_blk 14
2669334.000   2094.411 # matmult_blk 14

------------------------------------------------------------
Sender: LSF System <lsfadmin@hpc.dtu.dk>
Subject: Job 11941803: <mm_batch> in cluster <dcc> Done

Job <mm_batch> was submitted from host <n-62-27-18> by user <s212571> in cluster <dcc> at Wed Jan  5 16:23:07 2022
Job was executed on host(s) <n-62-28-33>, in queue <hpc>, as user <s212571> in cluster <dcc> at Wed Jan  5 16:23:08 2022
</zhome/6d/6/164418> was used as the home directory.
</zhome/6d/6/164418/hpc/week1/assign/bscripts_blk> was used as the working directory.
Started at Wed Jan  5 16:23:08 2022
Terminated at Wed Jan  5 17:36:46 2022
Results reported at Wed Jan  5 17:36:46 2022

Your job looked like:

------------------------------------------------------------
# LSBATCH: User input
#!/bin/bash
# 02614 - High-Performance Computing, January 2022
# 
# batch script to run matmult on a decidated server in the hpcintro
# queue
#
# Author: Bernd Dammann <bd@cc.dtu.dk>
#
#BSUB -J mm_batch
#BSUB -o mm_batch_%J_BLK_14.out
#BSUB -e mm_batch_%J_BLK_14.err
#BSUB -q hpc
#BSUB -n 1
#BSUB -R "rusage[mem=4096]"
#BSUB -W 4:00
#BSUB -R "select[model == XeonE5_2660v3]"
# uncomment the following line, if you want to assure that your job has
# a whole CPU for itself (shared L3 cache)
# #BSUB -R "span[hosts=1] affinity[socket(1)]"

# define the driver name to use
# valid values: matmult_c.studio, matmult_f.studio, matmult_c.gcc or
# matmult_f.gcc
#
EXECUTABLE=matmult_c.gcc

# define the mkn values in the MKN variable
#
SIZES="100 110 121 133 146 161 177 195 214 236 259 285 314 345 380 418 459 505 556 612 673 740 814 895 985 1083 1192 1311 1442 1586 1745 1919 2111 2323 2555 2810 3091 3400 3740 4114 4526 4979 5476 6024 6626 7289 8018 8820 9702 10672"

PERM="blk"

# uncomment and set a reasonable BLKSIZE for the blk version
#
BLKSIZE=14

# enable(1)/disable(0) result checking
export MATMULT_COMPARE=0
# export MATMULT_RESULTS={[0]|1}
# export MFLOPS_MIN_T=[3.0]
# export MFLOPS_MAX_IT=[infinity]

cd ..
lscpu
# start the collect command with the above settings
for S in $SIZES
do
    ./$EXECUTABLE $PERM $S $S $S $BLKSIZE
done

------------------------------------------------------------

Successfully completed.

Resource usage summary:

    CPU time :                                   4416.34 sec.
    Max Memory :                                 2611 MB
    Average Memory :                             1710.79 MB
    Total Requested Memory :                     4096.00 MB
    Delta Memory :                               1485.00 MB
    Max Swap :                                   -
    Max Processes :                              4
    Max Threads :                                5
    Run time :                                   4418 sec.
    Turnaround time :                            4419 sec.

The output (if any) is above this job summary.



PS:

Read file <mm_batch_11941803_BLK_14.err> for stderr output of this job.

