Architecture:          x86_64
CPU op-mode(s):        32-bit, 64-bit
Byte Order:            Little Endian
CPU(s):                20
On-line CPU(s) list:   0-19
Thread(s) per core:    1
Core(s) per socket:    10
Socket(s):             2
NUMA node(s):          2
Vendor ID:             GenuineIntel
CPU family:            6
Model:                 63
Model name:            Intel(R) Xeon(R) CPU E5-2660 v3 @ 2.60GHz
Stepping:              2
CPU MHz:               2600.000
CPU max MHz:           3300.0000
CPU min MHz:           1200.0000
BogoMIPS:              5188.49
Virtualization:        VT-x
L1d cache:             32K
L1i cache:             32K
L2 cache:              256K
L3 cache:              25600K
NUMA node0 CPU(s):     0-9
NUMA node1 CPU(s):     10-19
Flags:                 fpu vme de pse tsc msr pae mce cx8 apic sep mtrr pge mca cmov pat pse36 clflush dts acpi mmx fxsr sse sse2 ss ht tm pbe syscall nx pdpe1gb rdtscp lm constant_tsc arch_perfmon pebs bts rep_good nopl xtopology nonstop_tsc aperfmperf eagerfpu pni pclmulqdq dtes64 ds_cpl vmx smx est tm2 ssse3 sdbg fma cx16 xtpr pdcm pcid dca sse4_1 sse4_2 x2apic movbe popcnt tsc_deadline_timer aes xsave avx f16c rdrand lahf_lm abm epb invpcid_single intel_ppin ssbd ibrs ibpb stibp tpr_shadow vnmi flexpriority ept vpid fsgsbase tsc_adjust bmi1 avx2 smep bmi2 erms invpcid cqm xsaveopt cqm_llc cqm_occup_llc dtherm ida arat pln pts md_clear spec_ctrl intel_stibp flush_l1d
   234.375   2349.180 # matmult_blk 19
   283.594   2515.706 # matmult_blk 19
   343.148   2386.496 # matmult_blk 19
   414.586   2302.414 # matmult_blk 19
   499.594   2332.892 # matmult_blk 19
   607.523   2355.309 # matmult_blk 19
   734.273   2328.560 # matmult_blk 19
   891.211   2334.522 # matmult_blk 19
  1073.344   2372.650 # matmult_blk 19
  1305.375   2353.056 # matmult_blk 19
  1572.211   2393.400 # matmult_blk 19
  1903.711   2407.368 # matmult_blk 19
  2310.844   2398.151 # matmult_blk 19
  2789.648   2405.841 # matmult_blk 19
  3384.375   2388.080 # matmult_blk 19
  4095.094   2431.696 # matmult_blk 19
  4937.836   2433.312 # matmult_blk 19
  5977.148   2399.852 # matmult_blk 19
  7245.375   2328.616 # matmult_blk 19
  8778.375   2308.743 # matmult_blk 19
 10615.523   2246.327 # matmult_blk 19
 12834.375   2235.268 # matmult_blk 19
 15529.594   2122.772 # matmult_blk 19
 18774.023   2100.711 # matmult_blk 19
 22739.648   2047.286 # matmult_blk 19
 27489.586   2018.892 # matmult_blk 19
 33301.500   2117.833 # matmult_blk 19
 40282.523   2052.888 # matmult_blk 19
 48735.094   2074.679 # matmult_blk 19
 58954.594   2061.818 # matmult_blk 19
 71367.773   2027.795 # matmult_blk 19
 86310.023   2065.172 # matmult_blk 19
104445.023   2040.389 # matmult_blk 19
126476.461   2008.269 # matmult_blk 19
153000.586   2059.376 # matmult_blk 19
185064.844   2071.967 # matmult_blk 19
223928.461   2027.160 # matmult_blk 19
270937.500   2108.752 # matmult_blk 19
327834.375   2142.995 # matmult_blk 19
396679.594   2053.720 # matmult_blk 19
480109.594   2090.520 # matmult_blk 19
581025.961   2019.043 # matmult_blk 19
702810.375   2148.373 # matmult_blk 19
850513.500   2106.405 # matmult_blk 19
1028997.094   2078.609 # matmult_blk 19
1245223.148   2022.136 # matmult_blk 19
1506757.594   2100.279 # matmult_blk 19
1823259.375   2167.961 # matmult_blk 19
2206143.844   2035.260 # matmult_blk 19
2669334.000   1910.902 # matmult_blk 19

------------------------------------------------------------
Sender: LSF System <lsfadmin@hpc.dtu.dk>
Subject: Job 11941808: <mm_batch> in cluster <dcc> Done

Job <mm_batch> was submitted from host <n-62-27-18> by user <s212571> in cluster <dcc> at Wed Jan  5 16:23:08 2022
Job was executed on host(s) <n-62-28-29>, in queue <hpc>, as user <s212571> in cluster <dcc> at Wed Jan  5 16:23:09 2022
</zhome/6d/6/164418> was used as the home directory.
</zhome/6d/6/164418/hpc/week1/assign/bscripts_blk> was used as the working directory.
Started at Wed Jan  5 16:23:09 2022
Terminated at Wed Jan  5 17:44:39 2022
Results reported at Wed Jan  5 17:44:39 2022

Your job looked like:

------------------------------------------------------------
# LSBATCH: User input
#!/bin/bash
# 02614 - High-Performance Computing, January 2022
# 
# batch script to run matmult on a decidated server in the hpcintro
# queue
#
# Author: Bernd Dammann <bd@cc.dtu.dk>
#
#BSUB -J mm_batch
#BSUB -o mm_batch_%J_BLK_19.out
#BSUB -e mm_batch_%J_BLK_19.err
#BSUB -q hpc
#BSUB -n 1
#BSUB -R "rusage[mem=4096]"
#BSUB -W 4:00
#BSUB -R "select[model == XeonE5_2660v3]"
# uncomment the following line, if you want to assure that your job has
# a whole CPU for itself (shared L3 cache)
# #BSUB -R "span[hosts=1] affinity[socket(1)]"

# define the driver name to use
# valid values: matmult_c.studio, matmult_f.studio, matmult_c.gcc or
# matmult_f.gcc
#
EXECUTABLE=matmult_c.gcc

# define the mkn values in the MKN variable
#
SIZES="100 110 121 133 146 161 177 195 214 236 259 285 314 345 380 418 459 505 556 612 673 740 814 895 985 1083 1192 1311 1442 1586 1745 1919 2111 2323 2555 2810 3091 3400 3740 4114 4526 4979 5476 6024 6626 7289 8018 8820 9702 10672"

PERM="blk"

# uncomment and set a reasonable BLKSIZE for the blk version
#
BLKSIZE=19

# enable(1)/disable(0) result checking
export MATMULT_COMPARE=0
# export MATMULT_RESULTS={[0]|1}
# export MFLOPS_MIN_T=[3.0]
# export MFLOPS_MAX_IT=[infinity]

cd ..
lscpu
# start the collect command with the above settings
for S in $SIZES
do
    ./$EXECUTABLE $PERM $S $S $S $BLKSIZE
done

------------------------------------------------------------

Successfully completed.

Resource usage summary:

    CPU time :                                   4887.05 sec.
    Max Memory :                                 2611 MB
    Average Memory :                             1725.52 MB
    Total Requested Memory :                     4096.00 MB
    Delta Memory :                               1485.00 MB
    Max Swap :                                   -
    Max Processes :                              4
    Max Threads :                                5
    Run time :                                   4938 sec.
    Turnaround time :                            4891 sec.

The output (if any) is above this job summary.



PS:

Read file <mm_batch_11941808_BLK_19.err> for stderr output of this job.

