Architecture:          x86_64
CPU op-mode(s):        32-bit, 64-bit
Byte Order:            Little Endian
CPU(s):                20
On-line CPU(s) list:   0-19
Thread(s) per core:    1
Core(s) per socket:    10
Socket(s):             2
NUMA node(s):          2
Vendor ID:             GenuineIntel
CPU family:            6
Model:                 63
Model name:            Intel(R) Xeon(R) CPU E5-2660 v3 @ 2.60GHz
Stepping:              2
CPU MHz:               2899.926
CPU max MHz:           3300.0000
CPU min MHz:           1200.0000
BogoMIPS:              5187.79
Virtualization:        VT-x
L1d cache:             32K
L1i cache:             32K
L2 cache:              256K
L3 cache:              25600K
NUMA node0 CPU(s):     0-9
NUMA node1 CPU(s):     10-19
Flags:                 fpu vme de pse tsc msr pae mce cx8 apic sep mtrr pge mca cmov pat pse36 clflush dts acpi mmx fxsr sse sse2 ss ht tm pbe syscall nx pdpe1gb rdtscp lm constant_tsc arch_perfmon pebs bts rep_good nopl xtopology nonstop_tsc aperfmperf eagerfpu pni pclmulqdq dtes64 ds_cpl vmx smx est tm2 ssse3 sdbg fma cx16 xtpr pdcm pcid dca sse4_1 sse4_2 x2apic movbe popcnt tsc_deadline_timer aes xsave avx f16c rdrand lahf_lm abm epb invpcid_single intel_ppin ssbd ibrs ibpb stibp tpr_shadow vnmi flexpriority ept vpid fsgsbase tsc_adjust bmi1 avx2 smep bmi2 erms invpcid cqm xsaveopt cqm_llc cqm_occup_llc dtherm ida arat pln pts md_clear spec_ctrl intel_stibp flush_l1d
   234.375   2247.418 # matmult_blk 12
   283.594   2349.702 # matmult_blk 12
   343.148   2284.787 # matmult_blk 12
   414.586   2218.840 # matmult_blk 12
   499.594   2243.059 # matmult_blk 12
   607.523   2262.914 # matmult_blk 12
   734.273   2281.943 # matmult_blk 12
   891.211   2255.628 # matmult_blk 12
  1073.344   2296.715 # matmult_blk 12
  1305.375   2271.523 # matmult_blk 12
  1572.211   2290.933 # matmult_blk 12
  1903.711   2322.857 # matmult_blk 12
  2310.844   2309.105 # matmult_blk 12
  2789.648   2333.595 # matmult_blk 12
  3384.375   2297.414 # matmult_blk 12
  4095.094   2334.929 # matmult_blk 12
  4937.836   2335.412 # matmult_blk 12
  5977.148   2337.245 # matmult_blk 12
  7245.375   2301.481 # matmult_blk 12
  8778.375   2309.171 # matmult_blk 12
 10615.523   2332.286 # matmult_blk 12
 12834.375   2299.010 # matmult_blk 12
 15529.594   2332.969 # matmult_blk 12
 18774.023   2332.840 # matmult_blk 12
 22739.648   2334.336 # matmult_blk 12
 27489.586   2334.362 # matmult_blk 12
 33301.500   2242.292 # matmult_blk 12
 40282.523   2332.657 # matmult_blk 12
 48735.094   2329.074 # matmult_blk 12
 58954.594   2329.872 # matmult_blk 12
 71367.773   2334.432 # matmult_blk 12
 86310.023   2337.844 # matmult_blk 12
104445.023   2325.935 # matmult_blk 12
126476.461   2342.970 # matmult_blk 12
153000.586   2339.159 # matmult_blk 12
185064.844   2340.560 # matmult_blk 12
223928.461   2346.228 # matmult_blk 12
270937.500   2253.359 # matmult_blk 12
327834.375   2317.733 # matmult_blk 12
396679.594   2329.026 # matmult_blk 12
480109.594   2348.578 # matmult_blk 12
581025.961   2353.210 # matmult_blk 12
702810.375   2317.148 # matmult_blk 12
850513.500   2256.089 # matmult_blk 12
1028997.094   2348.729 # matmult_blk 12
1245223.148   2354.056 # matmult_blk 12
1506757.594   2347.856 # matmult_blk 12
1823259.375   2319.871 # matmult_blk 12
2206143.844   2350.338 # matmult_blk 12
2669334.000   2145.565 # matmult_blk 12

------------------------------------------------------------
Sender: LSF System <lsfadmin@hpc.dtu.dk>
Subject: Job 11941799: <mm_batch> in cluster <dcc> Done

Job <mm_batch> was submitted from host <n-62-27-18> by user <s212571> in cluster <dcc> at Wed Jan  5 16:23:06 2022
Job was executed on host(s) <n-62-28-33>, in queue <hpc>, as user <s212571> in cluster <dcc> at Wed Jan  5 16:23:07 2022
</zhome/6d/6/164418> was used as the home directory.
</zhome/6d/6/164418/hpc/week1/assign/bscripts_blk> was used as the working directory.
Started at Wed Jan  5 16:23:07 2022
Terminated at Wed Jan  5 17:35:56 2022
Results reported at Wed Jan  5 17:35:56 2022

Your job looked like:

------------------------------------------------------------
# LSBATCH: User input
#!/bin/bash
# 02614 - High-Performance Computing, January 2022
# 
# batch script to run matmult on a decidated server in the hpcintro
# queue
#
# Author: Bernd Dammann <bd@cc.dtu.dk>
#
#BSUB -J mm_batch
#BSUB -o mm_batch_%J_BLK_12.out
#BSUB -e mm_batch_%J_BLK_12.err
#BSUB -q hpc
#BSUB -n 1
#BSUB -R "rusage[mem=4096]"
#BSUB -W 4:00
#BSUB -R "select[model == XeonE5_2660v3]"
# uncomment the following line, if you want to assure that your job has
# a whole CPU for itself (shared L3 cache)
# #BSUB -R "span[hosts=1] affinity[socket(1)]"

# define the driver name to use
# valid values: matmult_c.studio, matmult_f.studio, matmult_c.gcc or
# matmult_f.gcc
#
EXECUTABLE=matmult_c.gcc

# define the mkn values in the MKN variable
#
SIZES="100 110 121 133 146 161 177 195 214 236 259 285 314 345 380 418 459 505 556 612 673 740 814 895 985 1083 1192 1311 1442 1586 1745 1919 2111 2323 2555 2810 3091 3400 3740 4114 4526 4979 5476 6024 6626 7289 8018 8820 9702 10672"

PERM="blk"

# uncomment and set a reasonable BLKSIZE for the blk version
#
BLKSIZE=12

# enable(1)/disable(0) result checking
export MATMULT_COMPARE=0
# export MATMULT_RESULTS={[0]|1}
# export MFLOPS_MIN_T=[3.0]
# export MFLOPS_MAX_IT=[infinity]

cd ..
lscpu
# start the collect command with the above settings
for S in $SIZES
do
    ./$EXECUTABLE $PERM $S $S $S $BLKSIZE
done

------------------------------------------------------------

Successfully completed.

Resource usage summary:

    CPU time :                                   4366.15 sec.
    Max Memory :                                 2611 MB
    Average Memory :                             1716.32 MB
    Total Requested Memory :                     4096.00 MB
    Delta Memory :                               1485.00 MB
    Max Swap :                                   -
    Max Processes :                              4
    Max Threads :                                5
    Run time :                                   4415 sec.
    Turnaround time :                            4370 sec.

The output (if any) is above this job summary.



PS:

Read file <mm_batch_11941799_BLK_12.err> for stderr output of this job.

