Architecture:          x86_64
CPU op-mode(s):        32-bit, 64-bit
Byte Order:            Little Endian
CPU(s):                20
On-line CPU(s) list:   0-19
Thread(s) per core:    1
Core(s) per socket:    10
Socket(s):             2
NUMA node(s):          2
Vendor ID:             GenuineIntel
CPU family:            6
Model:                 63
Model name:            Intel(R) Xeon(R) CPU E5-2660 v3 @ 2.60GHz
Stepping:              2
CPU MHz:               2899.926
CPU max MHz:           3300.0000
CPU min MHz:           1200.0000
BogoMIPS:              5187.67
Virtualization:        VT-x
L1d cache:             32K
L1i cache:             32K
L2 cache:              256K
L3 cache:              25600K
NUMA node0 CPU(s):     0-9
NUMA node1 CPU(s):     10-19
Flags:                 fpu vme de pse tsc msr pae mce cx8 apic sep mtrr pge mca cmov pat pse36 clflush dts acpi mmx fxsr sse sse2 ss ht tm pbe syscall nx pdpe1gb rdtscp lm constant_tsc arch_perfmon pebs bts rep_good nopl xtopology nonstop_tsc aperfmperf eagerfpu pni pclmulqdq dtes64 ds_cpl vmx smx est tm2 ssse3 sdbg fma cx16 xtpr pdcm pcid dca sse4_1 sse4_2 x2apic movbe popcnt tsc_deadline_timer aes xsave avx f16c rdrand lahf_lm abm epb invpcid_single intel_ppin ssbd ibrs ibpb stibp tpr_shadow vnmi flexpriority ept vpid fsgsbase tsc_adjust bmi1 avx2 smep bmi2 erms invpcid cqm xsaveopt cqm_llc cqm_occup_llc dtherm ida arat pln pts md_clear spec_ctrl intel_stibp flush_l1d
   234.375   2194.962 # matmult_blk 24
   283.594   2419.512 # matmult_blk 24
   343.148   2267.535 # matmult_blk 24
   414.586   2202.039 # matmult_blk 24
   499.594   2202.937 # matmult_blk 24
   607.523   2254.312 # matmult_blk 24
   734.273   2242.487 # matmult_blk 24
   891.211   2221.291 # matmult_blk 24
  1073.344   2274.823 # matmult_blk 24
  1305.375   2244.922 # matmult_blk 24
  1572.211   2292.991 # matmult_blk 24
  1903.711   2294.394 # matmult_blk 24
  2310.844   2271.161 # matmult_blk 24
  2789.648   2292.590 # matmult_blk 24
  3384.375   2210.915 # matmult_blk 24
  4095.094   2248.372 # matmult_blk 24
  4937.836   2172.478 # matmult_blk 24
  5977.148   2088.280 # matmult_blk 24
  7245.375   2088.820 # matmult_blk 24
  8778.375   2097.276 # matmult_blk 24
 10615.523   2015.200 # matmult_blk 24
 12834.375   2091.883 # matmult_blk 24
 15529.594   2087.497 # matmult_blk 24
 18774.023   2025.224 # matmult_blk 24
 22739.648   2003.029 # matmult_blk 24
 27489.586   2047.347 # matmult_blk 24
 33301.500   2037.126 # matmult_blk 24
 40282.523   2016.974 # matmult_blk 24
 48735.094   2081.604 # matmult_blk 24
 58954.594   2076.109 # matmult_blk 24
 71367.773   1999.709 # matmult_blk 24
 86310.023   2017.276 # matmult_blk 24
104445.023   2003.321 # matmult_blk 24
126476.461   2053.230 # matmult_blk 24
153000.586   2105.062 # matmult_blk 24
185064.844   2082.285 # matmult_blk 24
223928.461   2060.134 # matmult_blk 24
270937.500   2033.912 # matmult_blk 24
327834.375   2080.946 # matmult_blk 24
396679.594   2065.276 # matmult_blk 24
480109.594   2068.520 # matmult_blk 24
581025.961   2023.058 # matmult_blk 24
702810.375   2026.249 # matmult_blk 24
850513.500   2007.898 # matmult_blk 24
1028997.094   2090.353 # matmult_blk 24
1245223.148   2009.276 # matmult_blk 24
1506757.594   2094.700 # matmult_blk 24
1823259.375   2073.694 # matmult_blk 24
2206143.844   2054.098 # matmult_blk 24
2669334.000   1843.850 # matmult_blk 24

------------------------------------------------------------
Sender: LSF System <lsfadmin@hpc.dtu.dk>
Subject: Job 11941814: <mm_batch> in cluster <dcc> Done

Job <mm_batch> was submitted from host <n-62-27-18> by user <s212571> in cluster <dcc> at Wed Jan  5 16:23:09 2022
Job was executed on host(s) <n-62-28-31>, in queue <hpc>, as user <s212571> in cluster <dcc> at Wed Jan  5 16:23:10 2022
</zhome/6d/6/164418> was used as the home directory.
</zhome/6d/6/164418/hpc/week1/assign/bscripts_blk> was used as the working directory.
Started at Wed Jan  5 16:23:10 2022
Terminated at Wed Jan  5 17:46:09 2022
Results reported at Wed Jan  5 17:46:09 2022

Your job looked like:

------------------------------------------------------------
# LSBATCH: User input
#!/bin/bash
# 02614 - High-Performance Computing, January 2022
# 
# batch script to run matmult on a decidated server in the hpcintro
# queue
#
# Author: Bernd Dammann <bd@cc.dtu.dk>
#
#BSUB -J mm_batch
#BSUB -o mm_batch_%J_BLK_24.out
#BSUB -e mm_batch_%J_BLK_24.err
#BSUB -q hpc
#BSUB -n 1
#BSUB -R "rusage[mem=4096]"
#BSUB -W 4:00
#BSUB -R "select[model == XeonE5_2660v3]"
# uncomment the following line, if you want to assure that your job has
# a whole CPU for itself (shared L3 cache)
# #BSUB -R "span[hosts=1] affinity[socket(1)]"

# define the driver name to use
# valid values: matmult_c.studio, matmult_f.studio, matmult_c.gcc or
# matmult_f.gcc
#
EXECUTABLE=matmult_c.gcc

# define the mkn values in the MKN variable
#
SIZES="100 110 121 133 146 161 177 195 214 236 259 285 314 345 380 418 459 505 556 612 673 740 814 895 985 1083 1192 1311 1442 1586 1745 1919 2111 2323 2555 2810 3091 3400 3740 4114 4526 4979 5476 6024 6626 7289 8018 8820 9702 10672"

PERM="blk"

# uncomment and set a reasonable BLKSIZE for the blk version
#
BLKSIZE=24

# enable(1)/disable(0) result checking
export MATMULT_COMPARE=0
# export MATMULT_RESULTS={[0]|1}
# export MFLOPS_MIN_T=[3.0]
# export MFLOPS_MAX_IT=[infinity]

cd ..
lscpu
# start the collect command with the above settings
for S in $SIZES
do
    ./$EXECUTABLE $PERM $S $S $S $BLKSIZE
done

------------------------------------------------------------

Successfully completed.

Resource usage summary:

    CPU time :                                   4977.86 sec.
    Max Memory :                                 2611 MB
    Average Memory :                             1731.28 MB
    Total Requested Memory :                     4096.00 MB
    Delta Memory :                               1485.00 MB
    Max Swap :                                   -
    Max Processes :                              4
    Max Threads :                                5
    Run time :                                   4979 sec.
    Turnaround time :                            4980 sec.

The output (if any) is above this job summary.



PS:

Read file <mm_batch_11941814_BLK_24.err> for stderr output of this job.

