Architecture:          x86_64
CPU op-mode(s):        32-bit, 64-bit
Byte Order:            Little Endian
CPU(s):                20
On-line CPU(s) list:   0-19
Thread(s) per core:    1
Core(s) per socket:    10
Socket(s):             2
NUMA node(s):          2
Vendor ID:             GenuineIntel
CPU family:            6
Model:                 63
Model name:            Intel(R) Xeon(R) CPU E5-2660 v3 @ 2.60GHz
Stepping:              2
CPU MHz:               2899.926
CPU max MHz:           3300.0000
CPU min MHz:           1200.0000
BogoMIPS:              5187.67
Virtualization:        VT-x
L1d cache:             32K
L1i cache:             32K
L2 cache:              256K
L3 cache:              25600K
NUMA node0 CPU(s):     0-9
NUMA node1 CPU(s):     10-19
Flags:                 fpu vme de pse tsc msr pae mce cx8 apic sep mtrr pge mca cmov pat pse36 clflush dts acpi mmx fxsr sse sse2 ss ht tm pbe syscall nx pdpe1gb rdtscp lm constant_tsc arch_perfmon pebs bts rep_good nopl xtopology nonstop_tsc aperfmperf eagerfpu pni pclmulqdq dtes64 ds_cpl vmx smx est tm2 ssse3 sdbg fma cx16 xtpr pdcm pcid dca sse4_1 sse4_2 x2apic movbe popcnt tsc_deadline_timer aes xsave avx f16c rdrand lahf_lm abm epb invpcid_single intel_ppin ssbd ibrs ibpb stibp tpr_shadow vnmi flexpriority ept vpid fsgsbase tsc_adjust bmi1 avx2 smep bmi2 erms invpcid cqm xsaveopt cqm_llc cqm_occup_llc dtherm ida arat pln pts md_clear spec_ctrl intel_stibp flush_l1d
   234.375   2259.929 # matmult_blk 30
   283.594   2390.779 # matmult_blk 30
   343.148   2225.308 # matmult_blk 30
   414.586   2164.017 # matmult_blk 30
   499.594   2196.602 # matmult_blk 30
   607.523   2205.198 # matmult_blk 30
   734.273   2201.415 # matmult_blk 30
   891.211   2207.236 # matmult_blk 30
  1073.344   2217.582 # matmult_blk 30
  1305.375   2207.808 # matmult_blk 30
  1572.211   2255.032 # matmult_blk 30
  1903.711   2245.070 # matmult_blk 30
  2310.844   2233.554 # matmult_blk 30
  2789.648   2243.124 # matmult_blk 30
  3384.375   2176.476 # matmult_blk 30
  4095.094   2166.286 # matmult_blk 30
  4937.836   2149.266 # matmult_blk 30
  5977.148   2249.197 # matmult_blk 30
  7245.375   2107.988 # matmult_blk 30
  8778.375   2090.209 # matmult_blk 30
 10615.523   2055.261 # matmult_blk 30
 12834.375   2081.825 # matmult_blk 30
 15529.594   2098.532 # matmult_blk 30
 18774.023   2082.281 # matmult_blk 30
 22739.648   2053.954 # matmult_blk 30
 27489.586   2038.582 # matmult_blk 30
 33301.500   2026.436 # matmult_blk 30
 40282.523   2047.487 # matmult_blk 30
 48735.094   2093.351 # matmult_blk 30
 58954.594   2101.998 # matmult_blk 30
 71367.773   2049.034 # matmult_blk 30
 86310.023   2087.810 # matmult_blk 30
104445.023   2036.422 # matmult_blk 30
126476.461   2049.013 # matmult_blk 30
153000.586   2234.412 # matmult_blk 30
185064.844   2092.540 # matmult_blk 30
223928.461   2061.216 # matmult_blk 30
270937.500   2005.857 # matmult_blk 30
327834.375   2047.363 # matmult_blk 30
396679.594   2059.318 # matmult_blk 30
480109.594   2087.739 # matmult_blk 30
581025.961   2035.107 # matmult_blk 30
702810.375   2055.928 # matmult_blk 30
850513.500   1974.476 # matmult_blk 30
1028997.094   2046.047 # matmult_blk 30
1245223.148   1968.924 # matmult_blk 30
1506757.594   1986.395 # matmult_blk 30
1823259.375   1945.185 # matmult_blk 30
2206143.844   1935.341 # matmult_blk 30
2669334.000   1718.237 # matmult_blk 30

------------------------------------------------------------
Sender: LSF System <lsfadmin@hpc.dtu.dk>
Subject: Job 11941822: <mm_batch> in cluster <dcc> Done

Job <mm_batch> was submitted from host <n-62-27-18> by user <s212571> in cluster <dcc> at Wed Jan  5 16:23:10 2022
Job was executed on host(s) <n-62-28-31>, in queue <hpc>, as user <s212571> in cluster <dcc> at Wed Jan  5 16:23:11 2022
</zhome/6d/6/164418> was used as the home directory.
</zhome/6d/6/164418/hpc/week1/assign/bscripts_blk> was used as the working directory.
Started at Wed Jan  5 16:23:11 2022
Terminated at Wed Jan  5 17:50:18 2022
Results reported at Wed Jan  5 17:50:18 2022

Your job looked like:

------------------------------------------------------------
# LSBATCH: User input
#!/bin/bash
# 02614 - High-Performance Computing, January 2022
# 
# batch script to run matmult on a decidated server in the hpcintro
# queue
#
# Author: Bernd Dammann <bd@cc.dtu.dk>
#
#BSUB -J mm_batch
#BSUB -o mm_batch_%J_BLK_30.out
#BSUB -e mm_batch_%J_BLK_30.err
#BSUB -q hpc
#BSUB -n 1
#BSUB -R "rusage[mem=4096]"
#BSUB -W 4:00
#BSUB -R "select[model == XeonE5_2660v3]"
# uncomment the following line, if you want to assure that your job has
# a whole CPU for itself (shared L3 cache)
# #BSUB -R "span[hosts=1] affinity[socket(1)]"

# define the driver name to use
# valid values: matmult_c.studio, matmult_f.studio, matmult_c.gcc or
# matmult_f.gcc
#
EXECUTABLE=matmult_c.gcc

# define the mkn values in the MKN variable
#
SIZES="100 110 121 133 146 161 177 195 214 236 259 285 314 345 380 418 459 505 556 612 673 740 814 895 985 1083 1192 1311 1442 1586 1745 1919 2111 2323 2555 2810 3091 3400 3740 4114 4526 4979 5476 6024 6626 7289 8018 8820 9702 10672"

PERM="blk"

# uncomment and set a reasonable BLKSIZE for the blk version
#
BLKSIZE=30

# enable(1)/disable(0) result checking
export MATMULT_COMPARE=0
# export MATMULT_RESULTS={[0]|1}
# export MFLOPS_MIN_T=[3.0]
# export MFLOPS_MAX_IT=[infinity]

cd ..
lscpu
# start the collect command with the above settings
for S in $SIZES
do
    ./$EXECUTABLE $PERM $S $S $S $BLKSIZE
done

------------------------------------------------------------

Successfully completed.

Resource usage summary:

    CPU time :                                   5213.13 sec.
    Max Memory :                                 2611 MB
    Average Memory :                             1751.42 MB
    Total Requested Memory :                     4096.00 MB
    Delta Memory :                               1485.00 MB
    Max Swap :                                   -
    Max Processes :                              4
    Max Threads :                                5
    Run time :                                   5228 sec.
    Turnaround time :                            5228 sec.

The output (if any) is above this job summary.



PS:

Read file <mm_batch_11941822_BLK_30.err> for stderr output of this job.

