Architecture:          x86_64
CPU op-mode(s):        32-bit, 64-bit
Byte Order:            Little Endian
CPU(s):                20
On-line CPU(s) list:   0-19
Thread(s) per core:    1
Core(s) per socket:    10
Socket(s):             2
NUMA node(s):          2
Vendor ID:             GenuineIntel
CPU family:            6
Model:                 63
Model name:            Intel(R) Xeon(R) CPU E5-2660 v3 @ 2.60GHz
Stepping:              2
CPU MHz:               2899.926
CPU max MHz:           3300.0000
CPU min MHz:           1200.0000
BogoMIPS:              5187.67
Virtualization:        VT-x
L1d cache:             32K
L1i cache:             32K
L2 cache:              256K
L3 cache:              25600K
NUMA node0 CPU(s):     0-9
NUMA node1 CPU(s):     10-19
Flags:                 fpu vme de pse tsc msr pae mce cx8 apic sep mtrr pge mca cmov pat pse36 clflush dts acpi mmx fxsr sse sse2 ss ht tm pbe syscall nx pdpe1gb rdtscp lm constant_tsc arch_perfmon pebs bts rep_good nopl xtopology nonstop_tsc aperfmperf eagerfpu pni pclmulqdq dtes64 ds_cpl vmx smx est tm2 ssse3 sdbg fma cx16 xtpr pdcm pcid dca sse4_1 sse4_2 x2apic movbe popcnt tsc_deadline_timer aes xsave avx f16c rdrand lahf_lm abm epb invpcid_single intel_ppin ssbd ibrs ibpb stibp tpr_shadow vnmi flexpriority ept vpid fsgsbase tsc_adjust bmi1 avx2 smep bmi2 erms invpcid cqm xsaveopt cqm_llc cqm_occup_llc dtherm ida arat pln pts md_clear spec_ctrl intel_stibp flush_l1d
   234.375   2316.766 # matmult_blk 26
   283.594   2404.501 # matmult_blk 26
   343.148   2338.097 # matmult_blk 26
   414.586   2189.743 # matmult_blk 26
   499.594   2247.291 # matmult_blk 26
   607.523   2236.337 # matmult_blk 26
   734.273   2255.046 # matmult_blk 26
   891.211   2255.629 # matmult_blk 26
  1073.344   2279.465 # matmult_blk 26
  1305.375   2242.541 # matmult_blk 26
  1572.211   2299.110 # matmult_blk 26
  1903.711   2309.778 # matmult_blk 26
  2310.844   2280.235 # matmult_blk 26
  2789.648   2278.422 # matmult_blk 26
  3384.375   2216.860 # matmult_blk 26
  4095.094   2219.895 # matmult_blk 26
  4937.836   2148.130 # matmult_blk 26
  5977.148   2276.699 # matmult_blk 26
  7245.375   2128.813 # matmult_blk 26
  8778.375   2112.785 # matmult_blk 26
 10615.523   2055.712 # matmult_blk 26
 12834.375   2117.683 # matmult_blk 26
 15529.594   2124.927 # matmult_blk 26
 18774.023   2071.703 # matmult_blk 26
 22739.648   2052.306 # matmult_blk 26
 27489.586   2046.926 # matmult_blk 26
 33301.500   2061.088 # matmult_blk 26
 40282.523   2061.227 # matmult_blk 26
 48735.094   2133.230 # matmult_blk 26
 58954.594   2133.850 # matmult_blk 26
 71367.773   2046.113 # matmult_blk 26
 86310.023   2078.745 # matmult_blk 26
104445.023   2055.706 # matmult_blk 26
126476.461   2048.046 # matmult_blk 26
153000.586   2272.438 # matmult_blk 26
185064.844   2125.147 # matmult_blk 26
223928.461   2071.916 # matmult_blk 26
270937.500   2055.097 # matmult_blk 26
327834.375   2099.820 # matmult_blk 26
396679.594   2105.080 # matmult_blk 26
480109.594   2103.630 # matmult_blk 26
581025.961   1997.401 # matmult_blk 26
702810.375   2047.279 # matmult_blk 26
850513.500   2021.591 # matmult_blk 26
1028997.094   2135.587 # matmult_blk 26
1245223.148   2048.626 # matmult_blk 26
1506757.594   2139.422 # matmult_blk 26
1823259.375   2100.013 # matmult_blk 26
2206143.844   2109.559 # matmult_blk 26
2669334.000   1866.009 # matmult_blk 26

------------------------------------------------------------
Sender: LSF System <lsfadmin@hpc.dtu.dk>
Subject: Job 11941817: <mm_batch> in cluster <dcc> Done

Job <mm_batch> was submitted from host <n-62-27-18> by user <s212571> in cluster <dcc> at Wed Jan  5 16:23:09 2022
Job was executed on host(s) <n-62-28-31>, in queue <hpc>, as user <s212571> in cluster <dcc> at Wed Jan  5 16:23:10 2022
</zhome/6d/6/164418> was used as the home directory.
</zhome/6d/6/164418/hpc/week1/assign/bscripts_blk> was used as the working directory.
Started at Wed Jan  5 16:23:10 2022
Terminated at Wed Jan  5 17:44:50 2022
Results reported at Wed Jan  5 17:44:50 2022

Your job looked like:

------------------------------------------------------------
# LSBATCH: User input
#!/bin/bash
# 02614 - High-Performance Computing, January 2022
# 
# batch script to run matmult on a decidated server in the hpcintro
# queue
#
# Author: Bernd Dammann <bd@cc.dtu.dk>
#
#BSUB -J mm_batch
#BSUB -o mm_batch_%J_BLK_26.out
#BSUB -e mm_batch_%J_BLK_26.err
#BSUB -q hpc
#BSUB -n 1
#BSUB -R "rusage[mem=4096]"
#BSUB -W 4:00
#BSUB -R "select[model == XeonE5_2660v3]"
# uncomment the following line, if you want to assure that your job has
# a whole CPU for itself (shared L3 cache)
# #BSUB -R "span[hosts=1] affinity[socket(1)]"

# define the driver name to use
# valid values: matmult_c.studio, matmult_f.studio, matmult_c.gcc or
# matmult_f.gcc
#
EXECUTABLE=matmult_c.gcc

# define the mkn values in the MKN variable
#
SIZES="100 110 121 133 146 161 177 195 214 236 259 285 314 345 380 418 459 505 556 612 673 740 814 895 985 1083 1192 1311 1442 1586 1745 1919 2111 2323 2555 2810 3091 3400 3740 4114 4526 4979 5476 6024 6626 7289 8018 8820 9702 10672"

PERM="blk"

# uncomment and set a reasonable BLKSIZE for the blk version
#
BLKSIZE=26

# enable(1)/disable(0) result checking
export MATMULT_COMPARE=0
# export MATMULT_RESULTS={[0]|1}
# export MFLOPS_MIN_T=[3.0]
# export MFLOPS_MAX_IT=[infinity]

cd ..
lscpu
# start the collect command with the above settings
for S in $SIZES
do
    ./$EXECUTABLE $PERM $S $S $S $BLKSIZE
done

------------------------------------------------------------

Successfully completed.

Resource usage summary:

    CPU time :                                   4898.95 sec.
    Max Memory :                                 2611 MB
    Average Memory :                             1736.19 MB
    Total Requested Memory :                     4096.00 MB
    Delta Memory :                               1485.00 MB
    Max Swap :                                   -
    Max Processes :                              4
    Max Threads :                                5
    Run time :                                   4900 sec.
    Turnaround time :                            4901 sec.

The output (if any) is above this job summary.



PS:

Read file <mm_batch_11941817_BLK_26.err> for stderr output of this job.

