Architecture:          x86_64
CPU op-mode(s):        32-bit, 64-bit
Byte Order:            Little Endian
CPU(s):                20
On-line CPU(s) list:   0-19
Thread(s) per core:    1
Core(s) per socket:    10
Socket(s):             2
NUMA node(s):          2
Vendor ID:             GenuineIntel
CPU family:            6
Model:                 63
Model name:            Intel(R) Xeon(R) CPU E5-2660 v3 @ 2.60GHz
Stepping:              2
CPU MHz:               2600.000
CPU max MHz:           3300.0000
CPU min MHz:           1200.0000
BogoMIPS:              5188.49
Virtualization:        VT-x
L1d cache:             32K
L1i cache:             32K
L2 cache:              256K
L3 cache:              25600K
NUMA node0 CPU(s):     0-9
NUMA node1 CPU(s):     10-19
Flags:                 fpu vme de pse tsc msr pae mce cx8 apic sep mtrr pge mca cmov pat pse36 clflush dts acpi mmx fxsr sse sse2 ss ht tm pbe syscall nx pdpe1gb rdtscp lm constant_tsc arch_perfmon pebs bts rep_good nopl xtopology nonstop_tsc aperfmperf eagerfpu pni pclmulqdq dtes64 ds_cpl vmx smx est tm2 ssse3 sdbg fma cx16 xtpr pdcm pcid dca sse4_1 sse4_2 x2apic movbe popcnt tsc_deadline_timer aes xsave avx f16c rdrand lahf_lm abm epb invpcid_single intel_ppin ssbd ibrs ibpb stibp tpr_shadow vnmi flexpriority ept vpid fsgsbase tsc_adjust bmi1 avx2 smep bmi2 erms invpcid cqm xsaveopt cqm_llc cqm_occup_llc dtherm ida arat pln pts md_clear spec_ctrl intel_stibp flush_l1d
   234.375   2427.281 # matmult_blk 17
   283.594   2540.466 # matmult_blk 17
   343.148   2407.536 # matmult_blk 17
   414.586   2330.385 # matmult_blk 17
   499.594   2372.652 # matmult_blk 17
   607.523   2374.293 # matmult_blk 17
   734.273   2365.611 # matmult_blk 17
   891.211   2380.189 # matmult_blk 17
  1073.344   2430.605 # matmult_blk 17
  1305.375   2397.259 # matmult_blk 17
  1572.211   2417.532 # matmult_blk 17
  1903.711   2441.003 # matmult_blk 17
  2310.844   2432.962 # matmult_blk 17
  2789.648   2449.514 # matmult_blk 17
  3384.375   2421.892 # matmult_blk 17
  4095.094   2474.459 # matmult_blk 17
  4937.836   2493.567 # matmult_blk 17
  5977.148   2465.439 # matmult_blk 17
  7245.375   2398.187 # matmult_blk 17
  8778.375   2372.810 # matmult_blk 17
 10615.523   2336.207 # matmult_blk 17
 12834.375   2319.850 # matmult_blk 17
 15529.594   2298.566 # matmult_blk 17
 18774.023   2303.960 # matmult_blk 17
 22739.648   2175.930 # matmult_blk 17
 27489.586   2095.643 # matmult_blk 17
 33301.500   2148.000 # matmult_blk 17
 40282.523   2037.233 # matmult_blk 17
 48735.094   2060.028 # matmult_blk 17
 58954.594   2051.163 # matmult_blk 17
 71367.773   2001.015 # matmult_blk 17
 86310.023   2068.294 # matmult_blk 17
104445.023   2026.869 # matmult_blk 17
126476.461   2044.487 # matmult_blk 17
153000.586   2281.318 # matmult_blk 17
185064.844   2049.372 # matmult_blk 17
223928.461   2049.773 # matmult_blk 17
270937.500   2124.251 # matmult_blk 17
327834.375   2134.935 # matmult_blk 17
396679.594   2066.492 # matmult_blk 17
480109.594   2071.035 # matmult_blk 17
581025.961   2053.721 # matmult_blk 17
702810.375   2169.666 # matmult_blk 17
850513.500   2128.050 # matmult_blk 17
1028997.094   2068.260 # matmult_blk 17
1245223.148   1991.211 # matmult_blk 17
1506757.594   2081.929 # matmult_blk 17
1823259.375   2196.980 # matmult_blk 17
2206143.844   2063.450 # matmult_blk 17
2669334.000   1965.534 # matmult_blk 17

------------------------------------------------------------
Sender: LSF System <lsfadmin@hpc.dtu.dk>
Subject: Job 11941806: <mm_batch> in cluster <dcc> Done

Job <mm_batch> was submitted from host <n-62-27-18> by user <s212571> in cluster <dcc> at Wed Jan  5 16:23:07 2022
Job was executed on host(s) <n-62-28-29>, in queue <hpc>, as user <s212571> in cluster <dcc> at Wed Jan  5 16:23:09 2022
</zhome/6d/6/164418> was used as the home directory.
</zhome/6d/6/164418/hpc/week1/assign/bscripts_blk> was used as the working directory.
Started at Wed Jan  5 16:23:09 2022
Terminated at Wed Jan  5 17:43:46 2022
Results reported at Wed Jan  5 17:43:46 2022

Your job looked like:

------------------------------------------------------------
# LSBATCH: User input
#!/bin/bash
# 02614 - High-Performance Computing, January 2022
# 
# batch script to run matmult on a decidated server in the hpcintro
# queue
#
# Author: Bernd Dammann <bd@cc.dtu.dk>
#
#BSUB -J mm_batch
#BSUB -o mm_batch_%J_BLK_17.out
#BSUB -e mm_batch_%J_BLK_17.err
#BSUB -q hpc
#BSUB -n 1
#BSUB -R "rusage[mem=4096]"
#BSUB -W 4:00
#BSUB -R "select[model == XeonE5_2660v3]"
# uncomment the following line, if you want to assure that your job has
# a whole CPU for itself (shared L3 cache)
# #BSUB -R "span[hosts=1] affinity[socket(1)]"

# define the driver name to use
# valid values: matmult_c.studio, matmult_f.studio, matmult_c.gcc or
# matmult_f.gcc
#
EXECUTABLE=matmult_c.gcc

# define the mkn values in the MKN variable
#
SIZES="100 110 121 133 146 161 177 195 214 236 259 285 314 345 380 418 459 505 556 612 673 740 814 895 985 1083 1192 1311 1442 1586 1745 1919 2111 2323 2555 2810 3091 3400 3740 4114 4526 4979 5476 6024 6626 7289 8018 8820 9702 10672"

PERM="blk"

# uncomment and set a reasonable BLKSIZE for the blk version
#
BLKSIZE=17

# enable(1)/disable(0) result checking
export MATMULT_COMPARE=0
# export MATMULT_RESULTS={[0]|1}
# export MFLOPS_MIN_T=[3.0]
# export MFLOPS_MAX_IT=[infinity]

cd ..
lscpu
# start the collect command with the above settings
for S in $SIZES
do
    ./$EXECUTABLE $PERM $S $S $S $BLKSIZE
done

------------------------------------------------------------

Successfully completed.

Resource usage summary:

    CPU time :                                   4834.89 sec.
    Max Memory :                                 2611 MB
    Average Memory :                             1725.52 MB
    Total Requested Memory :                     4096.00 MB
    Delta Memory :                               1485.00 MB
    Max Swap :                                   -
    Max Processes :                              4
    Max Threads :                                5
    Run time :                                   4885 sec.
    Turnaround time :                            4839 sec.

The output (if any) is above this job summary.



PS:

Read file <mm_batch_11941806_BLK_17.err> for stderr output of this job.

