Architecture:          x86_64
CPU op-mode(s):        32-bit, 64-bit
Byte Order:            Little Endian
CPU(s):                20
On-line CPU(s) list:   0-19
Thread(s) per core:    1
Core(s) per socket:    10
Socket(s):             2
NUMA node(s):          2
Vendor ID:             GenuineIntel
CPU family:            6
Model:                 63
Model name:            Intel(R) Xeon(R) CPU E5-2660 v3 @ 2.60GHz
Stepping:              2
CPU MHz:               2899.926
CPU max MHz:           3300.0000
CPU min MHz:           1200.0000
BogoMIPS:              5188.40
Virtualization:        VT-x
L1d cache:             32K
L1i cache:             32K
L2 cache:              256K
L3 cache:              25600K
NUMA node0 CPU(s):     0-9
NUMA node1 CPU(s):     10-19
Flags:                 fpu vme de pse tsc msr pae mce cx8 apic sep mtrr pge mca cmov pat pse36 clflush dts acpi mmx fxsr sse sse2 ss ht tm pbe syscall nx pdpe1gb rdtscp lm constant_tsc arch_perfmon pebs bts rep_good nopl xtopology nonstop_tsc aperfmperf eagerfpu pni pclmulqdq dtes64 ds_cpl vmx smx est tm2 ssse3 sdbg fma cx16 xtpr pdcm pcid dca sse4_1 sse4_2 x2apic movbe popcnt tsc_deadline_timer aes xsave avx f16c rdrand lahf_lm abm epb invpcid_single intel_ppin ssbd ibrs ibpb stibp tpr_shadow vnmi flexpriority ept vpid fsgsbase tsc_adjust bmi1 avx2 smep bmi2 erms invpcid cqm xsaveopt cqm_llc cqm_occup_llc dtherm ida arat pln pts md_clear spec_ctrl intel_stibp flush_l1d
   234.375   2221.763 # matmult_blk 31
   283.594   2394.934 # matmult_blk 31
   343.148   2260.320 # matmult_blk 31
   414.586   2162.659 # matmult_blk 31
   499.594   2192.703 # matmult_blk 31
   607.523   2181.018 # matmult_blk 31
   734.273   2199.808 # matmult_blk 31
   891.211   2207.183 # matmult_blk 31
  1073.344   2237.833 # matmult_blk 31
  1305.375   2209.979 # matmult_blk 31
  1572.211   2247.342 # matmult_blk 31
  1903.711   2236.763 # matmult_blk 31
  2310.844   2221.080 # matmult_blk 31
  2789.648   2234.499 # matmult_blk 31
  3384.375   2180.543 # matmult_blk 31
  4095.094   2195.802 # matmult_blk 31
  4937.836   2164.641 # matmult_blk 31
  5977.148   2252.770 # matmult_blk 31
  7245.375   2099.265 # matmult_blk 31
  8778.375   2088.307 # matmult_blk 31
 10615.523   2051.452 # matmult_blk 31
 12834.375   2079.409 # matmult_blk 31
 15529.594   2091.085 # matmult_blk 31
 18774.023   2084.586 # matmult_blk 31
 22739.648   2050.092 # matmult_blk 31
 27489.586   2044.849 # matmult_blk 31
 33301.500   2025.355 # matmult_blk 31
 40282.523   2038.805 # matmult_blk 31
 48735.094   2095.848 # matmult_blk 31
 58954.594   2091.121 # matmult_blk 31
 71367.773   2046.823 # matmult_blk 31
 86310.023   2090.834 # matmult_blk 31
104445.023   2022.734 # matmult_blk 31
126476.461   2036.852 # matmult_blk 31
153000.586   2225.275 # matmult_blk 31
185064.844   2080.769 # matmult_blk 31
223928.461   2042.414 # matmult_blk 31
270937.500   1977.417 # matmult_blk 31
327834.375   2015.768 # matmult_blk 31
396679.594   1983.770 # matmult_blk 31
480109.594   1933.544 # matmult_blk 31
581025.961   1873.971 # matmult_blk 31
702810.375   1914.407 # matmult_blk 31
850513.500   1845.009 # matmult_blk 31
1028997.094   1905.067 # matmult_blk 31
1245223.148   1855.636 # matmult_blk 31
1506757.594   1894.849 # matmult_blk 31
1823259.375   1884.663 # matmult_blk 31
2206143.844   1908.977 # matmult_blk 31
2669334.000   1704.760 # matmult_blk 31

------------------------------------------------------------
Sender: LSF System <lsfadmin@hpc.dtu.dk>
Subject: Job 11941823: <mm_batch> in cluster <dcc> Done

Job <mm_batch> was submitted from host <n-62-27-18> by user <s212571> in cluster <dcc> at Wed Jan  5 16:23:10 2022
Job was executed on host(s) <n-62-28-28>, in queue <hpc>, as user <s212571> in cluster <dcc> at Wed Jan  5 16:23:11 2022
</zhome/6d/6/164418> was used as the home directory.
</zhome/6d/6/164418/hpc/week1/assign/bscripts_blk> was used as the working directory.
Started at Wed Jan  5 16:23:11 2022
Terminated at Wed Jan  5 17:52:53 2022
Results reported at Wed Jan  5 17:52:53 2022

Your job looked like:

------------------------------------------------------------
# LSBATCH: User input
#!/bin/bash
# 02614 - High-Performance Computing, January 2022
# 
# batch script to run matmult on a decidated server in the hpcintro
# queue
#
# Author: Bernd Dammann <bd@cc.dtu.dk>
#
#BSUB -J mm_batch
#BSUB -o mm_batch_%J_BLK_31.out
#BSUB -e mm_batch_%J_BLK_31.err
#BSUB -q hpc
#BSUB -n 1
#BSUB -R "rusage[mem=4096]"
#BSUB -W 4:00
#BSUB -R "select[model == XeonE5_2660v3]"
# uncomment the following line, if you want to assure that your job has
# a whole CPU for itself (shared L3 cache)
# #BSUB -R "span[hosts=1] affinity[socket(1)]"

# define the driver name to use
# valid values: matmult_c.studio, matmult_f.studio, matmult_c.gcc or
# matmult_f.gcc
#
EXECUTABLE=matmult_c.gcc

# define the mkn values in the MKN variable
#
SIZES="100 110 121 133 146 161 177 195 214 236 259 285 314 345 380 418 459 505 556 612 673 740 814 895 985 1083 1192 1311 1442 1586 1745 1919 2111 2323 2555 2810 3091 3400 3740 4114 4526 4979 5476 6024 6626 7289 8018 8820 9702 10672"

PERM="blk"

# uncomment and set a reasonable BLKSIZE for the blk version
#
BLKSIZE=31

# enable(1)/disable(0) result checking
export MATMULT_COMPARE=0
# export MATMULT_RESULTS={[0]|1}
# export MFLOPS_MIN_T=[3.0]
# export MFLOPS_MAX_IT=[infinity]

cd ..
lscpu
# start the collect command with the above settings
for S in $SIZES
do
    ./$EXECUTABLE $PERM $S $S $S $BLKSIZE
done

------------------------------------------------------------

Successfully completed.

Resource usage summary:

    CPU time :                                   5380.06 sec.
    Max Memory :                                 2611 MB
    Average Memory :                             1703.93 MB
    Total Requested Memory :                     4096.00 MB
    Delta Memory :                               1485.00 MB
    Max Swap :                                   -
    Max Processes :                              4
    Max Threads :                                5
    Run time :                                   5382 sec.
    Turnaround time :                            5383 sec.

The output (if any) is above this job summary.



PS:

Read file <mm_batch_11941823_BLK_31.err> for stderr output of this job.

