Architecture:          x86_64
CPU op-mode(s):        32-bit, 64-bit
Byte Order:            Little Endian
CPU(s):                20
On-line CPU(s) list:   0-19
Thread(s) per core:    1
Core(s) per socket:    10
Socket(s):             2
NUMA node(s):          2
Vendor ID:             GenuineIntel
CPU family:            6
Model:                 63
Model name:            Intel(R) Xeon(R) CPU E5-2660 v3 @ 2.60GHz
Stepping:              2
CPU MHz:               2899.926
CPU max MHz:           3300.0000
CPU min MHz:           1200.0000
BogoMIPS:              5187.98
Virtualization:        VT-x
L1d cache:             32K
L1i cache:             32K
L2 cache:              256K
L3 cache:              25600K
NUMA node0 CPU(s):     0-9
NUMA node1 CPU(s):     10-19
Flags:                 fpu vme de pse tsc msr pae mce cx8 apic sep mtrr pge mca cmov pat pse36 clflush dts acpi mmx fxsr sse sse2 ss ht tm pbe syscall nx pdpe1gb rdtscp lm constant_tsc arch_perfmon pebs bts rep_good nopl xtopology nonstop_tsc aperfmperf eagerfpu pni pclmulqdq dtes64 ds_cpl vmx smx est tm2 ssse3 sdbg fma cx16 xtpr pdcm pcid dca sse4_1 sse4_2 x2apic movbe popcnt tsc_deadline_timer aes xsave avx f16c rdrand lahf_lm abm epb invpcid_single intel_ppin ssbd ibrs ibpb stibp tpr_shadow vnmi flexpriority ept vpid fsgsbase tsc_adjust bmi1 avx2 smep bmi2 erms invpcid cqm xsaveopt cqm_llc cqm_occup_llc dtherm ida arat pln pts md_clear spec_ctrl intel_stibp flush_l1d
   234.375    205.935 # matmult_blk 1
   283.594    207.104 # matmult_blk 1
   343.148    208.071 # matmult_blk 1
   414.586    208.474 # matmult_blk 1
   499.594    208.690 # matmult_blk 1
   607.523    208.646 # matmult_blk 1
   734.273    209.043 # matmult_blk 1
   891.211    209.106 # matmult_blk 1
  1073.344    209.284 # matmult_blk 1
  1305.375    209.577 # matmult_blk 1
  1572.211    209.915 # matmult_blk 1
  1903.711    209.751 # matmult_blk 1
  2310.844    209.932 # matmult_blk 1
  2789.648    210.087 # matmult_blk 1
  3384.375    209.844 # matmult_blk 1
  4095.094    209.915 # matmult_blk 1
  4937.836    209.525 # matmult_blk 1
  5977.148    209.257 # matmult_blk 1
  7245.375    209.591 # matmult_blk 1
  8778.375    209.291 # matmult_blk 1
 10615.523    209.380 # matmult_blk 1
 12834.375    209.421 # matmult_blk 1
 15529.594    208.790 # matmult_blk 1
 18774.023    209.652 # matmult_blk 1
 22739.648    209.730 # matmult_blk 1
 27489.586    209.930 # matmult_blk 1
 33301.500    209.867 # matmult_blk 1
 40282.523    209.643 # matmult_blk 1
 48735.094    209.981 # matmult_blk 1
 58954.594    210.090 # matmult_blk 1
 71367.773    209.645 # matmult_blk 1
 86310.023    210.136 # matmult_blk 1
104445.023    210.158 # matmult_blk 1
126476.461    210.235 # matmult_blk 1
153000.586    209.929 # matmult_blk 1
185064.844    210.214 # matmult_blk 1
223928.461    209.941 # matmult_blk 1
270937.500    210.015 # matmult_blk 1
327834.375    210.315 # matmult_blk 1
396679.594    209.901 # matmult_blk 1
480109.594    210.306 # matmult_blk 1
581025.961    193.234 # matmult_blk 1
702810.375    210.502 # matmult_blk 1
850513.500    210.708 # matmult_blk 1
1028997.094    210.375 # matmult_blk 1

------------------------------------------------------------
Sender: LSF System <lsfadmin@hpc.dtu.dk>
Subject: Job 11941796: <mm_batch> in cluster <dcc> Exited

Job <mm_batch> was submitted from host <n-62-27-18> by user <s212571> in cluster <dcc> at Wed Jan  5 16:23:06 2022
Job was executed on host(s) <n-62-28-30>, in queue <hpc>, as user <s212571> in cluster <dcc> at Wed Jan  5 16:23:06 2022
</zhome/6d/6/164418> was used as the home directory.
</zhome/6d/6/164418/hpc/week1/assign/bscripts_blk> was used as the working directory.
Started at Wed Jan  5 16:23:06 2022
Terminated at Wed Jan  5 20:23:10 2022
Results reported at Wed Jan  5 20:23:10 2022

Your job looked like:

------------------------------------------------------------
# LSBATCH: User input
#!/bin/bash
# 02614 - High-Performance Computing, January 2022
# 
# batch script to run matmult on a decidated server in the hpcintro
# queue
#
# Author: Bernd Dammann <bd@cc.dtu.dk>
#
#BSUB -J mm_batch
#BSUB -o mm_batch_%J_BLK_1.out
#BSUB -e mm_batch_%J_BLK_1.err
#BSUB -q hpc
#BSUB -n 1
#BSUB -R "rusage[mem=4096]"
#BSUB -W 4:00
#BSUB -R "select[model == XeonE5_2660v3]"
# uncomment the following line, if you want to assure that your job has
# a whole CPU for itself (shared L3 cache)
# #BSUB -R "span[hosts=1] affinity[socket(1)]"

# define the driver name to use
# valid values: matmult_c.studio, matmult_f.studio, matmult_c.gcc or
# matmult_f.gcc
#
EXECUTABLE=matmult_c.gcc

# define the mkn values in the MKN variable
#
SIZES="100 110 121 133 146 161 177 195 214 236 259 285 314 345 380 418 459 505 556 612 673 740 814 895 985 1083 1192 1311 1442 1586 1745 1919 2111 2323 2555 2810 3091 3400 3740 4114 4526 4979 5476 6024 6626 7289 8018 8820 9702 10672"

PERM="blk"

# uncomment and set a reasonable BLKSIZE for the blk version
#
BLKSIZE=1

# enable(1)/disable(0) result checking
export MATMULT_COMPARE=0
# export MATMULT_RESULTS={[0]|1}
# export MFLOPS_MIN_T=[3.0]
# export MFLOPS_MAX_IT=[infinity]

cd ..
lscpu
# start the collect command with the above settings
for S in $SIZES
do
    ./$EXECUTABLE $PERM $S $S $S $BLKSIZE
done

------------------------------------------------------------

TERM_RUNLIMIT: job killed after reaching LSF run time limit.
Exited with exit code 140.

Resource usage summary:

    CPU time :                                   14401.00 sec.
    Max Memory :                                 1220 MB
    Average Memory :                             788.71 MB
    Total Requested Memory :                     4096.00 MB
    Delta Memory :                               2876.00 MB
    Max Swap :                                   -
    Max Processes :                              4
    Max Threads :                                5
    Run time :                                   14404 sec.
    Turnaround time :                            14404 sec.

The output (if any) is above this job summary.



PS:

Read file <mm_batch_11941796_BLK_1.err> for stderr output of this job.

