Architecture:          x86_64
CPU op-mode(s):        32-bit, 64-bit
Byte Order:            Little Endian
CPU(s):                20
On-line CPU(s) list:   0-19
Thread(s) per core:    1
Core(s) per socket:    10
Socket(s):             2
NUMA node(s):          2
Vendor ID:             GenuineIntel
CPU family:            6
Model:                 63
Model name:            Intel(R) Xeon(R) CPU E5-2660 v3 @ 2.60GHz
Stepping:              2
CPU MHz:               2600.000
CPU max MHz:           3300.0000
CPU min MHz:           1200.0000
BogoMIPS:              5188.49
Virtualization:        VT-x
L1d cache:             32K
L1i cache:             32K
L2 cache:              256K
L3 cache:              25600K
NUMA node0 CPU(s):     0-9
NUMA node1 CPU(s):     10-19
Flags:                 fpu vme de pse tsc msr pae mce cx8 apic sep mtrr pge mca cmov pat pse36 clflush dts acpi mmx fxsr sse sse2 ss ht tm pbe syscall nx pdpe1gb rdtscp lm constant_tsc arch_perfmon pebs bts rep_good nopl xtopology nonstop_tsc aperfmperf eagerfpu pni pclmulqdq dtes64 ds_cpl vmx smx est tm2 ssse3 sdbg fma cx16 xtpr pdcm pcid dca sse4_1 sse4_2 x2apic movbe popcnt tsc_deadline_timer aes xsave avx f16c rdrand lahf_lm abm epb invpcid_single intel_ppin ssbd ibrs ibpb stibp tpr_shadow vnmi flexpriority ept vpid fsgsbase tsc_adjust bmi1 avx2 smep bmi2 erms invpcid cqm xsaveopt cqm_llc cqm_occup_llc dtherm ida arat pln pts md_clear spec_ctrl intel_stibp flush_l1d
   234.375    771.254 # matmult_blk 2
   283.594    772.072 # matmult_blk 2
   343.148    763.767 # matmult_blk 2
   414.586    762.163 # matmult_blk 2
   499.594    773.988 # matmult_blk 2
   607.523    766.865 # matmult_blk 2
   734.273    766.436 # matmult_blk 2
   891.211    768.624 # matmult_blk 2
  1073.344    778.412 # matmult_blk 2
  1305.375    779.396 # matmult_blk 2
  1572.211    770.496 # matmult_blk 2
  1903.711    772.888 # matmult_blk 2
  2310.844    780.244 # matmult_blk 2
  2789.648    772.973 # matmult_blk 2
  3384.375    783.207 # matmult_blk 2
  4095.094    782.035 # matmult_blk 2
  4937.836    775.512 # matmult_blk 2
  5977.148    776.189 # matmult_blk 2
  7245.375    782.042 # matmult_blk 2
  8778.375    782.039 # matmult_blk 2
 10615.523    777.462 # matmult_blk 2
 12834.375    781.186 # matmult_blk 2
 15529.594    789.404 # matmult_blk 2
 18774.023    776.606 # matmult_blk 2
 22739.648    775.469 # matmult_blk 2
 27489.586    775.394 # matmult_blk 2
 33301.500    775.067 # matmult_blk 2
 40282.523    775.744 # matmult_blk 2
 48735.094    779.794 # matmult_blk 2
 58954.594    777.964 # matmult_blk 2
 71367.773    779.685 # matmult_blk 2
 86310.023    779.370 # matmult_blk 2
104445.023    778.154 # matmult_blk 2
126476.461    782.539 # matmult_blk 2
153000.586    780.687 # matmult_blk 2
185064.844    780.685 # matmult_blk 2
223928.461    783.075 # matmult_blk 2
270937.500    782.710 # matmult_blk 2
327834.375    782.292 # matmult_blk 2
396679.594    782.547 # matmult_blk 2
480109.594    783.429 # matmult_blk 2
581025.961    787.041 # matmult_blk 2
702810.375    784.993 # matmult_blk 2
850513.500    785.449 # matmult_blk 2
1028997.094    785.000 # matmult_blk 2
1245223.148    790.725 # matmult_blk 2
1506757.594    777.453 # matmult_blk 2
1823259.375    787.691 # matmult_blk 2
2206143.844    787.173 # matmult_blk 2
2669334.000    786.722 # matmult_blk 2

------------------------------------------------------------
Sender: LSF System <lsfadmin@hpc.dtu.dk>
Subject: Job 11941809: <mm_batch> in cluster <dcc> Done

Job <mm_batch> was submitted from host <n-62-27-18> by user <s212571> in cluster <dcc> at Wed Jan  5 16:23:08 2022
Job was executed on host(s) <n-62-28-29>, in queue <hpc>, as user <s212571> in cluster <dcc> at Wed Jan  5 16:23:09 2022
</zhome/6d/6/164418> was used as the home directory.
</zhome/6d/6/164418/hpc/week1/assign/bscripts_blk> was used as the working directory.
Started at Wed Jan  5 16:23:09 2022
Terminated at Wed Jan  5 19:51:57 2022
Results reported at Wed Jan  5 19:51:57 2022

Your job looked like:

------------------------------------------------------------
# LSBATCH: User input
#!/bin/bash
# 02614 - High-Performance Computing, January 2022
# 
# batch script to run matmult on a decidated server in the hpcintro
# queue
#
# Author: Bernd Dammann <bd@cc.dtu.dk>
#
#BSUB -J mm_batch
#BSUB -o mm_batch_%J_BLK_2.out
#BSUB -e mm_batch_%J_BLK_2.err
#BSUB -q hpc
#BSUB -n 1
#BSUB -R "rusage[mem=4096]"
#BSUB -W 4:00
#BSUB -R "select[model == XeonE5_2660v3]"
# uncomment the following line, if you want to assure that your job has
# a whole CPU for itself (shared L3 cache)
# #BSUB -R "span[hosts=1] affinity[socket(1)]"

# define the driver name to use
# valid values: matmult_c.studio, matmult_f.studio, matmult_c.gcc or
# matmult_f.gcc
#
EXECUTABLE=matmult_c.gcc

# define the mkn values in the MKN variable
#
SIZES="100 110 121 133 146 161 177 195 214 236 259 285 314 345 380 418 459 505 556 612 673 740 814 895 985 1083 1192 1311 1442 1586 1745 1919 2111 2323 2555 2810 3091 3400 3740 4114 4526 4979 5476 6024 6626 7289 8018 8820 9702 10672"

PERM="blk"

# uncomment and set a reasonable BLKSIZE for the blk version
#
BLKSIZE=2

# enable(1)/disable(0) result checking
export MATMULT_COMPARE=0
# export MATMULT_RESULTS={[0]|1}
# export MFLOPS_MIN_T=[3.0]
# export MFLOPS_MAX_IT=[infinity]

cd ..
lscpu
# start the collect command with the above settings
for S in $SIZES
do
    ./$EXECUTABLE $PERM $S $S $S $BLKSIZE
done

------------------------------------------------------------

Successfully completed.

Resource usage summary:

    CPU time :                                   12524.24 sec.
    Max Memory :                                 2611 MB
    Average Memory :                             1712.92 MB
    Total Requested Memory :                     4096.00 MB
    Delta Memory :                               1485.00 MB
    Max Swap :                                   -
    Max Processes :                              4
    Max Threads :                                5
    Run time :                                   12575 sec.
    Turnaround time :                            12529 sec.

The output (if any) is above this job summary.



PS:

Read file <mm_batch_11941809_BLK_2.err> for stderr output of this job.

