Architecture:          x86_64
CPU op-mode(s):        32-bit, 64-bit
Byte Order:            Little Endian
CPU(s):                20
On-line CPU(s) list:   0-19
Thread(s) per core:    1
Core(s) per socket:    10
Socket(s):             2
NUMA node(s):          2
Vendor ID:             GenuineIntel
CPU family:            6
Model:                 63
Model name:            Intel(R) Xeon(R) CPU E5-2660 v3 @ 2.60GHz
Stepping:              2
CPU MHz:               2600.000
CPU max MHz:           3300.0000
CPU min MHz:           1200.0000
BogoMIPS:              5188.49
Virtualization:        VT-x
L1d cache:             32K
L1i cache:             32K
L2 cache:              256K
L3 cache:              25600K
NUMA node0 CPU(s):     0-9
NUMA node1 CPU(s):     10-19
Flags:                 fpu vme de pse tsc msr pae mce cx8 apic sep mtrr pge mca cmov pat pse36 clflush dts acpi mmx fxsr sse sse2 ss ht tm pbe syscall nx pdpe1gb rdtscp lm constant_tsc arch_perfmon pebs bts rep_good nopl xtopology nonstop_tsc aperfmperf eagerfpu pni pclmulqdq dtes64 ds_cpl vmx smx est tm2 ssse3 sdbg fma cx16 xtpr pdcm pcid dca sse4_1 sse4_2 x2apic movbe popcnt tsc_deadline_timer aes xsave avx f16c rdrand lahf_lm abm epb invpcid_single intel_ppin ssbd ibrs ibpb stibp tpr_shadow vnmi flexpriority ept vpid fsgsbase tsc_adjust bmi1 avx2 smep bmi2 erms invpcid cqm xsaveopt cqm_llc cqm_occup_llc dtherm ida arat pln pts md_clear spec_ctrl intel_stibp flush_l1d
   234.375   2378.944 # matmult_blk 18
   283.594   2466.601 # matmult_blk 18
   343.148   2393.743 # matmult_blk 18
   414.586   2276.118 # matmult_blk 18
   499.594   2296.046 # matmult_blk 18
   607.523   2346.935 # matmult_blk 18
   734.273   2329.831 # matmult_blk 18
   891.211   2339.451 # matmult_blk 18
  1073.344   2373.552 # matmult_blk 18
  1305.375   2328.398 # matmult_blk 18
  1572.211   2369.313 # matmult_blk 18
  1903.711   2387.281 # matmult_blk 18
  2310.844   2380.438 # matmult_blk 18
  2789.648   2392.313 # matmult_blk 18
  3384.375   2359.690 # matmult_blk 18
  4095.094   2403.624 # matmult_blk 18
  4937.836   2431.297 # matmult_blk 18
  5977.148   2390.857 # matmult_blk 18
  7245.375   2330.979 # matmult_blk 18
  8778.375   2302.859 # matmult_blk 18
 10615.523   2257.068 # matmult_blk 18
 12834.375   2249.885 # matmult_blk 18
 15529.594   2207.010 # matmult_blk 18
 18774.023   2147.367 # matmult_blk 18
 22739.648   2027.884 # matmult_blk 18
 27489.586   1979.471 # matmult_blk 18
 33301.500   2094.812 # matmult_blk 18
 40282.523   2019.678 # matmult_blk 18
 48735.094   2042.456 # matmult_blk 18
 58954.594   2034.316 # matmult_blk 18
 71367.773   1988.792 # matmult_blk 18
 86310.023   2025.905 # matmult_blk 18
104445.023   2008.367 # matmult_blk 18
126476.461   1967.139 # matmult_blk 18
153000.586   2060.635 # matmult_blk 18
185064.844   2035.516 # matmult_blk 18
223928.461   1981.722 # matmult_blk 18
270937.500   2082.971 # matmult_blk 18
327834.375   2106.496 # matmult_blk 18
396679.594   2050.068 # matmult_blk 18
480109.594   2049.879 # matmult_blk 18
581025.961   1980.000 # matmult_blk 18
702810.375   2125.366 # matmult_blk 18
850513.500   2086.769 # matmult_blk 18
1028997.094   2051.461 # matmult_blk 18
1245223.148   2006.951 # matmult_blk 18
1506757.594   2059.088 # matmult_blk 18
1823259.375   2135.557 # matmult_blk 18
2206143.844   2019.768 # matmult_blk 18
2669334.000   1916.826 # matmult_blk 18

------------------------------------------------------------
Sender: LSF System <lsfadmin@hpc.dtu.dk>
Subject: Job 11941807: <mm_batch> in cluster <dcc> Done

Job <mm_batch> was submitted from host <n-62-27-18> by user <s212571> in cluster <dcc> at Wed Jan  5 16:23:08 2022
Job was executed on host(s) <n-62-28-29>, in queue <hpc>, as user <s212571> in cluster <dcc> at Wed Jan  5 16:23:09 2022
</zhome/6d/6/164418> was used as the home directory.
</zhome/6d/6/164418/hpc/week1/assign/bscripts_blk> was used as the working directory.
Started at Wed Jan  5 16:23:09 2022
Terminated at Wed Jan  5 17:45:19 2022
Results reported at Wed Jan  5 17:45:19 2022

Your job looked like:

------------------------------------------------------------
# LSBATCH: User input
#!/bin/bash
# 02614 - High-Performance Computing, January 2022
# 
# batch script to run matmult on a decidated server in the hpcintro
# queue
#
# Author: Bernd Dammann <bd@cc.dtu.dk>
#
#BSUB -J mm_batch
#BSUB -o mm_batch_%J_BLK_18.out
#BSUB -e mm_batch_%J_BLK_18.err
#BSUB -q hpc
#BSUB -n 1
#BSUB -R "rusage[mem=4096]"
#BSUB -W 4:00
#BSUB -R "select[model == XeonE5_2660v3]"
# uncomment the following line, if you want to assure that your job has
# a whole CPU for itself (shared L3 cache)
# #BSUB -R "span[hosts=1] affinity[socket(1)]"

# define the driver name to use
# valid values: matmult_c.studio, matmult_f.studio, matmult_c.gcc or
# matmult_f.gcc
#
EXECUTABLE=matmult_c.gcc

# define the mkn values in the MKN variable
#
SIZES="100 110 121 133 146 161 177 195 214 236 259 285 314 345 380 418 459 505 556 612 673 740 814 895 985 1083 1192 1311 1442 1586 1745 1919 2111 2323 2555 2810 3091 3400 3740 4114 4526 4979 5476 6024 6626 7289 8018 8820 9702 10672"

PERM="blk"

# uncomment and set a reasonable BLKSIZE for the blk version
#
BLKSIZE=18

# enable(1)/disable(0) result checking
export MATMULT_COMPARE=0
# export MATMULT_RESULTS={[0]|1}
# export MFLOPS_MIN_T=[3.0]
# export MFLOPS_MAX_IT=[infinity]

cd ..
lscpu
# start the collect command with the above settings
for S in $SIZES
do
    ./$EXECUTABLE $PERM $S $S $S $BLKSIZE
done

------------------------------------------------------------

Successfully completed.

Resource usage summary:

    CPU time :                                   4927.71 sec.
    Max Memory :                                 2611 MB
    Average Memory :                             1714.74 MB
    Total Requested Memory :                     4096.00 MB
    Delta Memory :                               1485.00 MB
    Max Swap :                                   -
    Max Processes :                              4
    Max Threads :                                5
    Run time :                                   4978 sec.
    Turnaround time :                            4931 sec.

The output (if any) is above this job summary.



PS:

Read file <mm_batch_11941807_BLK_18.err> for stderr output of this job.

