Architecture:          x86_64
CPU op-mode(s):        32-bit, 64-bit
Byte Order:            Little Endian
CPU(s):                20
On-line CPU(s) list:   0-19
Thread(s) per core:    1
Core(s) per socket:    10
Socket(s):             2
NUMA node(s):          2
Vendor ID:             GenuineIntel
CPU family:            6
Model:                 63
Model name:            Intel(R) Xeon(R) CPU E5-2660 v3 @ 2.60GHz
Stepping:              2
CPU MHz:               2899.926
CPU max MHz:           3300.0000
CPU min MHz:           1200.0000
BogoMIPS:              5187.67
Virtualization:        VT-x
L1d cache:             32K
L1i cache:             32K
L2 cache:              256K
L3 cache:              25600K
NUMA node0 CPU(s):     0-9
NUMA node1 CPU(s):     10-19
Flags:                 fpu vme de pse tsc msr pae mce cx8 apic sep mtrr pge mca cmov pat pse36 clflush dts acpi mmx fxsr sse sse2 ss ht tm pbe syscall nx pdpe1gb rdtscp lm constant_tsc arch_perfmon pebs bts rep_good nopl xtopology nonstop_tsc aperfmperf eagerfpu pni pclmulqdq dtes64 ds_cpl vmx smx est tm2 ssse3 sdbg fma cx16 xtpr pdcm pcid dca sse4_1 sse4_2 x2apic movbe popcnt tsc_deadline_timer aes xsave avx f16c rdrand lahf_lm abm epb invpcid_single intel_ppin ssbd ibrs ibpb stibp tpr_shadow vnmi flexpriority ept vpid fsgsbase tsc_adjust bmi1 avx2 smep bmi2 erms invpcid cqm xsaveopt cqm_llc cqm_occup_llc dtherm ida arat pln pts md_clear spec_ctrl intel_stibp flush_l1d
   234.375   2337.310 # matmult_blk 21
   283.594   2443.152 # matmult_blk 21
   343.148   2353.118 # matmult_blk 21
   414.586   2237.381 # matmult_blk 21
   499.594   2289.988 # matmult_blk 21
   607.523   2289.084 # matmult_blk 21
   734.273   2291.073 # matmult_blk 21
   891.211   2276.725 # matmult_blk 21
  1073.344   2309.256 # matmult_blk 21
  1305.375   2284.454 # matmult_blk 21
  1572.211   2331.631 # matmult_blk 21
  1903.711   2350.886 # matmult_blk 21
  2310.844   2348.803 # matmult_blk 21
  2789.648   2364.114 # matmult_blk 21
  3384.375   2285.036 # matmult_blk 21
  4095.094   2353.894 # matmult_blk 21
  4937.836   2293.873 # matmult_blk 21
  5977.148   2243.532 # matmult_blk 21
  7245.375   2227.844 # matmult_blk 21
  8778.375   2204.124 # matmult_blk 21
 10615.523   2078.000 # matmult_blk 21
 12834.375   2149.359 # matmult_blk 21
 15529.594   2098.612 # matmult_blk 21
 18774.023   2095.439 # matmult_blk 21
 22739.648   2062.185 # matmult_blk 21
 27489.586   2035.808 # matmult_blk 21
 33301.500   2089.752 # matmult_blk 21
 40282.523   2069.093 # matmult_blk 21
 48735.094   2087.417 # matmult_blk 21
 58954.594   2082.531 # matmult_blk 21
 71367.773   2052.386 # matmult_blk 21
 86310.023   2087.086 # matmult_blk 21
104445.023   2059.776 # matmult_blk 21
126476.461   2034.078 # matmult_blk 21
153000.586   2067.993 # matmult_blk 21
185064.844   2094.060 # matmult_blk 21
223928.461   2048.548 # matmult_blk 21
270937.500   2085.205 # matmult_blk 21
327834.375   2126.762 # matmult_blk 21
396679.594   2100.605 # matmult_blk 21
480109.594   2112.765 # matmult_blk 21
581025.961   2031.255 # matmult_blk 21
702810.375   2111.600 # matmult_blk 21
850513.500   2067.980 # matmult_blk 21
1028997.094   2108.084 # matmult_blk 21
1245223.148   2059.979 # matmult_blk 21
1506757.594   2127.562 # matmult_blk 21
1823259.375   2155.828 # matmult_blk 21
2206143.844   2102.071 # matmult_blk 21
2669334.000   1909.561 # matmult_blk 21

------------------------------------------------------------
Sender: LSF System <lsfadmin@hpc.dtu.dk>
Subject: Job 11941811: <mm_batch> in cluster <dcc> Done

Job <mm_batch> was submitted from host <n-62-27-18> by user <s212571> in cluster <dcc> at Wed Jan  5 16:23:08 2022
Job was executed on host(s) <n-62-28-31>, in queue <hpc>, as user <s212571> in cluster <dcc> at Wed Jan  5 16:23:09 2022
</zhome/6d/6/164418> was used as the home directory.
</zhome/6d/6/164418/hpc/week1/assign/bscripts_blk> was used as the working directory.
Started at Wed Jan  5 16:23:09 2022
Terminated at Wed Jan  5 17:43:59 2022
Results reported at Wed Jan  5 17:43:59 2022

Your job looked like:

------------------------------------------------------------
# LSBATCH: User input
#!/bin/bash
# 02614 - High-Performance Computing, January 2022
# 
# batch script to run matmult on a decidated server in the hpcintro
# queue
#
# Author: Bernd Dammann <bd@cc.dtu.dk>
#
#BSUB -J mm_batch
#BSUB -o mm_batch_%J_BLK_21.out
#BSUB -e mm_batch_%J_BLK_21.err
#BSUB -q hpc
#BSUB -n 1
#BSUB -R "rusage[mem=4096]"
#BSUB -W 4:00
#BSUB -R "select[model == XeonE5_2660v3]"
# uncomment the following line, if you want to assure that your job has
# a whole CPU for itself (shared L3 cache)
# #BSUB -R "span[hosts=1] affinity[socket(1)]"

# define the driver name to use
# valid values: matmult_c.studio, matmult_f.studio, matmult_c.gcc or
# matmult_f.gcc
#
EXECUTABLE=matmult_c.gcc

# define the mkn values in the MKN variable
#
SIZES="100 110 121 133 146 161 177 195 214 236 259 285 314 345 380 418 459 505 556 612 673 740 814 895 985 1083 1192 1311 1442 1586 1745 1919 2111 2323 2555 2810 3091 3400 3740 4114 4526 4979 5476 6024 6626 7289 8018 8820 9702 10672"

PERM="blk"

# uncomment and set a reasonable BLKSIZE for the blk version
#
BLKSIZE=21

# enable(1)/disable(0) result checking
export MATMULT_COMPARE=0
# export MATMULT_RESULTS={[0]|1}
# export MFLOPS_MIN_T=[3.0]
# export MFLOPS_MAX_IT=[infinity]

cd ..
lscpu
# start the collect command with the above settings
for S in $SIZES
do
    ./$EXECUTABLE $PERM $S $S $S $BLKSIZE
done

------------------------------------------------------------

Successfully completed.

Resource usage summary:

    CPU time :                                   4848.32 sec.
    Max Memory :                                 2611 MB
    Average Memory :                             1715.33 MB
    Total Requested Memory :                     4096.00 MB
    Delta Memory :                               1485.00 MB
    Max Swap :                                   -
    Max Processes :                              5
    Max Threads :                                6
    Run time :                                   4850 sec.
    Turnaround time :                            4851 sec.

The output (if any) is above this job summary.



PS:

Read file <mm_batch_11941811_BLK_21.err> for stderr output of this job.

