Architecture:          x86_64
CPU op-mode(s):        32-bit, 64-bit
Byte Order:            Little Endian
CPU(s):                20
On-line CPU(s) list:   0-19
Thread(s) per core:    1
Core(s) per socket:    10
Socket(s):             2
NUMA node(s):          2
Vendor ID:             GenuineIntel
CPU family:            6
Model:                 63
Model name:            Intel(R) Xeon(R) CPU E5-2660 v3 @ 2.60GHz
Stepping:              2
CPU MHz:               2899.926
CPU max MHz:           3300.0000
CPU min MHz:           1200.0000
BogoMIPS:              5187.79
Virtualization:        VT-x
L1d cache:             32K
L1i cache:             32K
L2 cache:              256K
L3 cache:              25600K
NUMA node0 CPU(s):     0-9
NUMA node1 CPU(s):     10-19
Flags:                 fpu vme de pse tsc msr pae mce cx8 apic sep mtrr pge mca cmov pat pse36 clflush dts acpi mmx fxsr sse sse2 ss ht tm pbe syscall nx pdpe1gb rdtscp lm constant_tsc arch_perfmon pebs bts rep_good nopl xtopology nonstop_tsc aperfmperf eagerfpu pni pclmulqdq dtes64 ds_cpl vmx smx est tm2 ssse3 sdbg fma cx16 xtpr pdcm pcid dca sse4_1 sse4_2 x2apic movbe popcnt tsc_deadline_timer aes xsave avx f16c rdrand lahf_lm abm epb invpcid_single intel_ppin ssbd ibrs ibpb stibp tpr_shadow vnmi flexpriority ept vpid fsgsbase tsc_adjust bmi1 avx2 smep bmi2 erms invpcid cqm xsaveopt cqm_llc cqm_occup_llc dtherm ida arat pln pts md_clear spec_ctrl intel_stibp flush_l1d
   234.375   1995.047 # matmult_blk 128
   283.594   2058.856 # matmult_blk 128
   343.148   2013.352 # matmult_blk 128
   414.586   1923.554 # matmult_blk 128
   499.594   1979.279 # matmult_blk 128
   607.523   1995.632 # matmult_blk 128
   734.273   1999.098 # matmult_blk 128
   891.211   1971.051 # matmult_blk 128
  1073.344   1956.696 # matmult_blk 128
  1305.375   1915.130 # matmult_blk 128
  1572.211   1868.464 # matmult_blk 128
  1903.711   1886.376 # matmult_blk 128
  2310.844   1882.577 # matmult_blk 128
  2789.648   1859.613 # matmult_blk 128
  3384.375   1812.443 # matmult_blk 128
  4095.094   1849.080 # matmult_blk 128
  4937.836   1810.268 # matmult_blk 128
  5977.148   1793.153 # matmult_blk 128
  7245.375   1811.000 # matmult_blk 128
  8778.375   1804.321 # matmult_blk 128
 10615.523   1920.929 # matmult_blk 128
 12834.375   1950.205 # matmult_blk 128
 15529.594   1926.347 # matmult_blk 128
 18774.023   1915.535 # matmult_blk 128
 22739.648   1871.342 # matmult_blk 128
 27489.586   1886.014 # matmult_blk 128
 33301.500   1906.024 # matmult_blk 128
 40282.523   1950.891 # matmult_blk 128
 48735.094   1962.795 # matmult_blk 128
 58954.594   1911.588 # matmult_blk 128
 71367.773   1942.478 # matmult_blk 128
 86310.023   1962.038 # matmult_blk 128
104445.023   1955.249 # matmult_blk 128
126476.461   1971.827 # matmult_blk 128
153000.586   1906.156 # matmult_blk 128
185064.844   1958.899 # matmult_blk 128
223928.461   1811.585 # matmult_blk 128
270937.500   1905.356 # matmult_blk 128
327834.375   1934.416 # matmult_blk 128
396679.594   1802.166 # matmult_blk 128
480109.594   1879.492 # matmult_blk 128
581025.961   1976.549 # matmult_blk 128
702810.375   1909.862 # matmult_blk 128
850513.500   1884.281 # matmult_blk 128
1028997.094   1913.760 # matmult_blk 128
1245223.148   1975.214 # matmult_blk 128
1506757.594   1957.563 # matmult_blk 128
1823259.375   1963.082 # matmult_blk 128
2206143.844   1852.311 # matmult_blk 128
2669334.000   1756.959 # matmult_blk 128

------------------------------------------------------------
Sender: LSF System <lsfadmin@hpc.dtu.dk>
Subject: Job 11941800: <mm_batch> in cluster <dcc> Done

Job <mm_batch> was submitted from host <n-62-27-18> by user <s212571> in cluster <dcc> at Wed Jan  5 16:23:07 2022
Job was executed on host(s) <n-62-28-33>, in queue <hpc>, as user <s212571> in cluster <dcc> at Wed Jan  5 16:23:07 2022
</zhome/6d/6/164418> was used as the home directory.
</zhome/6d/6/164418/hpc/week1/assign/bscripts_blk> was used as the working directory.
Started at Wed Jan  5 16:23:07 2022
Terminated at Wed Jan  5 17:51:31 2022
Results reported at Wed Jan  5 17:51:31 2022

Your job looked like:

------------------------------------------------------------
# LSBATCH: User input
#!/bin/bash
# 02614 - High-Performance Computing, January 2022
# 
# batch script to run matmult on a decidated server in the hpcintro
# queue
#
# Author: Bernd Dammann <bd@cc.dtu.dk>
#
#BSUB -J mm_batch
#BSUB -o mm_batch_%J_BLK_128.out
#BSUB -e mm_batch_%J_BLK_128.err
#BSUB -q hpc
#BSUB -n 1
#BSUB -R "rusage[mem=4096]"
#BSUB -W 4:00
#BSUB -R "select[model == XeonE5_2660v3]"
# uncomment the following line, if you want to assure that your job has
# a whole CPU for itself (shared L3 cache)
# #BSUB -R "span[hosts=1] affinity[socket(1)]"

# define the driver name to use
# valid values: matmult_c.studio, matmult_f.studio, matmult_c.gcc or
# matmult_f.gcc
#
EXECUTABLE=matmult_c.gcc

# define the mkn values in the MKN variable
#
SIZES="100 110 121 133 146 161 177 195 214 236 259 285 314 345 380 418 459 505 556 612 673 740 814 895 985 1083 1192 1311 1442 1586 1745 1919 2111 2323 2555 2810 3091 3400 3740 4114 4526 4979 5476 6024 6626 7289 8018 8820 9702 10672"

PERM="blk"

# uncomment and set a reasonable BLKSIZE for the blk version
#
BLKSIZE=128

# enable(1)/disable(0) result checking
export MATMULT_COMPARE=0
# export MATMULT_RESULTS={[0]|1}
# export MFLOPS_MIN_T=[3.0]
# export MFLOPS_MAX_IT=[infinity]

cd ..
lscpu
# start the collect command with the above settings
for S in $SIZES
do
    ./$EXECUTABLE $PERM $S $S $S $BLKSIZE
done

------------------------------------------------------------

Successfully completed.

Resource usage summary:

    CPU time :                                   5302.77 sec.
    Max Memory :                                 2611 MB
    Average Memory :                             1720.51 MB
    Total Requested Memory :                     4096.00 MB
    Delta Memory :                               1485.00 MB
    Max Swap :                                   -
    Max Processes :                              4
    Max Threads :                                5
    Run time :                                   5350 sec.
    Turnaround time :                            5304 sec.

The output (if any) is above this job summary.



PS:

Read file <mm_batch_11941800_BLK_128.err> for stderr output of this job.

