Architecture:          x86_64
CPU op-mode(s):        32-bit, 64-bit
Byte Order:            Little Endian
CPU(s):                20
On-line CPU(s) list:   0-19
Thread(s) per core:    1
Core(s) per socket:    10
Socket(s):             2
NUMA node(s):          2
Vendor ID:             GenuineIntel
CPU family:            6
Model:                 63
Model name:            Intel(R) Xeon(R) CPU E5-2660 v3 @ 2.60GHz
Stepping:              2
CPU MHz:               2600.000
CPU max MHz:           3300.0000
CPU min MHz:           1200.0000
BogoMIPS:              5188.49
Virtualization:        VT-x
L1d cache:             32K
L1i cache:             32K
L2 cache:              256K
L3 cache:              25600K
NUMA node0 CPU(s):     0-9
NUMA node1 CPU(s):     10-19
Flags:                 fpu vme de pse tsc msr pae mce cx8 apic sep mtrr pge mca cmov pat pse36 clflush dts acpi mmx fxsr sse sse2 ss ht tm pbe syscall nx pdpe1gb rdtscp lm constant_tsc arch_perfmon pebs bts rep_good nopl xtopology nonstop_tsc aperfmperf eagerfpu pni pclmulqdq dtes64 ds_cpl vmx smx est tm2 ssse3 sdbg fma cx16 xtpr pdcm pcid dca sse4_1 sse4_2 x2apic movbe popcnt tsc_deadline_timer aes xsave avx f16c rdrand lahf_lm abm epb invpcid_single intel_ppin ssbd ibrs ibpb stibp tpr_shadow vnmi flexpriority ept vpid fsgsbase tsc_adjust bmi1 avx2 smep bmi2 erms invpcid cqm xsaveopt cqm_llc cqm_occup_llc dtherm ida arat pln pts md_clear spec_ctrl intel_stibp flush_l1d
   234.375   2358.754 # matmult_blk 20
   283.594   2478.470 # matmult_blk 20
   343.148   2332.118 # matmult_blk 20
   414.586   2260.663 # matmult_blk 20
   499.594   2277.448 # matmult_blk 20
   607.523   2283.255 # matmult_blk 20
   734.273   2313.165 # matmult_blk 20
   891.211   2307.309 # matmult_blk 20
  1073.344   2340.388 # matmult_blk 20
  1305.375   2313.160 # matmult_blk 20
  1572.211   2357.604 # matmult_blk 20
  1903.711   2347.266 # matmult_blk 20
  2310.844   2351.600 # matmult_blk 20
  2789.648   2364.092 # matmult_blk 20
  3384.375   2342.415 # matmult_blk 20
  4095.094   2383.523 # matmult_blk 20
  4937.836   2378.726 # matmult_blk 20
  5977.148   2327.487 # matmult_blk 20
  7245.375   2274.408 # matmult_blk 20
  8778.375   2248.764 # matmult_blk 20
 10615.523   2120.790 # matmult_blk 20
 12834.375   2162.577 # matmult_blk 20
 15529.594   2052.280 # matmult_blk 20
 18774.023   2053.302 # matmult_blk 20
 22739.648   2026.199 # matmult_blk 20
 27489.586   2017.306 # matmult_blk 20
 33301.500   2095.660 # matmult_blk 20
 40282.523   2028.063 # matmult_blk 20
 48735.094   2020.083 # matmult_blk 20
 58954.594   2021.910 # matmult_blk 20
 71367.773   2021.959 # matmult_blk 20
 86310.023   2025.093 # matmult_blk 20
104445.023   2020.505 # matmult_blk 20
126476.461   2017.176 # matmult_blk 20
153000.586   2029.171 # matmult_blk 20
185064.844   2026.069 # matmult_blk 20
223928.461   2011.861 # matmult_blk 20
270937.500   2086.085 # matmult_blk 20
327834.375   2127.427 # matmult_blk 20
396679.594   2023.560 # matmult_blk 20
480109.594   2031.573 # matmult_blk 20
581025.961   2018.311 # matmult_blk 20
702810.375   2119.549 # matmult_blk 20
850513.500   2079.946 # matmult_blk 20
1028997.094   2022.737 # matmult_blk 20
1245223.148   2012.223 # matmult_blk 20
1506757.594   2048.631 # matmult_blk 20
1823259.375   2123.862 # matmult_blk 20
2206143.844   2004.342 # matmult_blk 20
2669334.000   1884.983 # matmult_blk 20

------------------------------------------------------------
Sender: LSF System <lsfadmin@hpc.dtu.dk>
Subject: Job 11941810: <mm_batch> in cluster <dcc> Done

Job <mm_batch> was submitted from host <n-62-27-18> by user <s212571> in cluster <dcc> at Wed Jan  5 16:23:08 2022
Job was executed on host(s) <n-62-28-29>, in queue <hpc>, as user <s212571> in cluster <dcc> at Wed Jan  5 16:23:09 2022
</zhome/6d/6/164418> was used as the home directory.
</zhome/6d/6/164418/hpc/week1/assign/bscripts_blk> was used as the working directory.
Started at Wed Jan  5 16:23:09 2022
Terminated at Wed Jan  5 17:45:56 2022
Results reported at Wed Jan  5 17:45:56 2022

Your job looked like:

------------------------------------------------------------
# LSBATCH: User input
#!/bin/bash
# 02614 - High-Performance Computing, January 2022
# 
# batch script to run matmult on a decidated server in the hpcintro
# queue
#
# Author: Bernd Dammann <bd@cc.dtu.dk>
#
#BSUB -J mm_batch
#BSUB -o mm_batch_%J_BLK_20.out
#BSUB -e mm_batch_%J_BLK_20.err
#BSUB -q hpc
#BSUB -n 1
#BSUB -R "rusage[mem=4096]"
#BSUB -W 4:00
#BSUB -R "select[model == XeonE5_2660v3]"
# uncomment the following line, if you want to assure that your job has
# a whole CPU for itself (shared L3 cache)
# #BSUB -R "span[hosts=1] affinity[socket(1)]"

# define the driver name to use
# valid values: matmult_c.studio, matmult_f.studio, matmult_c.gcc or
# matmult_f.gcc
#
EXECUTABLE=matmult_c.gcc

# define the mkn values in the MKN variable
#
SIZES="100 110 121 133 146 161 177 195 214 236 259 285 314 345 380 418 459 505 556 612 673 740 814 895 985 1083 1192 1311 1442 1586 1745 1919 2111 2323 2555 2810 3091 3400 3740 4114 4526 4979 5476 6024 6626 7289 8018 8820 9702 10672"

PERM="blk"

# uncomment and set a reasonable BLKSIZE for the blk version
#
BLKSIZE=20

# enable(1)/disable(0) result checking
export MATMULT_COMPARE=0
# export MATMULT_RESULTS={[0]|1}
# export MFLOPS_MIN_T=[3.0]
# export MFLOPS_MAX_IT=[infinity]

cd ..
lscpu
# start the collect command with the above settings
for S in $SIZES
do
    ./$EXECUTABLE $PERM $S $S $S $BLKSIZE
done

------------------------------------------------------------

Successfully completed.

Resource usage summary:

    CPU time :                                   4964.44 sec.
    Max Memory :                                 2611 MB
    Average Memory :                             1709.71 MB
    Total Requested Memory :                     4096.00 MB
    Delta Memory :                               1485.00 MB
    Max Swap :                                   -
    Max Processes :                              4
    Max Threads :                                5
    Run time :                                   5015 sec.
    Turnaround time :                            4968 sec.

The output (if any) is above this job summary.



PS:

Read file <mm_batch_11941810_BLK_20.err> for stderr output of this job.

