Architecture:          x86_64
CPU op-mode(s):        32-bit, 64-bit
Byte Order:            Little Endian
CPU(s):                20
On-line CPU(s) list:   0-19
Thread(s) per core:    1
Core(s) per socket:    10
Socket(s):             2
NUMA node(s):          2
Vendor ID:             GenuineIntel
CPU family:            6
Model:                 63
Model name:            Intel(R) Xeon(R) CPU E5-2660 v3 @ 2.60GHz
Stepping:              2
CPU MHz:               2899.926
CPU max MHz:           3300.0000
CPU min MHz:           1200.0000
BogoMIPS:              5188.40
Virtualization:        VT-x
L1d cache:             32K
L1i cache:             32K
L2 cache:              256K
L3 cache:              25600K
NUMA node0 CPU(s):     0-9
NUMA node1 CPU(s):     10-19
Flags:                 fpu vme de pse tsc msr pae mce cx8 apic sep mtrr pge mca cmov pat pse36 clflush dts acpi mmx fxsr sse sse2 ss ht tm pbe syscall nx pdpe1gb rdtscp lm constant_tsc arch_perfmon pebs bts rep_good nopl xtopology nonstop_tsc aperfmperf eagerfpu pni pclmulqdq dtes64 ds_cpl vmx smx est tm2 ssse3 sdbg fma cx16 xtpr pdcm pcid dca sse4_1 sse4_2 x2apic movbe popcnt tsc_deadline_timer aes xsave avx f16c rdrand lahf_lm abm epb invpcid_single intel_ppin ssbd ibrs ibpb stibp tpr_shadow vnmi flexpriority ept vpid fsgsbase tsc_adjust bmi1 avx2 smep bmi2 erms invpcid cqm xsaveopt cqm_llc cqm_occup_llc dtherm ida arat pln pts md_clear spec_ctrl intel_stibp flush_l1d
   234.375   1761.714 # matmult_blk 5
   283.594   1778.444 # matmult_blk 5
   343.148   1752.940 # matmult_blk 5
   414.586   1747.933 # matmult_blk 5
   499.594   1746.405 # matmult_blk 5
   607.523   1750.621 # matmult_blk 5
   734.273   1750.676 # matmult_blk 5
   891.211   1763.913 # matmult_blk 5
  1073.344   1763.256 # matmult_blk 5
  1305.375   1759.215 # matmult_blk 5
  1572.211   1762.462 # matmult_blk 5
  1903.711   1770.443 # matmult_blk 5
  2310.844   1766.931 # matmult_blk 5
  2789.648   1772.814 # matmult_blk 5
  3384.375   1775.344 # matmult_blk 5
  4095.094   1773.120 # matmult_blk 5
  4937.836   1774.124 # matmult_blk 5
  5977.148   1776.811 # matmult_blk 5
  7245.375   1770.898 # matmult_blk 5
  8778.375   1773.472 # matmult_blk 5
 10615.523   1774.041 # matmult_blk 5
 12834.375   1776.012 # matmult_blk 5
 15529.594   1772.635 # matmult_blk 5
 18774.023   1769.563 # matmult_blk 5
 22739.648   1769.902 # matmult_blk 5
 27489.586   1771.207 # matmult_blk 5
 33301.500   1766.432 # matmult_blk 5
 40282.523   1771.891 # matmult_blk 5
 48735.094   1775.094 # matmult_blk 5
 58954.594   1776.147 # matmult_blk 5
 71367.773   1776.947 # matmult_blk 5
 86310.023   1776.439 # matmult_blk 5
104445.023   1768.252 # matmult_blk 5
126476.461   1779.589 # matmult_blk 5
153000.586   1777.819 # matmult_blk 5
185064.844   1783.388 # matmult_blk 5
223928.461   1781.456 # matmult_blk 5
270937.500   1772.811 # matmult_blk 5
327834.375   1783.161 # matmult_blk 5
396679.594   1781.097 # matmult_blk 5
480109.594   1781.449 # matmult_blk 5
581025.961   1781.724 # matmult_blk 5
702810.375   1782.126 # matmult_blk 5
850513.500   1772.337 # matmult_blk 5
1028997.094   1780.984 # matmult_blk 5
1245223.148   1779.446 # matmult_blk 5
1506757.594   1783.704 # matmult_blk 5
1823259.375   1781.595 # matmult_blk 5
2206143.844   1826.762 # matmult_blk 5
2669334.000   1758.266 # matmult_blk 5

------------------------------------------------------------
Sender: LSF System <lsfadmin@hpc.dtu.dk>
Subject: Job 11941826: <mm_batch> in cluster <dcc> Done

Job <mm_batch> was submitted from host <n-62-27-18> by user <s212571> in cluster <dcc> at Wed Jan  5 16:23:11 2022
Job was executed on host(s) <n-62-28-28>, in queue <hpc>, as user <s212571> in cluster <dcc> at Wed Jan  5 16:23:12 2022
</zhome/6d/6/164418> was used as the home directory.
</zhome/6d/6/164418/hpc/week1/assign/bscripts_blk> was used as the working directory.
Started at Wed Jan  5 16:23:12 2022
Terminated at Wed Jan  5 17:56:02 2022
Results reported at Wed Jan  5 17:56:02 2022

Your job looked like:

------------------------------------------------------------
# LSBATCH: User input
#!/bin/bash
# 02614 - High-Performance Computing, January 2022
# 
# batch script to run matmult on a decidated server in the hpcintro
# queue
#
# Author: Bernd Dammann <bd@cc.dtu.dk>
#
#BSUB -J mm_batch
#BSUB -o mm_batch_%J_BLK_5.out
#BSUB -e mm_batch_%J_BLK_5.err
#BSUB -q hpc
#BSUB -n 1
#BSUB -R "rusage[mem=4096]"
#BSUB -W 4:00
#BSUB -R "select[model == XeonE5_2660v3]"
# uncomment the following line, if you want to assure that your job has
# a whole CPU for itself (shared L3 cache)
# #BSUB -R "span[hosts=1] affinity[socket(1)]"

# define the driver name to use
# valid values: matmult_c.studio, matmult_f.studio, matmult_c.gcc or
# matmult_f.gcc
#
EXECUTABLE=matmult_c.gcc

# define the mkn values in the MKN variable
#
SIZES="100 110 121 133 146 161 177 195 214 236 259 285 314 345 380 418 459 505 556 612 673 740 814 895 985 1083 1192 1311 1442 1586 1745 1919 2111 2323 2555 2810 3091 3400 3740 4114 4526 4979 5476 6024 6626 7289 8018 8820 9702 10672"

PERM="blk"

# uncomment and set a reasonable BLKSIZE for the blk version
#
BLKSIZE=5

# enable(1)/disable(0) result checking
export MATMULT_COMPARE=0
# export MATMULT_RESULTS={[0]|1}
# export MFLOPS_MIN_T=[3.0]
# export MFLOPS_MAX_IT=[infinity]

cd ..
lscpu
# start the collect command with the above settings
for S in $SIZES
do
    ./$EXECUTABLE $PERM $S $S $S $BLKSIZE
done

------------------------------------------------------------

Successfully completed.

Resource usage summary:

    CPU time :                                   5567.68 sec.
    Max Memory :                                 2611 MB
    Average Memory :                             1690.72 MB
    Total Requested Memory :                     4096.00 MB
    Delta Memory :                               1485.00 MB
    Max Swap :                                   -
    Max Processes :                              4
    Max Threads :                                5
    Run time :                                   5571 sec.
    Turnaround time :                            5571 sec.

The output (if any) is above this job summary.



PS:

Read file <mm_batch_11941826_BLK_5.err> for stderr output of this job.

