Architecture:          x86_64
CPU op-mode(s):        32-bit, 64-bit
Byte Order:            Little Endian
CPU(s):                20
On-line CPU(s) list:   0-19
Thread(s) per core:    1
Core(s) per socket:    10
Socket(s):             2
NUMA node(s):          2
Vendor ID:             GenuineIntel
CPU family:            6
Model:                 63
Model name:            Intel(R) Xeon(R) CPU E5-2660 v3 @ 2.60GHz
Stepping:              2
CPU MHz:               2899.926
CPU max MHz:           3300.0000
CPU min MHz:           1200.0000
BogoMIPS:              5187.67
Virtualization:        VT-x
L1d cache:             32K
L1i cache:             32K
L2 cache:              256K
L3 cache:              25600K
NUMA node0 CPU(s):     0-9
NUMA node1 CPU(s):     10-19
Flags:                 fpu vme de pse tsc msr pae mce cx8 apic sep mtrr pge mca cmov pat pse36 clflush dts acpi mmx fxsr sse sse2 ss ht tm pbe syscall nx pdpe1gb rdtscp lm constant_tsc arch_perfmon pebs bts rep_good nopl xtopology nonstop_tsc aperfmperf eagerfpu pni pclmulqdq dtes64 ds_cpl vmx smx est tm2 ssse3 sdbg fma cx16 xtpr pdcm pcid dca sse4_1 sse4_2 x2apic movbe popcnt tsc_deadline_timer aes xsave avx f16c rdrand lahf_lm abm epb invpcid_single intel_ppin ssbd ibrs ibpb stibp tpr_shadow vnmi flexpriority ept vpid fsgsbase tsc_adjust bmi1 avx2 smep bmi2 erms invpcid cqm xsaveopt cqm_llc cqm_occup_llc dtherm ida arat pln pts md_clear spec_ctrl intel_stibp flush_l1d
   234.375   2306.809 # matmult_blk 22
   283.594   2442.938 # matmult_blk 22
   343.148   2317.665 # matmult_blk 22
   414.586   2193.096 # matmult_blk 22
   499.594   2247.176 # matmult_blk 22
   607.523   2243.572 # matmult_blk 22
   734.273   2234.107 # matmult_blk 22
   891.211   2264.167 # matmult_blk 22
  1073.344   2294.100 # matmult_blk 22
  1305.375   2263.690 # matmult_blk 22
  1572.211   2314.134 # matmult_blk 22
  1903.711   2316.846 # matmult_blk 22
  2310.844   2302.687 # matmult_blk 22
  2789.648   2317.312 # matmult_blk 22
  3384.375   2251.223 # matmult_blk 22
  4095.094   2292.501 # matmult_blk 22
  4937.836   2238.640 # matmult_blk 22
  5977.148   2207.756 # matmult_blk 22
  7245.375   2153.051 # matmult_blk 22
  8778.375   2137.596 # matmult_blk 22
 10615.523   2071.387 # matmult_blk 22
 12834.375   2111.910 # matmult_blk 22
 15529.594   2077.568 # matmult_blk 22
 18774.023   2004.241 # matmult_blk 22
 22739.648   2037.192 # matmult_blk 22
 27489.586   2018.593 # matmult_blk 22
 33301.500   2050.774 # matmult_blk 22
 40282.523   1983.335 # matmult_blk 22
 48735.094   2064.269 # matmult_blk 22
 58954.594   2056.697 # matmult_blk 22
 71367.773   2033.919 # matmult_blk 22
 86310.023   1991.714 # matmult_blk 22
104445.023   1976.187 # matmult_blk 22
126476.461   2016.971 # matmult_blk 22
153000.586   2047.194 # matmult_blk 22
185064.844   2068.328 # matmult_blk 22
223928.461   2029.963 # matmult_blk 22
270937.500   2051.204 # matmult_blk 22
327834.375   2092.361 # matmult_blk 22
396679.594   2069.144 # matmult_blk 22
480109.594   2078.770 # matmult_blk 22
581025.961   2008.832 # matmult_blk 22
702810.375   2060.182 # matmult_blk 22
850513.500   2026.991 # matmult_blk 22
1028997.094   2079.467 # matmult_blk 22
1245223.148   2043.685 # matmult_blk 22
1506757.594   2096.000 # matmult_blk 22
1823259.375   2101.155 # matmult_blk 22
2206143.844   2065.063 # matmult_blk 22
2669334.000   1872.480 # matmult_blk 22

------------------------------------------------------------
Sender: LSF System <lsfadmin@hpc.dtu.dk>
Subject: Job 11941812: <mm_batch> in cluster <dcc> Done

Job <mm_batch> was submitted from host <n-62-27-18> by user <s212571> in cluster <dcc> at Wed Jan  5 16:23:08 2022
Job was executed on host(s) <n-62-28-31>, in queue <hpc>, as user <s212571> in cluster <dcc> at Wed Jan  5 16:23:09 2022
</zhome/6d/6/164418> was used as the home directory.
</zhome/6d/6/164418/hpc/week1/assign/bscripts_blk> was used as the working directory.
Started at Wed Jan  5 16:23:09 2022
Terminated at Wed Jan  5 17:45:26 2022
Results reported at Wed Jan  5 17:45:26 2022

Your job looked like:

------------------------------------------------------------
# LSBATCH: User input
#!/bin/bash
# 02614 - High-Performance Computing, January 2022
# 
# batch script to run matmult on a decidated server in the hpcintro
# queue
#
# Author: Bernd Dammann <bd@cc.dtu.dk>
#
#BSUB -J mm_batch
#BSUB -o mm_batch_%J_BLK_22.out
#BSUB -e mm_batch_%J_BLK_22.err
#BSUB -q hpc
#BSUB -n 1
#BSUB -R "rusage[mem=4096]"
#BSUB -W 4:00
#BSUB -R "select[model == XeonE5_2660v3]"
# uncomment the following line, if you want to assure that your job has
# a whole CPU for itself (shared L3 cache)
# #BSUB -R "span[hosts=1] affinity[socket(1)]"

# define the driver name to use
# valid values: matmult_c.studio, matmult_f.studio, matmult_c.gcc or
# matmult_f.gcc
#
EXECUTABLE=matmult_c.gcc

# define the mkn values in the MKN variable
#
SIZES="100 110 121 133 146 161 177 195 214 236 259 285 314 345 380 418 459 505 556 612 673 740 814 895 985 1083 1192 1311 1442 1586 1745 1919 2111 2323 2555 2810 3091 3400 3740 4114 4526 4979 5476 6024 6626 7289 8018 8820 9702 10672"

PERM="blk"

# uncomment and set a reasonable BLKSIZE for the blk version
#
BLKSIZE=22

# enable(1)/disable(0) result checking
export MATMULT_COMPARE=0
# export MATMULT_RESULTS={[0]|1}
# export MFLOPS_MIN_T=[3.0]
# export MFLOPS_MAX_IT=[infinity]

cd ..
lscpu
# start the collect command with the above settings
for S in $SIZES
do
    ./$EXECUTABLE $PERM $S $S $S $BLKSIZE
done

------------------------------------------------------------

Successfully completed.

Resource usage summary:

    CPU time :                                   4935.26 sec.
    Max Memory :                                 2611 MB
    Average Memory :                             1730.65 MB
    Total Requested Memory :                     4096.00 MB
    Delta Memory :                               1485.00 MB
    Max Swap :                                   -
    Max Processes :                              4
    Max Threads :                                5
    Run time :                                   4937 sec.
    Turnaround time :                            4938 sec.

The output (if any) is above this job summary.



PS:

Read file <mm_batch_11941812_BLK_22.err> for stderr output of this job.

