Architecture:          x86_64
CPU op-mode(s):        32-bit, 64-bit
Byte Order:            Little Endian
CPU(s):                20
On-line CPU(s) list:   0-19
Thread(s) per core:    1
Core(s) per socket:    10
Socket(s):             2
NUMA node(s):          2
Vendor ID:             GenuineIntel
CPU family:            6
Model:                 63
Model name:            Intel(R) Xeon(R) CPU E5-2660 v3 @ 2.60GHz
Stepping:              2
CPU MHz:               2899.926
CPU max MHz:           3300.0000
CPU min MHz:           1200.0000
BogoMIPS:              5187.79
Virtualization:        VT-x
L1d cache:             32K
L1i cache:             32K
L2 cache:              256K
L3 cache:              25600K
NUMA node0 CPU(s):     0-9
NUMA node1 CPU(s):     10-19
Flags:                 fpu vme de pse tsc msr pae mce cx8 apic sep mtrr pge mca cmov pat pse36 clflush dts acpi mmx fxsr sse sse2 ss ht tm pbe syscall nx pdpe1gb rdtscp lm constant_tsc arch_perfmon pebs bts rep_good nopl xtopology nonstop_tsc aperfmperf eagerfpu pni pclmulqdq dtes64 ds_cpl vmx smx est tm2 ssse3 sdbg fma cx16 xtpr pdcm pcid dca sse4_1 sse4_2 x2apic movbe popcnt tsc_deadline_timer aes xsave avx f16c rdrand lahf_lm abm epb invpcid_single intel_ppin ssbd ibrs ibpb stibp tpr_shadow vnmi flexpriority ept vpid fsgsbase tsc_adjust bmi1 avx2 smep bmi2 erms invpcid cqm xsaveopt cqm_llc cqm_occup_llc dtherm ida arat pln pts md_clear spec_ctrl intel_stibp flush_l1d
   234.375   2299.382 # matmult_blk 13
   283.594   2375.716 # matmult_blk 13
   343.148   2287.604 # matmult_blk 13
   414.586   2207.060 # matmult_blk 13
   499.594   2237.439 # matmult_blk 13
   607.523   2264.499 # matmult_blk 13
   734.273   2265.008 # matmult_blk 13
   891.211   2279.965 # matmult_blk 13
  1073.344   2287.043 # matmult_blk 13
  1305.375   2259.949 # matmult_blk 13
  1572.211   2310.595 # matmult_blk 13
  1903.711   2325.537 # matmult_blk 13
  2310.844   2311.519 # matmult_blk 13
  2789.648   2327.377 # matmult_blk 13
  3384.375   2293.632 # matmult_blk 13
  4095.094   2329.283 # matmult_blk 13
  4937.836   2339.778 # matmult_blk 13
  5977.148   2349.525 # matmult_blk 13
  7245.375   2305.040 # matmult_blk 13
  8778.375   2302.974 # matmult_blk 13
 10615.523   2343.646 # matmult_blk 13
 12834.375   2301.897 # matmult_blk 13
 15529.594   2334.500 # matmult_blk 13
 18774.023   2341.315 # matmult_blk 13
 22739.648   2343.430 # matmult_blk 13
 27489.586   2337.521 # matmult_blk 13
 33301.500   2235.816 # matmult_blk 13
 40282.523   2338.918 # matmult_blk 13
 48735.094   2331.665 # matmult_blk 13
 58954.594   2334.243 # matmult_blk 13
 71367.773   2340.608 # matmult_blk 13
 86310.023   2344.080 # matmult_blk 13
104445.023   2331.796 # matmult_blk 13
126476.461   2351.122 # matmult_blk 13
153000.586   2343.623 # matmult_blk 13
185064.844   2342.266 # matmult_blk 13
223928.461   2352.408 # matmult_blk 13
270937.500   2247.523 # matmult_blk 13
327834.375   2316.176 # matmult_blk 13
396679.594   2321.665 # matmult_blk 13
480109.594   2350.890 # matmult_blk 13
581025.961   2360.195 # matmult_blk 13
702810.375   2314.117 # matmult_blk 13
850513.500   2250.551 # matmult_blk 13
1028997.094   2352.169 # matmult_blk 13
1245223.148   2361.278 # matmult_blk 13
1506757.594   2352.033 # matmult_blk 13
1823259.375   2318.290 # matmult_blk 13
2206143.844   2354.396 # matmult_blk 13
2669334.000   2127.652 # matmult_blk 13

------------------------------------------------------------
Sender: LSF System <lsfadmin@hpc.dtu.dk>
Subject: Job 11941802: <mm_batch> in cluster <dcc> Done

Job <mm_batch> was submitted from host <n-62-27-18> by user <s212571> in cluster <dcc> at Wed Jan  5 16:23:07 2022
Job was executed on host(s) <n-62-28-33>, in queue <hpc>, as user <s212571> in cluster <dcc> at Wed Jan  5 16:23:08 2022
</zhome/6d/6/164418> was used as the home directory.
</zhome/6d/6/164418/hpc/week1/assign/bscripts_blk> was used as the working directory.
Started at Wed Jan  5 16:23:08 2022
Terminated at Wed Jan  5 17:36:06 2022
Results reported at Wed Jan  5 17:36:06 2022

Your job looked like:

------------------------------------------------------------
# LSBATCH: User input
#!/bin/bash
# 02614 - High-Performance Computing, January 2022
# 
# batch script to run matmult on a decidated server in the hpcintro
# queue
#
# Author: Bernd Dammann <bd@cc.dtu.dk>
#
#BSUB -J mm_batch
#BSUB -o mm_batch_%J_BLK_13.out
#BSUB -e mm_batch_%J_BLK_13.err
#BSUB -q hpc
#BSUB -n 1
#BSUB -R "rusage[mem=4096]"
#BSUB -W 4:00
#BSUB -R "select[model == XeonE5_2660v3]"
# uncomment the following line, if you want to assure that your job has
# a whole CPU for itself (shared L3 cache)
# #BSUB -R "span[hosts=1] affinity[socket(1)]"

# define the driver name to use
# valid values: matmult_c.studio, matmult_f.studio, matmult_c.gcc or
# matmult_f.gcc
#
EXECUTABLE=matmult_c.gcc

# define the mkn values in the MKN variable
#
SIZES="100 110 121 133 146 161 177 195 214 236 259 285 314 345 380 418 459 505 556 612 673 740 814 895 985 1083 1192 1311 1442 1586 1745 1919 2111 2323 2555 2810 3091 3400 3740 4114 4526 4979 5476 6024 6626 7289 8018 8820 9702 10672"

PERM="blk"

# uncomment and set a reasonable BLKSIZE for the blk version
#
BLKSIZE=13

# enable(1)/disable(0) result checking
export MATMULT_COMPARE=0
# export MATMULT_RESULTS={[0]|1}
# export MFLOPS_MIN_T=[3.0]
# export MFLOPS_MAX_IT=[infinity]

cd ..
lscpu
# start the collect command with the above settings
for S in $SIZES
do
    ./$EXECUTABLE $PERM $S $S $S $BLKSIZE
done

------------------------------------------------------------

Successfully completed.

Resource usage summary:

    CPU time :                                   4372.64 sec.
    Max Memory :                                 2611 MB
    Average Memory :                             1710.79 MB
    Total Requested Memory :                     4096.00 MB
    Delta Memory :                               1485.00 MB
    Max Swap :                                   -
    Max Processes :                              4
    Max Threads :                                5
    Run time :                                   4378 sec.
    Turnaround time :                            4379 sec.

The output (if any) is above this job summary.



PS:

Read file <mm_batch_11941802_BLK_13.err> for stderr output of this job.

