Architecture:          x86_64
CPU op-mode(s):        32-bit, 64-bit
Byte Order:            Little Endian
CPU(s):                20
On-line CPU(s) list:   0-19
Thread(s) per core:    1
Core(s) per socket:    10
Socket(s):             2
NUMA node(s):          2
Vendor ID:             GenuineIntel
CPU family:            6
Model:                 63
Model name:            Intel(R) Xeon(R) CPU E5-2660 v3 @ 2.60GHz
Stepping:              2
CPU MHz:               2899.926
CPU max MHz:           3300.0000
CPU min MHz:           1200.0000
BogoMIPS:              5187.67
Virtualization:        VT-x
L1d cache:             32K
L1i cache:             32K
L2 cache:              256K
L3 cache:              25600K
NUMA node0 CPU(s):     0-9
NUMA node1 CPU(s):     10-19
Flags:                 fpu vme de pse tsc msr pae mce cx8 apic sep mtrr pge mca cmov pat pse36 clflush dts acpi mmx fxsr sse sse2 ss ht tm pbe syscall nx pdpe1gb rdtscp lm constant_tsc arch_perfmon pebs bts rep_good nopl xtopology nonstop_tsc aperfmperf eagerfpu pni pclmulqdq dtes64 ds_cpl vmx smx est tm2 ssse3 sdbg fma cx16 xtpr pdcm pcid dca sse4_1 sse4_2 x2apic movbe popcnt tsc_deadline_timer aes xsave avx f16c rdrand lahf_lm abm epb invpcid_single intel_ppin ssbd ibrs ibpb stibp tpr_shadow vnmi flexpriority ept vpid fsgsbase tsc_adjust bmi1 avx2 smep bmi2 erms invpcid cqm xsaveopt cqm_llc cqm_occup_llc dtherm ida arat pln pts md_clear spec_ctrl intel_stibp flush_l1d
   234.375   1963.775 # matmult_blk 256
   283.594   2056.129 # matmult_blk 256
   343.148   2012.780 # matmult_blk 256
   414.586   1919.062 # matmult_blk 256
   499.594   1931.496 # matmult_blk 256
   607.523   1849.241 # matmult_blk 256
   734.273   1742.120 # matmult_blk 256
   891.211   1581.806 # matmult_blk 256
  1073.344   1628.617 # matmult_blk 256
  1305.375   1680.186 # matmult_blk 256
  1572.211   1521.797 # matmult_blk 256
  1903.711   1584.998 # matmult_blk 256
  2310.844   1702.782 # matmult_blk 256
  2789.648   1613.390 # matmult_blk 256
  3384.375   1679.826 # matmult_blk 256
  4095.094   1616.754 # matmult_blk 256
  4937.836   1486.545 # matmult_blk 256
  5977.148   1495.655 # matmult_blk 256
  7245.375   1731.351 # matmult_blk 256
  8778.375   1667.750 # matmult_blk 256
 10615.523   1596.270 # matmult_blk 256
 12834.375   1701.785 # matmult_blk 256
 15529.594   1722.309 # matmult_blk 256
 18774.023   1617.095 # matmult_blk 256
 22739.648   1580.668 # matmult_blk 256
 27489.586   1586.613 # matmult_blk 256
 33301.500   1632.154 # matmult_blk 256
 40282.523   1664.901 # matmult_blk 256
 48735.094   1711.411 # matmult_blk 256
 58954.594   1685.600 # matmult_blk 256
 71367.773   1643.231 # matmult_blk 256
 86310.023   1655.186 # matmult_blk 256
104445.023   1604.858 # matmult_blk 256
126476.461   1650.922 # matmult_blk 256
153000.586   1577.769 # matmult_blk 256
185064.844   1726.397 # matmult_blk 256
223928.461   1526.409 # matmult_blk 256
270937.500   1648.300 # matmult_blk 256
327834.375   1743.983 # matmult_blk 256
396679.594   1681.227 # matmult_blk 256
480109.594   1700.263 # matmult_blk 256
581025.961   1662.053 # matmult_blk 256
702810.375   1749.704 # matmult_blk 256
850513.500   1646.381 # matmult_blk 256
1028997.094   1686.183 # matmult_blk 256
1245223.148   1667.262 # matmult_blk 256
1506757.594   1735.429 # matmult_blk 256
1823259.375   1753.698 # matmult_blk 256
2206143.844   1702.580 # matmult_blk 256
2669334.000   1505.512 # matmult_blk 256

------------------------------------------------------------
Sender: LSF System <lsfadmin@hpc.dtu.dk>
Subject: Job 11941816: <mm_batch> in cluster <dcc> Done

Job <mm_batch> was submitted from host <n-62-27-18> by user <s212571> in cluster <dcc> at Wed Jan  5 16:23:09 2022
Job was executed on host(s) <n-62-28-31>, in queue <hpc>, as user <s212571> in cluster <dcc> at Wed Jan  5 16:23:10 2022
</zhome/6d/6/164418> was used as the home directory.
</zhome/6d/6/164418/hpc/week1/assign/bscripts_blk> was used as the working directory.
Started at Wed Jan  5 16:23:10 2022
Terminated at Wed Jan  5 18:03:19 2022
Results reported at Wed Jan  5 18:03:19 2022

Your job looked like:

------------------------------------------------------------
# LSBATCH: User input
#!/bin/bash
# 02614 - High-Performance Computing, January 2022
# 
# batch script to run matmult on a decidated server in the hpcintro
# queue
#
# Author: Bernd Dammann <bd@cc.dtu.dk>
#
#BSUB -J mm_batch
#BSUB -o mm_batch_%J_BLK_256.out
#BSUB -e mm_batch_%J_BLK_256.err
#BSUB -q hpc
#BSUB -n 1
#BSUB -R "rusage[mem=4096]"
#BSUB -W 4:00
#BSUB -R "select[model == XeonE5_2660v3]"
# uncomment the following line, if you want to assure that your job has
# a whole CPU for itself (shared L3 cache)
# #BSUB -R "span[hosts=1] affinity[socket(1)]"

# define the driver name to use
# valid values: matmult_c.studio, matmult_f.studio, matmult_c.gcc or
# matmult_f.gcc
#
EXECUTABLE=matmult_c.gcc

# define the mkn values in the MKN variable
#
SIZES="100 110 121 133 146 161 177 195 214 236 259 285 314 345 380 418 459 505 556 612 673 740 814 895 985 1083 1192 1311 1442 1586 1745 1919 2111 2323 2555 2810 3091 3400 3740 4114 4526 4979 5476 6024 6626 7289 8018 8820 9702 10672"

PERM="blk"

# uncomment and set a reasonable BLKSIZE for the blk version
#
BLKSIZE=256

# enable(1)/disable(0) result checking
export MATMULT_COMPARE=0
# export MATMULT_RESULTS={[0]|1}
# export MFLOPS_MIN_T=[3.0]
# export MFLOPS_MAX_IT=[infinity]

cd ..
lscpu
# start the collect command with the above settings
for S in $SIZES
do
    ./$EXECUTABLE $PERM $S $S $S $BLKSIZE
done

------------------------------------------------------------

Successfully completed.

Resource usage summary:

    CPU time :                                   6008.01 sec.
    Max Memory :                                 2611 MB
    Average Memory :                             1703.29 MB
    Total Requested Memory :                     4096.00 MB
    Delta Memory :                               1485.00 MB
    Max Swap :                                   -
    Max Processes :                              4
    Max Threads :                                5
    Run time :                                   6009 sec.
    Turnaround time :                            6010 sec.

The output (if any) is above this job summary.



PS:

Read file <mm_batch_11941816_BLK_256.err> for stderr output of this job.

