Architecture:          x86_64
CPU op-mode(s):        32-bit, 64-bit
Byte Order:            Little Endian
CPU(s):                20
On-line CPU(s) list:   0-19
Thread(s) per core:    1
Core(s) per socket:    10
Socket(s):             2
NUMA node(s):          2
Vendor ID:             GenuineIntel
CPU family:            6
Model:                 63
Model name:            Intel(R) Xeon(R) CPU E5-2660 v3 @ 2.60GHz
Stepping:              2
CPU MHz:               2899.926
CPU max MHz:           3300.0000
CPU min MHz:           1200.0000
BogoMIPS:              5187.67
Virtualization:        VT-x
L1d cache:             32K
L1i cache:             32K
L2 cache:              256K
L3 cache:              25600K
NUMA node0 CPU(s):     0-9
NUMA node1 CPU(s):     10-19
Flags:                 fpu vme de pse tsc msr pae mce cx8 apic sep mtrr pge mca cmov pat pse36 clflush dts acpi mmx fxsr sse sse2 ss ht tm pbe syscall nx pdpe1gb rdtscp lm constant_tsc arch_perfmon pebs bts rep_good nopl xtopology nonstop_tsc aperfmperf eagerfpu pni pclmulqdq dtes64 ds_cpl vmx smx est tm2 ssse3 sdbg fma cx16 xtpr pdcm pcid dca sse4_1 sse4_2 x2apic movbe popcnt tsc_deadline_timer aes xsave avx f16c rdrand lahf_lm abm epb invpcid_single intel_ppin ssbd ibrs ibpb stibp tpr_shadow vnmi flexpriority ept vpid fsgsbase tsc_adjust bmi1 avx2 smep bmi2 erms invpcid cqm xsaveopt cqm_llc cqm_occup_llc dtherm ida arat pln pts md_clear spec_ctrl intel_stibp flush_l1d
   234.375   2293.599 # matmult_blk 23
   283.594   2462.687 # matmult_blk 23
   343.148   2304.136 # matmult_blk 23
   414.586   2230.309 # matmult_blk 23
   499.594   2242.961 # matmult_blk 23
   607.523   2264.266 # matmult_blk 23
   734.273   2256.385 # matmult_blk 23
   891.211   2262.750 # matmult_blk 23
  1073.344   2287.238 # matmult_blk 23
  1305.375   2256.670 # matmult_blk 23
  1572.211   2298.080 # matmult_blk 23
  1903.711   2320.441 # matmult_blk 23
  2310.844   2313.658 # matmult_blk 23
  2789.648   2318.025 # matmult_blk 23
  3384.375   2254.334 # matmult_blk 23
  4095.094   2268.129 # matmult_blk 23
  4937.836   2231.191 # matmult_blk 23
  5977.148   2183.872 # matmult_blk 23
  7245.375   2122.846 # matmult_blk 23
  8778.375   2107.488 # matmult_blk 23
 10615.523   2078.269 # matmult_blk 23
 12834.375   2104.398 # matmult_blk 23
 15529.594   2091.289 # matmult_blk 23
 18774.023   2020.449 # matmult_blk 23
 22739.648   2068.026 # matmult_blk 23
 27489.586   2042.234 # matmult_blk 23
 33301.500   2058.778 # matmult_blk 23
 40282.523   2008.828 # matmult_blk 23
 48735.094   2089.562 # matmult_blk 23
 58954.594   2081.495 # matmult_blk 23
 71367.773   2059.383 # matmult_blk 23
 86310.023   2009.467 # matmult_blk 23
104445.023   1999.912 # matmult_blk 23
126476.461   2043.216 # matmult_blk 23
153000.586   2078.046 # matmult_blk 23
185064.844   2089.035 # matmult_blk 23
223928.461   2052.622 # matmult_blk 23
270937.500   2056.087 # matmult_blk 23
327834.375   2092.112 # matmult_blk 23
396679.594   2086.574 # matmult_blk 23
480109.594   2083.718 # matmult_blk 23
581025.961   2027.195 # matmult_blk 23
702810.375   2049.770 # matmult_blk 23
850513.500   2024.794 # matmult_blk 23
1028997.094   2101.047 # matmult_blk 23
1245223.148   2069.881 # matmult_blk 23
1506757.594   2106.752 # matmult_blk 23
1823259.375   2092.409 # matmult_blk 23
2206143.844   2075.672 # matmult_blk 23
2669334.000   1864.395 # matmult_blk 23

------------------------------------------------------------
Sender: LSF System <lsfadmin@hpc.dtu.dk>
Subject: Job 11941813: <mm_batch> in cluster <dcc> Done

Job <mm_batch> was submitted from host <n-62-27-18> by user <s212571> in cluster <dcc> at Wed Jan  5 16:23:09 2022
Job was executed on host(s) <n-62-28-31>, in queue <hpc>, as user <s212571> in cluster <dcc> at Wed Jan  5 16:23:09 2022
</zhome/6d/6/164418> was used as the home directory.
</zhome/6d/6/164418/hpc/week1/assign/bscripts_blk> was used as the working directory.
Started at Wed Jan  5 16:23:09 2022
Terminated at Wed Jan  5 17:45:18 2022
Results reported at Wed Jan  5 17:45:18 2022

Your job looked like:

------------------------------------------------------------
# LSBATCH: User input
#!/bin/bash
# 02614 - High-Performance Computing, January 2022
# 
# batch script to run matmult on a decidated server in the hpcintro
# queue
#
# Author: Bernd Dammann <bd@cc.dtu.dk>
#
#BSUB -J mm_batch
#BSUB -o mm_batch_%J_BLK_23.out
#BSUB -e mm_batch_%J_BLK_23.err
#BSUB -q hpc
#BSUB -n 1
#BSUB -R "rusage[mem=4096]"
#BSUB -W 4:00
#BSUB -R "select[model == XeonE5_2660v3]"
# uncomment the following line, if you want to assure that your job has
# a whole CPU for itself (shared L3 cache)
# #BSUB -R "span[hosts=1] affinity[socket(1)]"

# define the driver name to use
# valid values: matmult_c.studio, matmult_f.studio, matmult_c.gcc or
# matmult_f.gcc
#
EXECUTABLE=matmult_c.gcc

# define the mkn values in the MKN variable
#
SIZES="100 110 121 133 146 161 177 195 214 236 259 285 314 345 380 418 459 505 556 612 673 740 814 895 985 1083 1192 1311 1442 1586 1745 1919 2111 2323 2555 2810 3091 3400 3740 4114 4526 4979 5476 6024 6626 7289 8018 8820 9702 10672"

PERM="blk"

# uncomment and set a reasonable BLKSIZE for the blk version
#
BLKSIZE=23

# enable(1)/disable(0) result checking
export MATMULT_COMPARE=0
# export MATMULT_RESULTS={[0]|1}
# export MFLOPS_MIN_T=[3.0]
# export MFLOPS_MAX_IT=[infinity]

cd ..
lscpu
# start the collect command with the above settings
for S in $SIZES
do
    ./$EXECUTABLE $PERM $S $S $S $BLKSIZE
done

------------------------------------------------------------

Successfully completed.

Resource usage summary:

    CPU time :                                   4926.83 sec.
    Max Memory :                                 2611 MB
    Average Memory :                             1731.26 MB
    Total Requested Memory :                     4096.00 MB
    Delta Memory :                               1485.00 MB
    Max Swap :                                   -
    Max Processes :                              4
    Max Threads :                                5
    Run time :                                   4928 sec.
    Turnaround time :                            4929 sec.

The output (if any) is above this job summary.



PS:

Read file <mm_batch_11941813_BLK_23.err> for stderr output of this job.

