Architecture:          x86_64
CPU op-mode(s):        32-bit, 64-bit
Byte Order:            Little Endian
CPU(s):                20
On-line CPU(s) list:   0-19
Thread(s) per core:    1
Core(s) per socket:    10
Socket(s):             2
NUMA node(s):          2
Vendor ID:             GenuineIntel
CPU family:            6
Model:                 63
Model name:            Intel(R) Xeon(R) CPU E5-2660 v3 @ 2.60GHz
Stepping:              2
CPU MHz:               1498.205
CPU max MHz:           3300.0000
CPU min MHz:           1200.0000
BogoMIPS:              5188.49
Virtualization:        VT-x
L1d cache:             32K
L1i cache:             32K
L2 cache:              256K
L3 cache:              25600K
NUMA node0 CPU(s):     0-9
NUMA node1 CPU(s):     10-19
Flags:                 fpu vme de pse tsc msr pae mce cx8 apic sep mtrr pge mca cmov pat pse36 clflush dts acpi mmx fxsr sse sse2 ss ht tm pbe syscall nx pdpe1gb rdtscp lm constant_tsc arch_perfmon pebs bts rep_good nopl xtopology nonstop_tsc aperfmperf eagerfpu pni pclmulqdq dtes64 ds_cpl vmx smx est tm2 ssse3 sdbg fma cx16 xtpr pdcm pcid dca sse4_1 sse4_2 x2apic movbe popcnt tsc_deadline_timer aes xsave avx f16c rdrand lahf_lm abm epb invpcid_single intel_ppin ssbd ibrs ibpb stibp tpr_shadow vnmi flexpriority ept vpid fsgsbase tsc_adjust bmi1 avx2 smep bmi2 erms invpcid cqm xsaveopt cqm_llc cqm_occup_llc dtherm ida arat pln pts md_clear spec_ctrl intel_stibp flush_l1d
   234.375   1358.498 # matmult_blk 8
   396.094   1349.268 # matmult_blk 8
   669.398   1402.046 # matmult_blk 8
  1134.375   1409.731 # matmult_blk 8
  1917.094   1420.589 # matmult_blk 8
  3225.961   1420.119 # matmult_blk 8
  5467.711   1421.618 # matmult_blk 8
  9213.961   1424.433 # matmult_blk 8
 15606.000   1438.288 # matmult_blk 8
 26334.375   1430.588 # matmult_blk 8
 44569.711   1432.283 # matmult_blk 8
 75264.000   1416.205 # matmult_blk 8
127239.844   1417.226 # matmult_blk 8
215035.336   1420.035 # matmult_blk 8
363280.523   1414.744 # matmult_blk 8
614160.023   1406.980 # matmult_blk 8
1037712.094   1414.003 # matmult_blk 8

------------------------------------------------------------
Sender: LSF System <lsfadmin@hpc.dtu.dk>
Subject: Job 11978940: <mm_batch> in cluster <dcc> Exited

Job <mm_batch> was submitted from host <n-62-30-2> by user <s212571> in cluster <dcc> at Thu Jan  6 15:50:02 2022
Job was executed on host(s) <n-62-30-13>, in queue <hpc>, as user <s212571> in cluster <dcc> at Thu Jan  6 15:50:03 2022
</zhome/6d/6/164418> was used as the home directory.
</zhome/6d/6/164418/hpc/week1/assign/bscripts_blk> was used as the working directory.
Started at Thu Jan  6 15:50:03 2022
Terminated at Thu Jan  6 16:12:06 2022
Results reported at Thu Jan  6 16:12:06 2022

Your job looked like:

------------------------------------------------------------
# LSBATCH: User input
#!/bin/bash
# 02614 - High-Performance Computing, January 2022
# 
# batch script to run matmult on a decidated server in the hpcintro
# queue
#
# Author: Bernd Dammann <bd@cc.dtu.dk>
#
#BSUB -J mm_batch
#BSUB -o mm_batch_%J_BLK_8.out
#BSUB -e mm_batch_%J_BLK_8.err
#BSUB -q hpc
#BSUB -n 1
#BSUB -R "rusage[mem=4096]"
#BSUB -W 4:00
#BSUB -R "select[model == XeonE5_2660v3]"
# uncomment the following line, if you want to assure that your job has
# a whole CPU for itself (shared L3 cache)
#BSUB -R "span[hosts=1] affinity[socket(1)]"

# define the driver name to use
# valid values: matmult_c.studio, matmult_f.studio, matmult_c.gcc or
# matmult_f.gcc
#
EXECUTABLE=matmult_c.gcc

# define the mkn values in the MKN variable
#
SIZES="100 130 169 220 286 371 483 627 816 1060 1379 1792 2330 3029 3937 5119 6654 8650"

PERM="blk"

# uncomment and set a reasonable BLKSIZE for the blk version
#
BLKSIZE=8

# enable(1)/disable(0) result checking
export MATMULT_COMPARE=0
# export MATMULT_RESULTS={[0]|1}
# export MFLOPS_MIN_T=[3.0]
# export MFLOPS_MAX_IT=[infinity]

cd ..
lscpu
# start the collect command with the above settings
for S in $SIZES
do
    ./$EXECUTABLE $PERM $S $S $S $BLKSIZE
done

------------------------------------------------------------

TERM_OWNER: job killed by owner.
Exited with exit code 130.

Resource usage summary:

    CPU time :                                   1323.26 sec.
    Max Memory :                                 1716 MB
    Average Memory :                             1147.85 MB
    Total Requested Memory :                     4096.00 MB
    Delta Memory :                               2380.00 MB
    Max Swap :                                   -
    Max Processes :                              4
    Max Threads :                                5
    Run time :                                   1322 sec.
    Turnaround time :                            1324 sec.

The output (if any) is above this job summary.



PS:

Read file <mm_batch_11978940_BLK_8.err> for stderr output of this job.

