Architecture:          x86_64
CPU op-mode(s):        32-bit, 64-bit
Byte Order:            Little Endian
CPU(s):                20
On-line CPU(s) list:   0-19
Thread(s) per core:    1
Core(s) per socket:    10
Socket(s):             2
NUMA node(s):          2
Vendor ID:             GenuineIntel
CPU family:            6
Model:                 63
Model name:            Intel(R) Xeon(R) CPU E5-2660 v3 @ 2.60GHz
Stepping:              2
CPU MHz:               2899.926
CPU max MHz:           3300.0000
CPU min MHz:           1200.0000
BogoMIPS:              5187.79
Virtualization:        VT-x
L1d cache:             32K
L1i cache:             32K
L2 cache:              256K
L3 cache:              25600K
NUMA node0 CPU(s):     0-9
NUMA node1 CPU(s):     10-19
Flags:                 fpu vme de pse tsc msr pae mce cx8 apic sep mtrr pge mca cmov pat pse36 clflush dts acpi mmx fxsr sse sse2 ss ht tm pbe syscall nx pdpe1gb rdtscp lm constant_tsc arch_perfmon pebs bts rep_good nopl xtopology nonstop_tsc aperfmperf eagerfpu pni pclmulqdq dtes64 ds_cpl vmx smx est tm2 ssse3 sdbg fma cx16 xtpr pdcm pcid dca sse4_1 sse4_2 x2apic movbe popcnt tsc_deadline_timer aes xsave avx f16c rdrand lahf_lm abm epb invpcid_single intel_ppin ssbd ibrs ibpb stibp tpr_shadow vnmi flexpriority ept vpid fsgsbase tsc_adjust bmi1 avx2 smep bmi2 erms invpcid cqm xsaveopt cqm_llc cqm_occup_llc dtherm ida arat pln pts md_clear spec_ctrl intel_stibp flush_l1d
   234.375   2272.390 # matmult_blk 10
   283.594   2370.558 # matmult_blk 10
   343.148   2263.537 # matmult_blk 10
   414.586   2206.640 # matmult_blk 10
   499.594   2238.930 # matmult_blk 10
   607.523   2235.723 # matmult_blk 10
   734.273   2246.644 # matmult_blk 10
   891.211   2248.560 # matmult_blk 10
  1073.344   2275.593 # matmult_blk 10
  1305.375   2269.031 # matmult_blk 10
  1572.211   2299.970 # matmult_blk 10
  1903.711   2299.228 # matmult_blk 10
  2310.844   2306.068 # matmult_blk 10
  2789.648   2311.974 # matmult_blk 10
  3384.375   2300.446 # matmult_blk 10
  4095.094   2317.773 # matmult_blk 10
  4937.836   2323.236 # matmult_blk 10
  5977.148   2314.892 # matmult_blk 10
  7245.375   2294.419 # matmult_blk 10
  8778.375   2293.294 # matmult_blk 10
 10615.523   2317.997 # matmult_blk 10
 12834.375   2303.934 # matmult_blk 10
 15529.594   2323.999 # matmult_blk 10
 18774.023   2328.076 # matmult_blk 10
 22739.648   2329.473 # matmult_blk 10
 27489.586   2328.396 # matmult_blk 10
 33301.500   2265.976 # matmult_blk 10
 40282.523   2332.315 # matmult_blk 10
 48735.094   2330.705 # matmult_blk 10
 58954.594   2334.132 # matmult_blk 10
 71367.773   2333.468 # matmult_blk 10
 86310.023   2336.818 # matmult_blk 10
104445.023   2323.486 # matmult_blk 10
126476.461   2340.649 # matmult_blk 10
153000.586   2333.254 # matmult_blk 10
185064.844   2342.404 # matmult_blk 10
223928.461   2342.556 # matmult_blk 10
270937.500   2279.624 # matmult_blk 10
327834.375   2324.060 # matmult_blk 10
396679.594   2334.715 # matmult_blk 10
480109.594   2346.031 # matmult_blk 10
581025.961   2347.761 # matmult_blk 10
702810.375   2323.316 # matmult_blk 10
850513.500   2281.463 # matmult_blk 10
1028997.094   2348.492 # matmult_blk 10
1245223.148   2349.486 # matmult_blk 10
1506757.594   2346.721 # matmult_blk 10
1823259.375   2323.828 # matmult_blk 10
2206143.844   2348.215 # matmult_blk 10
2669334.000   2200.807 # matmult_blk 10

------------------------------------------------------------
Sender: LSF System <lsfadmin@hpc.dtu.dk>
Subject: Job 11941797: <mm_batch> in cluster <dcc> Done

Job <mm_batch> was submitted from host <n-62-27-18> by user <s212571> in cluster <dcc> at Wed Jan  5 16:23:06 2022
Job was executed on host(s) <n-62-28-33>, in queue <hpc>, as user <s212571> in cluster <dcc> at Wed Jan  5 16:23:07 2022
</zhome/6d/6/164418> was used as the home directory.
</zhome/6d/6/164418/hpc/week1/assign/bscripts_blk> was used as the working directory.
Started at Wed Jan  5 16:23:07 2022
Terminated at Wed Jan  5 17:35:25 2022
Results reported at Wed Jan  5 17:35:25 2022

Your job looked like:

------------------------------------------------------------
# LSBATCH: User input
#!/bin/bash
# 02614 - High-Performance Computing, January 2022
# 
# batch script to run matmult on a decidated server in the hpcintro
# queue
#
# Author: Bernd Dammann <bd@cc.dtu.dk>
#
#BSUB -J mm_batch
#BSUB -o mm_batch_%J_BLK_10.out
#BSUB -e mm_batch_%J_BLK_10.err
#BSUB -q hpc
#BSUB -n 1
#BSUB -R "rusage[mem=4096]"
#BSUB -W 4:00
#BSUB -R "select[model == XeonE5_2660v3]"
# uncomment the following line, if you want to assure that your job has
# a whole CPU for itself (shared L3 cache)
# #BSUB -R "span[hosts=1] affinity[socket(1)]"

# define the driver name to use
# valid values: matmult_c.studio, matmult_f.studio, matmult_c.gcc or
# matmult_f.gcc
#
EXECUTABLE=matmult_c.gcc

# define the mkn values in the MKN variable
#
SIZES="100 110 121 133 146 161 177 195 214 236 259 285 314 345 380 418 459 505 556 612 673 740 814 895 985 1083 1192 1311 1442 1586 1745 1919 2111 2323 2555 2810 3091 3400 3740 4114 4526 4979 5476 6024 6626 7289 8018 8820 9702 10672"

PERM="blk"

# uncomment and set a reasonable BLKSIZE for the blk version
#
BLKSIZE=10

# enable(1)/disable(0) result checking
export MATMULT_COMPARE=0
# export MATMULT_RESULTS={[0]|1}
# export MFLOPS_MIN_T=[3.0]
# export MFLOPS_MAX_IT=[infinity]

cd ..
lscpu
# start the collect command with the above settings
for S in $SIZES
do
    ./$EXECUTABLE $PERM $S $S $S $BLKSIZE
done

------------------------------------------------------------

Successfully completed.

Resource usage summary:

    CPU time :                                   4336.94 sec.
    Max Memory :                                 2611 MB
    Average Memory :                             1692.14 MB
    Total Requested Memory :                     4096.00 MB
    Delta Memory :                               1485.00 MB
    Max Swap :                                   -
    Max Processes :                              4
    Max Threads :                                5
    Run time :                                   4384 sec.
    Turnaround time :                            4339 sec.

The output (if any) is above this job summary.



PS:

Read file <mm_batch_11941797_BLK_10.err> for stderr output of this job.

