Architecture:          x86_64
CPU op-mode(s):        32-bit, 64-bit
Byte Order:            Little Endian
CPU(s):                20
On-line CPU(s) list:   0-19
Thread(s) per core:    1
Core(s) per socket:    10
Socket(s):             2
NUMA node(s):          2
Vendor ID:             GenuineIntel
CPU family:            6
Model:                 63
Model name:            Intel(R) Xeon(R) CPU E5-2660 v3 @ 2.60GHz
Stepping:              2
CPU MHz:               2899.926
CPU max MHz:           3300.0000
CPU min MHz:           1200.0000
BogoMIPS:              5188.40
Virtualization:        VT-x
L1d cache:             32K
L1i cache:             32K
L2 cache:              256K
L3 cache:              25600K
NUMA node0 CPU(s):     0-9
NUMA node1 CPU(s):     10-19
Flags:                 fpu vme de pse tsc msr pae mce cx8 apic sep mtrr pge mca cmov pat pse36 clflush dts acpi mmx fxsr sse sse2 ss ht tm pbe syscall nx pdpe1gb rdtscp lm constant_tsc arch_perfmon pebs bts rep_good nopl xtopology nonstop_tsc aperfmperf eagerfpu pni pclmulqdq dtes64 ds_cpl vmx smx est tm2 ssse3 sdbg fma cx16 xtpr pdcm pcid dca sse4_1 sse4_2 x2apic movbe popcnt tsc_deadline_timer aes xsave avx f16c rdrand lahf_lm abm epb invpcid_single intel_ppin ssbd ibrs ibpb stibp tpr_shadow vnmi flexpriority ept vpid fsgsbase tsc_adjust bmi1 avx2 smep bmi2 erms invpcid cqm xsaveopt cqm_llc cqm_occup_llc dtherm ida arat pln pts md_clear spec_ctrl intel_stibp flush_l1d
   234.375   2200.615 # matmult_blk 32
   283.594   2366.172 # matmult_blk 32
   343.148   2267.235 # matmult_blk 32
   414.586   2131.671 # matmult_blk 32
   499.594   2197.775 # matmult_blk 32
   607.523   2171.933 # matmult_blk 32
   734.273   2207.192 # matmult_blk 32
   891.211   2182.158 # matmult_blk 32
  1073.344   2238.596 # matmult_blk 32
  1305.375   2203.081 # matmult_blk 32
  1572.211   2229.112 # matmult_blk 32
  1903.711   2240.182 # matmult_blk 32
  2310.844   2227.883 # matmult_blk 32
  2789.648   2240.349 # matmult_blk 32
  3384.375   2176.328 # matmult_blk 32
  4095.094   2180.309 # matmult_blk 32
  4937.836   2166.935 # matmult_blk 32
  5977.148   2248.981 # matmult_blk 32
  7245.375   2095.256 # matmult_blk 32
  8778.375   2074.681 # matmult_blk 32
 10615.523   2029.702 # matmult_blk 32
 12834.375   2071.816 # matmult_blk 32
 15529.594   2095.004 # matmult_blk 32
 18774.023   2082.249 # matmult_blk 32
 22739.648   2039.004 # matmult_blk 32
 27489.586   2042.605 # matmult_blk 32
 33301.500   2021.204 # matmult_blk 32
 40282.523   2039.636 # matmult_blk 32
 48735.094   2088.457 # matmult_blk 32
 58954.594   2094.671 # matmult_blk 32
 71367.773   2033.573 # matmult_blk 32
 86310.023   2092.953 # matmult_blk 32
104445.023   2027.969 # matmult_blk 32
126476.461   2036.253 # matmult_blk 32
153000.586   2217.512 # matmult_blk 32
185064.844   2068.885 # matmult_blk 32
223928.461   2038.333 # matmult_blk 32
270937.500   1958.418 # matmult_blk 32
327834.375   1992.717 # matmult_blk 32
396679.594   1980.839 # matmult_blk 32
480109.594   1923.266 # matmult_blk 32
581025.961   1867.815 # matmult_blk 32
702810.375   1892.937 # matmult_blk 32
850513.500   1826.367 # matmult_blk 32
1028997.094   1901.147 # matmult_blk 32
1245223.148   1848.745 # matmult_blk 32
1506757.594   1893.940 # matmult_blk 32
1823259.375   1869.254 # matmult_blk 32
2206143.844   1911.579 # matmult_blk 32
2669334.000   1703.994 # matmult_blk 32

------------------------------------------------------------
Sender: LSF System <lsfadmin@hpc.dtu.dk>
Subject: Job 11941824: <mm_batch> in cluster <dcc> Done

Job <mm_batch> was submitted from host <n-62-27-18> by user <s212571> in cluster <dcc> at Wed Jan  5 16:23:11 2022
Job was executed on host(s) <n-62-28-28>, in queue <hpc>, as user <s212571> in cluster <dcc> at Wed Jan  5 16:23:11 2022
</zhome/6d/6/164418> was used as the home directory.
</zhome/6d/6/164418/hpc/week1/assign/bscripts_blk> was used as the working directory.
Started at Wed Jan  5 16:23:11 2022
Terminated at Wed Jan  5 17:53:07 2022
Results reported at Wed Jan  5 17:53:07 2022

Your job looked like:

------------------------------------------------------------
# LSBATCH: User input
#!/bin/bash
# 02614 - High-Performance Computing, January 2022
# 
# batch script to run matmult on a decidated server in the hpcintro
# queue
#
# Author: Bernd Dammann <bd@cc.dtu.dk>
#
#BSUB -J mm_batch
#BSUB -o mm_batch_%J_BLK_32.out
#BSUB -e mm_batch_%J_BLK_32.err
#BSUB -q hpc
#BSUB -n 1
#BSUB -R "rusage[mem=4096]"
#BSUB -W 4:00
#BSUB -R "select[model == XeonE5_2660v3]"
# uncomment the following line, if you want to assure that your job has
# a whole CPU for itself (shared L3 cache)
# #BSUB -R "span[hosts=1] affinity[socket(1)]"

# define the driver name to use
# valid values: matmult_c.studio, matmult_f.studio, matmult_c.gcc or
# matmult_f.gcc
#
EXECUTABLE=matmult_c.gcc

# define the mkn values in the MKN variable
#
SIZES="100 110 121 133 146 161 177 195 214 236 259 285 314 345 380 418 459 505 556 612 673 740 814 895 985 1083 1192 1311 1442 1586 1745 1919 2111 2323 2555 2810 3091 3400 3740 4114 4526 4979 5476 6024 6626 7289 8018 8820 9702 10672"

PERM="blk"

# uncomment and set a reasonable BLKSIZE for the blk version
#
BLKSIZE=32

# enable(1)/disable(0) result checking
export MATMULT_COMPARE=0
# export MATMULT_RESULTS={[0]|1}
# export MFLOPS_MIN_T=[3.0]
# export MFLOPS_MAX_IT=[infinity]

cd ..
lscpu
# start the collect command with the above settings
for S in $SIZES
do
    ./$EXECUTABLE $PERM $S $S $S $BLKSIZE
done

------------------------------------------------------------

Successfully completed.

Resource usage summary:

    CPU time :                                   5394.24 sec.
    Max Memory :                                 2611 MB
    Average Memory :                             1723.65 MB
    Total Requested Memory :                     4096.00 MB
    Delta Memory :                               1485.00 MB
    Max Swap :                                   -
    Max Processes :                              4
    Max Threads :                                5
    Run time :                                   5396 sec.
    Turnaround time :                            5396 sec.

The output (if any) is above this job summary.



PS:

Read file <mm_batch_11941824_BLK_32.err> for stderr output of this job.

