Architecture:          x86_64
CPU op-mode(s):        32-bit, 64-bit
Byte Order:            Little Endian
CPU(s):                20
On-line CPU(s) list:   0-19
Thread(s) per core:    1
Core(s) per socket:    10
Socket(s):             2
NUMA node(s):          2
Vendor ID:             GenuineIntel
CPU family:            6
Model:                 63
Model name:            Intel(R) Xeon(R) CPU E5-2660 v3 @ 2.60GHz
Stepping:              2
CPU MHz:               2899.926
CPU max MHz:           3300.0000
CPU min MHz:           1200.0000
BogoMIPS:              5187.67
Virtualization:        VT-x
L1d cache:             32K
L1i cache:             32K
L2 cache:              256K
L3 cache:              25600K
NUMA node0 CPU(s):     0-9
NUMA node1 CPU(s):     10-19
Flags:                 fpu vme de pse tsc msr pae mce cx8 apic sep mtrr pge mca cmov pat pse36 clflush dts acpi mmx fxsr sse sse2 ss ht tm pbe syscall nx pdpe1gb rdtscp lm constant_tsc arch_perfmon pebs bts rep_good nopl xtopology nonstop_tsc aperfmperf eagerfpu pni pclmulqdq dtes64 ds_cpl vmx smx est tm2 ssse3 sdbg fma cx16 xtpr pdcm pcid dca sse4_1 sse4_2 x2apic movbe popcnt tsc_deadline_timer aes xsave avx f16c rdrand lahf_lm abm epb invpcid_single intel_ppin ssbd ibrs ibpb stibp tpr_shadow vnmi flexpriority ept vpid fsgsbase tsc_adjust bmi1 avx2 smep bmi2 erms invpcid cqm xsaveopt cqm_llc cqm_occup_llc dtherm ida arat pln pts md_clear spec_ctrl intel_stibp flush_l1d
   234.375   1222.639 # matmult_blk 3
   283.594   1251.875 # matmult_blk 3
   343.148   1245.211 # matmult_blk 3
   414.586   1246.074 # matmult_blk 3
   499.594   1251.259 # matmult_blk 3
   607.523   1254.580 # matmult_blk 3
   734.273   1259.064 # matmult_blk 3
   891.211   1256.998 # matmult_blk 3
  1073.344   1249.591 # matmult_blk 3
  1305.375   1257.440 # matmult_blk 3
  1572.211   1254.498 # matmult_blk 3
  1903.711   1262.791 # matmult_blk 3
  2310.844   1261.221 # matmult_blk 3
  2789.648   1265.247 # matmult_blk 3
  3384.375   1264.629 # matmult_blk 3
  4095.094   1263.885 # matmult_blk 3
  4937.836   1269.609 # matmult_blk 3
  5977.148   1265.832 # matmult_blk 3
  7245.375   1267.409 # matmult_blk 3
  8778.375   1271.728 # matmult_blk 3
 10615.523   1269.430 # matmult_blk 3
 12834.375   1271.635 # matmult_blk 3
 15529.594   1268.222 # matmult_blk 3
 18774.023   1271.710 # matmult_blk 3
 22739.648   1268.640 # matmult_blk 3
 27489.586   1268.309 # matmult_blk 3
 33301.500   1266.607 # matmult_blk 3
 40282.523   1270.474 # matmult_blk 3
 48735.094   1269.531 # matmult_blk 3
 58954.594   1270.158 # matmult_blk 3
 71367.773   1271.647 # matmult_blk 3
 86310.023   1272.067 # matmult_blk 3
104445.023   1269.130 # matmult_blk 3
126476.461   1273.664 # matmult_blk 3
153000.586   1273.341 # matmult_blk 3
185064.844   1274.855 # matmult_blk 3
223928.461   1275.553 # matmult_blk 3
270937.500   1276.012 # matmult_blk 3
327834.375   1276.503 # matmult_blk 3
396679.594   1276.758 # matmult_blk 3
480109.594   1277.264 # matmult_blk 3
581025.961   1277.725 # matmult_blk 3
702810.375   1277.665 # matmult_blk 3
850513.500   1278.613 # matmult_blk 3
1028997.094   1277.957 # matmult_blk 3
1245223.148   1278.890 # matmult_blk 3
1506757.594   1278.737 # matmult_blk 3
1823259.375   1270.127 # matmult_blk 3
2206143.844   1278.457 # matmult_blk 3
2669334.000   1277.934 # matmult_blk 3

------------------------------------------------------------
Sender: LSF System <lsfadmin@hpc.dtu.dk>
Subject: Job 11941821: <mm_batch> in cluster <dcc> Done

Job <mm_batch> was submitted from host <n-62-27-18> by user <s212571> in cluster <dcc> at Wed Jan  5 16:23:10 2022
Job was executed on host(s) <n-62-28-31>, in queue <hpc>, as user <s212571> in cluster <dcc> at Wed Jan  5 16:23:11 2022
</zhome/6d/6/164418> was used as the home directory.
</zhome/6d/6/164418/hpc/week1/assign/bscripts_blk> was used as the working directory.
Started at Wed Jan  5 16:23:11 2022
Terminated at Wed Jan  5 18:32:12 2022
Results reported at Wed Jan  5 18:32:12 2022

Your job looked like:

------------------------------------------------------------
# LSBATCH: User input
#!/bin/bash
# 02614 - High-Performance Computing, January 2022
# 
# batch script to run matmult on a decidated server in the hpcintro
# queue
#
# Author: Bernd Dammann <bd@cc.dtu.dk>
#
#BSUB -J mm_batch
#BSUB -o mm_batch_%J_BLK_3.out
#BSUB -e mm_batch_%J_BLK_3.err
#BSUB -q hpc
#BSUB -n 1
#BSUB -R "rusage[mem=4096]"
#BSUB -W 4:00
#BSUB -R "select[model == XeonE5_2660v3]"
# uncomment the following line, if you want to assure that your job has
# a whole CPU for itself (shared L3 cache)
# #BSUB -R "span[hosts=1] affinity[socket(1)]"

# define the driver name to use
# valid values: matmult_c.studio, matmult_f.studio, matmult_c.gcc or
# matmult_f.gcc
#
EXECUTABLE=matmult_c.gcc

# define the mkn values in the MKN variable
#
SIZES="100 110 121 133 146 161 177 195 214 236 259 285 314 345 380 418 459 505 556 612 673 740 814 895 985 1083 1192 1311 1442 1586 1745 1919 2111 2323 2555 2810 3091 3400 3740 4114 4526 4979 5476 6024 6626 7289 8018 8820 9702 10672"

PERM="blk"

# uncomment and set a reasonable BLKSIZE for the blk version
#
BLKSIZE=3

# enable(1)/disable(0) result checking
export MATMULT_COMPARE=0
# export MATMULT_RESULTS={[0]|1}
# export MFLOPS_MIN_T=[3.0]
# export MFLOPS_MAX_IT=[infinity]

cd ..
lscpu
# start the collect command with the above settings
for S in $SIZES
do
    ./$EXECUTABLE $PERM $S $S $S $BLKSIZE
done

------------------------------------------------------------

Successfully completed.

Resource usage summary:

    CPU time :                                   7739.63 sec.
    Max Memory :                                 2611 MB
    Average Memory :                             1705.69 MB
    Total Requested Memory :                     4096.00 MB
    Delta Memory :                               1485.00 MB
    Max Swap :                                   -
    Max Processes :                              4
    Max Threads :                                5
    Run time :                                   7742 sec.
    Turnaround time :                            7742 sec.

The output (if any) is above this job summary.



PS:

Read file <mm_batch_11941821_BLK_3.err> for stderr output of this job.

