Architecture:          x86_64
CPU op-mode(s):        32-bit, 64-bit
Byte Order:            Little Endian
CPU(s):                20
On-line CPU(s) list:   0-19
Thread(s) per core:    1
Core(s) per socket:    10
Socket(s):             2
NUMA node(s):          2
Vendor ID:             GenuineIntel
CPU family:            6
Model:                 63
Model name:            Intel(R) Xeon(R) CPU E5-2660 v3 @ 2.60GHz
Stepping:              2
CPU MHz:               2600.000
CPU max MHz:           2600.0000
CPU min MHz:           1200.0000
BogoMIPS:              5187.71
Virtualization:        VT-x
L1d cache:             32K
L1i cache:             32K
L2 cache:              256K
L3 cache:              25600K
NUMA node0 CPU(s):     0-9
NUMA node1 CPU(s):     10-19
Flags:                 fpu vme de pse tsc msr pae mce cx8 apic sep mtrr pge mca cmov pat pse36 clflush dts acpi mmx fxsr sse sse2 ss ht tm pbe syscall nx pdpe1gb rdtscp lm constant_tsc arch_perfmon pebs bts rep_good nopl xtopology nonstop_tsc aperfmperf eagerfpu pni pclmulqdq dtes64 ds_cpl vmx smx est tm2 ssse3 sdbg fma cx16 xtpr pdcm pcid dca sse4_1 sse4_2 x2apic movbe popcnt tsc_deadline_timer aes xsave avx f16c rdrand lahf_lm abm epb invpcid_single intel_ppin ssbd ibrs ibpb stibp tpr_shadow vnmi flexpriority ept vpid fsgsbase tsc_adjust bmi1 avx2 smep bmi2 erms invpcid cqm xsaveopt cqm_llc cqm_occup_llc dtherm arat pln pts md_clear spec_ctrl intel_stibp flush_l1d
   234.375   2650.231 # matmult_blk 1024
   396.094   2657.193 # matmult_blk 1024
   669.398   2539.674 # matmult_blk 1024
  1134.375   2533.109 # matmult_blk 1024
  1917.094   2649.383 # matmult_blk 1024
  3225.961   2691.907 # matmult_blk 1024
  5467.711   2716.481 # matmult_blk 1024
  9213.961   2723.915 # matmult_blk 1024
 15606.000   2786.075 # matmult_blk 1024
 26334.375   2657.205 # matmult_blk 1024
 44569.711   2625.450 # matmult_blk 1024
 75264.000   2702.905 # matmult_blk 1024
127239.844   2647.319 # matmult_blk 1024
215035.336   2681.378 # matmult_blk 1024
363280.523   2671.637 # matmult_blk 1024
614160.023   2688.017 # matmult_blk 1024
1037712.094   2680.691 # matmult_blk 1024
1753652.344   2646.487 # matmult_blk 1024

------------------------------------------------------------
Sender: LSF System <lsfadmin@hpc.dtu.dk>
Subject: Job 11978931: <mm_batch> in cluster <dcc> Done

Job <mm_batch> was submitted from host <n-62-30-2> by user <s212571> in cluster <dcc> at Thu Jan  6 15:50:01 2022
Job was executed on host(s) <n-62-29-33>, in queue <hpc>, as user <s212571> in cluster <dcc> at Thu Jan  6 15:50:02 2022
</zhome/6d/6/164418> was used as the home directory.
</zhome/6d/6/164418/hpc/week1/assign/bscripts_blk> was used as the working directory.
Started at Thu Jan  6 15:50:02 2022
Terminated at Thu Jan  6 16:05:27 2022
Results reported at Thu Jan  6 16:05:27 2022

Your job looked like:

------------------------------------------------------------
# LSBATCH: User input
#!/bin/bash
# 02614 - High-Performance Computing, January 2022
# 
# batch script to run matmult on a decidated server in the hpcintro
# queue
#
# Author: Bernd Dammann <bd@cc.dtu.dk>
#
#BSUB -J mm_batch
#BSUB -o mm_batch_%J_BLK_1024.out
#BSUB -e mm_batch_%J_BLK_1024.err
#BSUB -q hpc
#BSUB -n 1
#BSUB -R "rusage[mem=4096]"
#BSUB -W 4:00
#BSUB -R "select[model == XeonE5_2660v3]"
# uncomment the following line, if you want to assure that your job has
# a whole CPU for itself (shared L3 cache)
#BSUB -R "span[hosts=1] affinity[socket(1)]"

# define the driver name to use
# valid values: matmult_c.studio, matmult_f.studio, matmult_c.gcc or
# matmult_f.gcc
#
EXECUTABLE=matmult_c.gcc

# define the mkn values in the MKN variable
#
SIZES="100 130 169 220 286 371 483 627 816 1060 1379 1792 2330 3029 3937 5119 6654 8650"

PERM="blk"

# uncomment and set a reasonable BLKSIZE for the blk version
#
BLKSIZE=1024

# enable(1)/disable(0) result checking
export MATMULT_COMPARE=0
# export MATMULT_RESULTS={[0]|1}
# export MFLOPS_MIN_T=[3.0]
# export MFLOPS_MAX_IT=[infinity]

cd ..
lscpu
# start the collect command with the above settings
for S in $SIZES
do
    ./$EXECUTABLE $PERM $S $S $S $BLKSIZE
done

------------------------------------------------------------

Successfully completed.

Resource usage summary:

    CPU time :                                   925.70 sec.
    Max Memory :                                 1716 MB
    Average Memory :                             1294.10 MB
    Total Requested Memory :                     4096.00 MB
    Delta Memory :                               2380.00 MB
    Max Swap :                                   -
    Max Processes :                              4
    Max Threads :                                5
    Run time :                                   925 sec.
    Turnaround time :                            926 sec.

The output (if any) is above this job summary.



PS:

Read file <mm_batch_11978931_BLK_1024.err> for stderr output of this job.

