Architecture:          x86_64
CPU op-mode(s):        32-bit, 64-bit
Byte Order:            Little Endian
CPU(s):                20
On-line CPU(s) list:   0-19
Thread(s) per core:    1
Core(s) per socket:    10
Socket(s):             2
NUMA node(s):          2
Vendor ID:             GenuineIntel
CPU family:            6
Model:                 63
Model name:            Intel(R) Xeon(R) CPU E5-2660 v3 @ 2.60GHz
Stepping:              2
CPU MHz:               2899.926
CPU max MHz:           3300.0000
CPU min MHz:           1200.0000
BogoMIPS:              5187.94
Virtualization:        VT-x
L1d cache:             32K
L1i cache:             32K
L2 cache:              256K
L3 cache:              25600K
NUMA node0 CPU(s):     0-9
NUMA node1 CPU(s):     10-19
Flags:                 fpu vme de pse tsc msr pae mce cx8 apic sep mtrr pge mca cmov pat pse36 clflush dts acpi mmx fxsr sse sse2 ss ht tm pbe syscall nx pdpe1gb rdtscp lm constant_tsc arch_perfmon pebs bts rep_good nopl xtopology nonstop_tsc aperfmperf eagerfpu pni pclmulqdq dtes64 ds_cpl vmx smx est tm2 ssse3 sdbg fma cx16 xtpr pdcm pcid dca sse4_1 sse4_2 x2apic movbe popcnt tsc_deadline_timer aes xsave avx f16c rdrand lahf_lm abm epb invpcid_single intel_ppin ssbd ibrs ibpb stibp tpr_shadow vnmi flexpriority ept vpid fsgsbase tsc_adjust bmi1 avx2 smep bmi2 erms invpcid cqm xsaveopt cqm_llc cqm_occup_llc dtherm ida arat pln pts md_clear spec_ctrl intel_stibp flush_l1d
   234.375   2859.282 # matmult_blk 128
   396.094   2776.307 # matmult_blk 128
   669.398   2826.691 # matmult_blk 128
  1134.375   2806.953 # matmult_blk 128
  1917.094   2727.637 # matmult_blk 128
  3225.961   2682.663 # matmult_blk 128
  5467.711   2657.666 # matmult_blk 128
  9213.961   2848.535 # matmult_blk 128
 15606.000   2476.063 # matmult_blk 128
 26334.375   2826.884 # matmult_blk 128
 44569.711   2837.579 # matmult_blk 128
 75264.000   2712.700 # matmult_blk 128
127239.844   2884.753 # matmult_blk 128
215035.336   2888.736 # matmult_blk 128
363280.523   2882.311 # matmult_blk 128
614160.023   2326.584 # matmult_blk 128
1037712.094   2389.239 # matmult_blk 128
1753652.344   2877.960 # matmult_blk 128

------------------------------------------------------------
Sender: LSF System <lsfadmin@hpc.dtu.dk>
Subject: Job 11978932: <mm_batch> in cluster <dcc> Done

Job <mm_batch> was submitted from host <n-62-30-2> by user <s212571> in cluster <dcc> at Thu Jan  6 15:50:01 2022
Job was executed on host(s) <n-62-29-22>, in queue <hpc>, as user <s212571> in cluster <dcc> at Thu Jan  6 15:50:02 2022
</zhome/6d/6/164418> was used as the home directory.
</zhome/6d/6/164418/hpc/week1/assign/bscripts_blk> was used as the working directory.
Started at Thu Jan  6 15:50:02 2022
Terminated at Thu Jan  6 16:05:25 2022
Results reported at Thu Jan  6 16:05:25 2022

Your job looked like:

------------------------------------------------------------
# LSBATCH: User input
#!/bin/bash
# 02614 - High-Performance Computing, January 2022
# 
# batch script to run matmult on a decidated server in the hpcintro
# queue
#
# Author: Bernd Dammann <bd@cc.dtu.dk>
#
#BSUB -J mm_batch
#BSUB -o mm_batch_%J_BLK_128.out
#BSUB -e mm_batch_%J_BLK_128.err
#BSUB -q hpc
#BSUB -n 1
#BSUB -R "rusage[mem=4096]"
#BSUB -W 4:00
#BSUB -R "select[model == XeonE5_2660v3]"
# uncomment the following line, if you want to assure that your job has
# a whole CPU for itself (shared L3 cache)
#BSUB -R "span[hosts=1] affinity[socket(1)]"

# define the driver name to use
# valid values: matmult_c.studio, matmult_f.studio, matmult_c.gcc or
# matmult_f.gcc
#
EXECUTABLE=matmult_c.gcc

# define the mkn values in the MKN variable
#
SIZES="100 130 169 220 286 371 483 627 816 1060 1379 1792 2330 3029 3937 5119 6654 8650"

PERM="blk"

# uncomment and set a reasonable BLKSIZE for the blk version
#
BLKSIZE=128

# enable(1)/disable(0) result checking
export MATMULT_COMPARE=0
# export MATMULT_RESULTS={[0]|1}
# export MFLOPS_MIN_T=[3.0]
# export MFLOPS_MAX_IT=[infinity]

cd ..
lscpu
# start the collect command with the above settings
for S in $SIZES
do
    ./$EXECUTABLE $PERM $S $S $S $BLKSIZE
done

------------------------------------------------------------

Successfully completed.

Resource usage summary:

    CPU time :                                   923.12 sec.
    Max Memory :                                 1716 MB
    Average Memory :                             1294.10 MB
    Total Requested Memory :                     4096.00 MB
    Delta Memory :                               2380.00 MB
    Max Swap :                                   -
    Max Processes :                              4
    Max Threads :                                5
    Run time :                                   923 sec.
    Turnaround time :                            924 sec.

The output (if any) is above this job summary.



PS:

Read file <mm_batch_11978932_BLK_128.err> for stderr output of this job.

