   234.375    384.628 # matmult_mkn
   283.594    397.085 # matmult_mkn
   343.148    398.675 # matmult_mkn
   414.586    398.265 # matmult_mkn
   499.594    401.021 # matmult_mkn
   607.523    400.945 # matmult_mkn
   734.273    400.333 # matmult_mkn
   891.211    400.820 # matmult_mkn
  1073.344    401.636 # matmult_mkn
  1305.375    401.853 # matmult_mkn
  1572.211    401.814 # matmult_mkn
  1903.711    402.991 # matmult_mkn
  2310.844    403.335 # matmult_mkn
  2789.648    403.560 # matmult_mkn
  3384.375    398.058 # matmult_mkn
  4095.094    404.434 # matmult_mkn
  4937.836    404.889 # matmult_mkn
  5977.148    404.672 # matmult_mkn
  7245.375    405.163 # matmult_mkn
  8778.375    405.478 # matmult_mkn
 10615.523    405.595 # matmult_mkn
 12834.375    405.795 # matmult_mkn
 15529.594    406.060 # matmult_mkn
 18774.023    406.000 # matmult_mkn
 22739.648    406.041 # matmult_mkn
 27489.586    406.242 # matmult_mkn
 33301.500    406.615 # matmult_mkn
 40282.523    406.187 # matmult_mkn
 48735.094    406.798 # matmult_mkn
 58954.594    406.594 # matmult_mkn
 71367.773    405.833 # matmult_mkn
 86310.023    405.100 # matmult_mkn
104445.023    404.462 # matmult_mkn
126476.461    404.271 # matmult_mkn
153000.586    403.737 # matmult_mkn
185064.844    404.889 # matmult_mkn
223928.461    404.922 # matmult_mkn
270937.500    404.998 # matmult_mkn
327834.375    405.534 # matmult_mkn
396679.594    405.664 # matmult_mkn
480109.594    405.471 # matmult_mkn
581025.961    405.892 # matmult_mkn
702810.375    405.320 # matmult_mkn
850513.500    405.573 # matmult_mkn
1028997.094    404.838 # matmult_mkn
1245223.148    404.424 # matmult_mkn
1506757.594    405.268 # matmult_mkn
1823259.375    405.036 # matmult_mkn
