   234.375   1997.981 # matmult_mnk
   283.594   2049.616 # matmult_mnk
   343.148   1991.156 # matmult_mnk
   414.586   1909.845 # matmult_mnk
   499.594   1919.466 # matmult_mnk
   607.523   1859.073 # matmult_mnk
   734.273   1830.098 # matmult_mnk
   891.211   1598.119 # matmult_mnk
  1073.344   1615.023 # matmult_mnk
  1305.375   1664.939 # matmult_mnk
  1572.211   1504.155 # matmult_mnk
  1903.711   1484.468 # matmult_mnk
  2310.844   1575.018 # matmult_mnk
  2789.648   1461.294 # matmult_mnk
  3384.375   1614.733 # matmult_mnk
  4095.094   1519.112 # matmult_mnk
  4937.836   1380.607 # matmult_mnk
  5977.148   1319.325 # matmult_mnk
  7245.375   1415.728 # matmult_mnk
  8778.375   1491.240 # matmult_mnk
 10615.523   1348.457 # matmult_mnk
 12834.375   1472.093 # matmult_mnk
 15529.594    947.411 # matmult_mnk
 18774.023    511.729 # matmult_mnk
 22739.648    546.826 # matmult_mnk
 27489.586    471.797 # matmult_mnk
 33301.500    840.996 # matmult_mnk
 40282.523    476.120 # matmult_mnk
 48735.094    726.228 # matmult_mnk
 58954.594    667.705 # matmult_mnk
 71367.773    481.288 # matmult_mnk
 86310.023    481.365 # matmult_mnk
104445.023    474.620 # matmult_mnk
126476.461    477.836 # matmult_mnk
153000.586    458.122 # matmult_mnk
185064.844    668.762 # matmult_mnk
223928.461    477.192 # matmult_mnk
270937.500    663.446 # matmult_mnk
327834.375    570.327 # matmult_mnk
396679.594    474.517 # matmult_mnk
480109.594    473.900 # matmult_mnk
581025.961    458.463 # matmult_mnk
702810.375    523.303 # matmult_mnk
850513.500    525.945 # matmult_mnk
1028997.094    474.820 # matmult_mnk
1245223.148    465.706 # matmult_mnk
1506757.594    507.326 # matmult_mnk
1823259.375    525.644 # matmult_mnk
