   234.375   2067.412 # matmult_nat
   283.594   2065.152 # matmult_nat
   343.148   2057.561 # matmult_nat
   414.586   1980.440 # matmult_nat
   499.594   1962.682 # matmult_nat
   607.523   1954.882 # matmult_nat
   734.273   1930.272 # matmult_nat
   891.211   1913.661 # matmult_nat
  1073.344   1903.856 # matmult_nat
  1305.375   1906.020 # matmult_nat
  1572.211   1900.208 # matmult_nat
  1903.711   1868.842 # matmult_nat
  2310.844   1874.823 # matmult_nat
  2789.648   1878.585 # matmult_nat
  3384.375   1883.562 # matmult_nat
  4095.094   1878.527 # matmult_nat
  4937.836   1875.988 # matmult_nat
  5977.148   1876.768 # matmult_nat
  7245.375   1882.648 # matmult_nat
  8778.375   1880.336 # matmult_nat
 10615.523   1880.672 # matmult_nat
 12834.375   1878.235 # matmult_nat
 15529.594   1868.076 # matmult_nat
 18774.023   1864.411 # matmult_nat
 22739.648   1835.745 # matmult_nat
 27489.586   1791.884 # matmult_nat
 33301.500   1655.994 # matmult_nat
 40282.523   1556.714 # matmult_nat
 48735.094   1538.248 # matmult_nat
 58954.594   1531.927 # matmult_nat
 71367.773   1533.609 # matmult_nat
 86310.023   1533.554 # matmult_nat
104445.023   1528.125 # matmult_nat
126476.461   1530.920 # matmult_nat
153000.586   1530.134 # matmult_nat
185064.844   1531.449 # matmult_nat
223928.461   1532.869 # matmult_nat
270937.500   1532.196 # matmult_nat
327834.375   1529.191 # matmult_nat
396679.594   1534.028 # matmult_nat
480109.594   1534.828 # matmult_nat
581025.961   1535.349 # matmult_nat
702810.375   1536.609 # matmult_nat
850513.500   1549.620 # matmult_nat
1028997.094   1569.610 # matmult_nat
1245223.148   1574.774 # matmult_nat
1506757.594   1580.706 # matmult_nat
1823259.375   1580.611 # matmult_nat
2206143.844   1582.919 # matmult_nat
2669334.000   1582.113 # matmult_nat
