   234.375   2002.864 # matmult_nmk
   283.594   2052.628 # matmult_nmk
   343.148   2007.978 # matmult_nmk
   414.586   1921.097 # matmult_nmk
   499.594   1895.762 # matmult_nmk
   607.523   1897.340 # matmult_nmk
   734.273   1866.235 # matmult_nmk
   891.211   1793.044 # matmult_nmk
  1073.344   1799.596 # matmult_nmk
  1305.375   1756.503 # matmult_nmk
  1572.211   1786.310 # matmult_nmk
  1903.711   1778.541 # matmult_nmk
  2310.844   1779.868 # matmult_nmk
  2789.648   1773.406 # matmult_nmk
  3384.375   1745.397 # matmult_nmk
  4095.094   1720.164 # matmult_nmk
  4937.836   1643.450 # matmult_nmk
  5977.148   1542.510 # matmult_nmk
  7245.375   1531.717 # matmult_nmk
  8778.375   1541.829 # matmult_nmk
 10615.523   1609.844 # matmult_nmk
 12834.375   1598.728 # matmult_nmk
 15529.594   1614.682 # matmult_nmk
 18774.023   1654.041 # matmult_nmk
 22739.648   1530.544 # matmult_nmk
 27489.586   1153.112 # matmult_nmk
 33301.500   1446.769 # matmult_nmk
 40282.523   1414.374 # matmult_nmk
 48735.094   1404.925 # matmult_nmk
 58954.594    999.645 # matmult_nmk
 71367.773   1401.708 # matmult_nmk
 86310.023   1413.969 # matmult_nmk
104445.023    816.877 # matmult_nmk
126476.461   1051.485 # matmult_nmk
153000.586    530.471 # matmult_nmk
185064.844    799.645 # matmult_nmk
223928.461    506.651 # matmult_nmk
270937.500    569.917 # matmult_nmk
327834.375    529.702 # matmult_nmk
396679.594    470.855 # matmult_nmk
480109.594    473.294 # matmult_nmk
581025.961    493.863 # matmult_nmk
702810.375    493.964 # matmult_nmk
850513.500    498.591 # matmult_nmk
1028997.094    477.779 # matmult_nmk
1245223.148    496.171 # matmult_nmk
1506757.594    491.686 # matmult_nmk
1823259.375    495.072 # matmult_nmk
