   234.375   2114.702 # matmult_nat
   283.594   2109.576 # matmult_nat
   343.148   2098.548 # matmult_nat
   414.586   2012.079 # matmult_nat
   499.594   2002.245 # matmult_nat
   607.523   1995.277 # matmult_nat
   734.273   1970.529 # matmult_nat
   891.211   1947.742 # matmult_nat
  1073.344   1935.691 # matmult_nat
  1305.375   1932.101 # matmult_nat
  1572.211   1938.125 # matmult_nat
  1903.711   1906.169 # matmult_nat
  2310.844   1901.068 # matmult_nat
  2789.648   1903.502 # matmult_nat
  3384.375   1902.513 # matmult_nat
  4095.094   1900.908 # matmult_nat
  4937.836   1898.483 # matmult_nat
  5977.148   1835.852 # matmult_nat
  7245.375   1897.165 # matmult_nat
  8778.375   1899.806 # matmult_nat
 10615.523   1898.679 # matmult_nat
 12834.375   1895.603 # matmult_nat
 15529.594   1896.287 # matmult_nat
 18774.023   1891.727 # matmult_nat
 22739.648   1874.337 # matmult_nat
 27489.586   1836.433 # matmult_nat
 33301.500   1776.915 # matmult_nat
 40282.523   1649.126 # matmult_nat
 48735.094   1576.109 # matmult_nat
 58954.594   1567.926 # matmult_nat
 71367.773   1557.953 # matmult_nat
 86310.023   1560.275 # matmult_nat
104445.023   1554.318 # matmult_nat
126476.461   1555.013 # matmult_nat
153000.586   1555.416 # matmult_nat
185064.844   1556.903 # matmult_nat
223928.461   1556.633 # matmult_nat
270937.500   1557.542 # matmult_nat
327834.375   1552.495 # matmult_nat
396679.594   1557.739 # matmult_nat
480109.594   1557.940 # matmult_nat
581025.961   1558.951 # matmult_nat
702810.375   1559.142 # matmult_nat
850513.500   1561.390 # matmult_nat
1028997.094   1573.421 # matmult_nat
1245223.148   1575.028 # matmult_nat
1506757.594   1576.440 # matmult_nat
1823259.375   1575.983 # matmult_nat
2206143.844   1576.559 # matmult_nat
2669334.000   1585.730 # matmult_nat
