Architecture:          x86_64
CPU op-mode(s):        32-bit, 64-bit
Byte Order:            Little Endian
CPU(s):                20
On-line CPU(s) list:   0-19
Thread(s) per core:    1
Core(s) per socket:    10
Socket(s):             2
NUMA node(s):          2
Vendor ID:             GenuineIntel
CPU family:            6
Model:                 63
Model name:            Intel(R) Xeon(R) CPU E5-2660 v3 @ 2.60GHz
Stepping:              2
CPU MHz:               1200.341
CPU max MHz:           3300.0000
CPU min MHz:           1200.0000
BogoMIPS:              5188.49
Virtualization:        VT-x
L1d cache:             32K
L1i cache:             32K
L2 cache:              256K
L3 cache:              25600K
NUMA node0 CPU(s):     0-9
NUMA node1 CPU(s):     10-19
Flags:                 fpu vme de pse tsc msr pae mce cx8 apic sep mtrr pge mca cmov pat pse36 clflush dts acpi mmx fxsr sse sse2 ss ht tm pbe syscall nx pdpe1gb rdtscp lm constant_tsc arch_perfmon pebs bts rep_good nopl xtopology nonstop_tsc aperfmperf eagerfpu pni pclmulqdq dtes64 ds_cpl vmx smx est tm2 ssse3 sdbg fma cx16 xtpr pdcm pcid dca sse4_1 sse4_2 x2apic movbe popcnt tsc_deadline_timer aes xsave avx f16c rdrand lahf_lm abm epb invpcid_single intel_ppin ssbd ibrs ibpb stibp tpr_shadow vnmi flexpriority ept vpid fsgsbase tsc_adjust bmi1 avx2 smep bmi2 erms invpcid cqm xsaveopt cqm_llc cqm_occup_llc dtherm ida arat pln pts md_clear spec_ctrl intel_stibp flush_l1d
   234.375    377.778 # matmult_mnk
   283.594    392.678 # matmult_mnk
   343.148    392.050 # matmult_mnk
   414.586    392.166 # matmult_mnk
   499.594    382.547 # matmult_mnk
   607.523    383.933 # matmult_mnk
   734.273    331.655 # matmult_mnk
   891.211    324.083 # matmult_mnk
  1073.344    306.325 # matmult_mnk
  1305.375    325.125 # matmult_mnk
  1572.211    317.639 # matmult_mnk
  1903.711    297.892 # matmult_mnk
  2310.844    289.254 # matmult_mnk
  2789.648    290.078 # matmult_mnk
  3384.375    316.093 # matmult_mnk
  4095.094    278.883 # matmult_mnk
  4937.836    279.785 # matmult_mnk
  5977.148    273.891 # matmult_mnk
  7245.375    294.189 # matmult_mnk
  8778.375    315.497 # matmult_mnk
 10615.523    286.861 # matmult_mnk
 12834.375    308.832 # matmult_mnk
 15529.594    290.934 # matmult_mnk
 18774.023    289.312 # matmult_mnk
 22739.648    286.328 # matmult_mnk
 27489.586    296.134 # matmult_mnk
 33301.500    343.093 # matmult_mnk
 40282.523    292.154 # matmult_mnk
 48735.094    293.419 # matmult_mnk
 58954.594    294.176 # matmult_mnk
 71367.773    247.983 # matmult_mnk
 86310.023    163.083 # matmult_mnk
104445.023    143.393 # matmult_mnk
126476.461    139.382 # matmult_mnk
153000.586    133.974 # matmult_mnk
185064.844    130.109 # matmult_mnk
223928.461    132.133 # matmult_mnk
270937.500    200.882 # matmult_mnk
327834.375    181.478 # matmult_mnk
396679.594    220.608 # matmult_mnk
480109.594    120.596 # matmult_mnk
581025.961    122.577 # matmult_mnk
702810.375    157.768 # matmult_mnk
850513.500    187.308 # matmult_mnk

------------------------------------------------------------
Sender: LSF System <lsfadmin@hpc.dtu.dk>
Subject: Job 11953029: <mm_batch> in cluster <dcc> Exited

Job <mm_batch> was submitted from host <n-62-27-21> by user <s212571> in cluster <dcc> at Wed Jan  5 22:56:55 2022
Job was executed on host(s) <n-62-28-29>, in queue <hpc>, as user <s212571> in cluster <dcc> at Wed Jan  5 22:56:56 2022
</zhome/6d/6/164418> was used as the home directory.
</zhome/6d/6/164418/hpc/week1/assign/bscripts_no_op> was used as the working directory.
Started at Wed Jan  5 22:56:56 2022
Terminated at Thu Jan  6 02:58:16 2022
Results reported at Thu Jan  6 02:58:16 2022

Your job looked like:

------------------------------------------------------------
# LSBATCH: User input
#!/bin/bash
# 02614 - High-Performance Computing, January 2022
# 
# batch script to run matmult on a decidated server in the hpcintro
# queue
#
# Author: Bernd Dammann <bd@cc.dtu.dk>
#
#BSUB -J mm_batch
#BSUB -o mm_batch_%J_mnk.out
#BSUB -e mm_batch_%J_mnk.err
#BSUB -q hpc
#BSUB -n 1
#BSUB -R "rusage[mem=4096]"
#BSUB -W 4:00
#BSUB -R "select[model == XeonE5_2660v3]"
# uncomment the following line, if you want to assure that your job has
# a whole CPU for itself (shared L3 cache)
#BSUB -R "span[hosts=1] affinity[socket(1)]"

# define the driver name to use
# valid values: matmult_c.studio, matmult_f.studio, matmult_c.gcc or
# matmult_f.gcc
#
EXECUTABLE=matmult_c.gcc

# define the mkn values in the MKN variable
#
SIZES="100 110 121 133 146 161 177 195 214 236 259 285 314 345 380 418 459 505 556 612 673 740 814 895 985 1083 1192 1311 1442 1586 1745 1919 2111 2323 2555 2810 3091 3400 3740 4114 4526 4979 5476 6024 6626 7289 8018 8820 9702 10672"

PERM="mnk"

# uncomment and set a reasonable BLKSIZE for the blk version
#
# BLKSIZE=1

# enable(1)/disable(0) result checking
export MATMULT_COMPARE=0
# export MATMULT_RESULTS={[0]|1}
# export MFLOPS_MIN_T=[3.0]
# export MFLOPS_MAX_IT=[infinity]

cd ..
lscpu
# start the collect command with the above settings
for S in $SIZES
do
    ./$EXECUTABLE $PERM $S $S $S $BLKSIZE
done

------------------------------------------------------------

TERM_RUNLIMIT: job killed after reaching LSF run time limit.
Exited with exit code 140.

Resource usage summary:

    CPU time :                                   14498.00 sec.
    Max Memory :                                 1009 MB
    Average Memory :                             649.41 MB
    Total Requested Memory :                     4096.00 MB
    Delta Memory :                               3087.00 MB
    Max Swap :                                   -
    Max Processes :                              4
    Max Threads :                                5
    Run time :                                   14480 sec.
    Turnaround time :                            14481 sec.

The output (if any) is above this job summary.



PS:

Read file <mm_batch_11953029_mnk.err> for stderr output of this job.

