Architecture:          x86_64
CPU op-mode(s):        32-bit, 64-bit
Byte Order:            Little Endian
CPU(s):                20
On-line CPU(s) list:   0-19
Thread(s) per core:    1
Core(s) per socket:    10
Socket(s):             2
NUMA node(s):          2
Vendor ID:             GenuineIntel
CPU family:            6
Model:                 63
Model name:            Intel(R) Xeon(R) CPU E5-2660 v3 @ 2.60GHz
Stepping:              2
CPU MHz:               1398.388
CPU max MHz:           3300.0000
CPU min MHz:           1200.0000
BogoMIPS:              5188.40
Virtualization:        VT-x
L1d cache:             32K
L1i cache:             32K
L2 cache:              256K
L3 cache:              25600K
NUMA node0 CPU(s):     0-9
NUMA node1 CPU(s):     10-19
Flags:                 fpu vme de pse tsc msr pae mce cx8 apic sep mtrr pge mca cmov pat pse36 clflush dts acpi mmx fxsr sse sse2 ss ht tm pbe syscall nx pdpe1gb rdtscp lm constant_tsc arch_perfmon pebs bts rep_good nopl xtopology nonstop_tsc aperfmperf eagerfpu pni pclmulqdq dtes64 ds_cpl vmx smx est tm2 ssse3 sdbg fma cx16 xtpr pdcm pcid dca sse4_1 sse4_2 x2apic movbe popcnt tsc_deadline_timer aes xsave avx f16c rdrand lahf_lm abm epb invpcid_single intel_ppin ssbd ibrs ibpb stibp tpr_shadow vnmi flexpriority ept vpid fsgsbase tsc_adjust bmi1 avx2 smep bmi2 erms invpcid cqm xsaveopt cqm_llc cqm_occup_llc dtherm ida arat pln pts md_clear spec_ctrl intel_stibp flush_l1d
   234.375   8830.119 # matmult_lib
   283.594   8338.897 # matmult_lib
   343.148   9573.289 # matmult_lib
   414.586   8601.238 # matmult_lib
   499.594   9621.474 # matmult_lib
   607.523   9873.953 # matmult_lib
   734.273   8548.564 # matmult_lib
   891.211   7751.089 # matmult_lib
  1073.344  10549.070 # matmult_lib
  1305.375  10092.353 # matmult_lib
  1572.211   9239.332 # matmult_lib
  1903.711   9839.495 # matmult_lib
  2310.844  10502.707 # matmult_lib
  2789.648   9335.623 # matmult_lib
  3384.375  10829.878 # matmult_lib
  4095.094  10920.406 # matmult_lib
  4937.836   9840.224 # matmult_lib
  5977.148   9733.395 # matmult_lib
  7245.375  10871.674 # matmult_lib
  8778.375  11011.404 # matmult_lib
 10615.523   9738.007 # matmult_lib
 12834.375  11023.284 # matmult_lib
 15529.594  11049.999 # matmult_lib
 18774.023  10266.042 # matmult_lib
 22739.648  10173.985 # matmult_lib
 27489.586  10535.442 # matmult_lib
 33301.500  11040.239 # matmult_lib
 40282.523  10167.639 # matmult_lib
 48735.094  11084.257 # matmult_lib
 58954.594  11092.205 # matmult_lib
 71367.773  10379.574 # matmult_lib
 86310.023  10239.991 # matmult_lib
104445.023  10362.658 # matmult_lib
126476.461  10622.558 # matmult_lib
153000.586  10383.012 # matmult_lib
185064.844  11128.125 # matmult_lib
223928.461  10550.684 # matmult_lib
270937.500  11138.648 # matmult_lib
327834.375  11143.570 # matmult_lib
396679.594  11167.305 # matmult_lib
480109.594  11161.823 # matmult_lib
581025.961  10651.862 # matmult_lib
702810.375  11159.483 # matmult_lib
850513.500  11177.412 # matmult_lib
1028997.094  11178.600 # matmult_lib
1245223.148  10702.868 # matmult_lib
1506757.594  11209.210 # matmult_lib
1823259.375  11167.257 # matmult_lib
2206143.844  11163.428 # matmult_lib
2669334.000  11178.336 # matmult_lib

------------------------------------------------------------
Sender: LSF System <lsfadmin@hpc.dtu.dk>
Subject: Job 11953026: <mm_batch> in cluster <dcc> Done

Job <mm_batch> was submitted from host <n-62-27-21> by user <s212571> in cluster <dcc> at Wed Jan  5 22:56:55 2022
Job was executed on host(s) <n-62-28-28>, in queue <hpc>, as user <s212571> in cluster <dcc> at Wed Jan  5 22:56:55 2022
</zhome/6d/6/164418> was used as the home directory.
</zhome/6d/6/164418/hpc/week1/assign/bscripts_no_op> was used as the working directory.
Started at Wed Jan  5 22:56:55 2022
Terminated at Wed Jan  5 23:13:17 2022
Results reported at Wed Jan  5 23:13:17 2022

Your job looked like:

------------------------------------------------------------
# LSBATCH: User input
#!/bin/bash
# 02614 - High-Performance Computing, January 2022
# 
# batch script to run matmult on a decidated server in the hpcintro
# queue
#
# Author: Bernd Dammann <bd@cc.dtu.dk>
#
#BSUB -J mm_batch
#BSUB -o mm_batch_%J_lib.out
#BSUB -e mm_batch_%J_lib.err
#BSUB -q hpc
#BSUB -n 1
#BSUB -R "rusage[mem=4096]"
#BSUB -W 4:00
#BSUB -R "select[model == XeonE5_2660v3]"
# uncomment the following line, if you want to assure that your job has
# a whole CPU for itself (shared L3 cache)
#BSUB -R "span[hosts=1] affinity[socket(1)]"

# define the driver name to use
# valid values: matmult_c.studio, matmult_f.studio, matmult_c.gcc or
# matmult_f.gcc
#
EXECUTABLE=matmult_c.gcc

# define the mkn values in the MKN variable
#
SIZES="100 110 121 133 146 161 177 195 214 236 259 285 314 345 380 418 459 505 556 612 673 740 814 895 985 1083 1192 1311 1442 1586 1745 1919 2111 2323 2555 2810 3091 3400 3740 4114 4526 4979 5476 6024 6626 7289 8018 8820 9702 10672"

PERM="lib"

# uncomment and set a reasonable BLKSIZE for the blk version
#
# BLKSIZE=1

# enable(1)/disable(0) result checking
export MATMULT_COMPARE=0
# export MATMULT_RESULTS={[0]|1}
# export MFLOPS_MIN_T=[3.0]
# export MFLOPS_MAX_IT=[infinity]

cd ..
lscpu
# start the collect command with the above settings
for S in $SIZES
do
    ./$EXECUTABLE $PERM $S $S $S $BLKSIZE
done

------------------------------------------------------------

Successfully completed.

Resource usage summary:

    CPU time :                                   981.98 sec.
    Max Memory :                                 2647 MB
    Average Memory :                             1747.73 MB
    Total Requested Memory :                     4096.00 MB
    Delta Memory :                               1449.00 MB
    Max Swap :                                   -
    Max Processes :                              4
    Max Threads :                                5
    Run time :                                   1069 sec.
    Turnaround time :                            982 sec.

The output (if any) is above this job summary.



PS:

Read file <mm_batch_11953026_lib.err> for stderr output of this job.

