Loaded module: cuda/11.5.1
Loaded module: gcc/10.3.0-binutils-2.36.1
==PROF== Connected to process 31583 (/zhome/7e/c/151330/hpc/week3_poisson/main)
==PROF== Profiling "_Z23d_malloc_3d_gpu_kernel1PP..." - 1: 0%....50%....100% - 16 passes
==PROF== Profiling "_Z23d_malloc_3d_gpu_kernel2PP..." - 2: 0%....50%....100% - 16 passes
==PROF== Profiling "_Z23d_malloc_3d_gpu_kernel1PP..." - 3: 0%....50%....100% - 16 passes
==PROF== Profiling "_Z23d_malloc_3d_gpu_kernel2PP..." - 4: 0%....50%....100% - 16 passes
==PROF== Profiling "gpu_par_kernel" - 5: 0%....50%....100% - 16 passes
==PROF== Profiling "gpu_par_kernel" - 6: 0%....50%....100% - 16 passes
==PROF== Profiling "gpu_par_kernel" - 7: 0%....50%....100% - 16 passes
==PROF== Profiling "gpu_par_kernel" - 8: 0%....50%....100% - 16 passes
==PROF== Profiling "gpu_par_kernel" - 9: 0%....50%....100% - 16 passes
==PROF== Profiling "gpu_par_kernel" - 10: 0%....50%....100% - 16 passes
==PROF== Profiling "gpu_par_kernel" - 11: 0%....50%....100% - 16 passes
==PROF== Profiling "gpu_par_kernel" - 12: 0%....50%....100% - 16 passes
==PROF== Profiling "gpu_par_kernel" - 13: 0%....50%....100% - 16 passes
==PROF== Profiling "gpu_par_kernel" - 14: 0%....50%....100% - 16 passes
==PROF== Profiling "gpu_par_kernel" - 15: 0%....50%....100% - 16 passes
==PROF== Profiling "gpu_par_kernel" - 16: 0%....50%....100% - 16 passes
==PROF== Profiling "gpu_par_kernel" - 17: 0%....50%....100% - 16 passes
==PROF== Profiling "gpu_par_kernel" - 18: 0%....50%....100% - 16 passes
==PROF== Profiling "gpu_par_kernel" - 19: 0%....50%....100% - 16 passes
==PROF== Profiling "gpu_par_kernel" - 20: 0%....50%....100% - 16 passes
==PROF== Profiling "gpu_par_kernel" - 21: 0%....50%....100% - 16 passes
==PROF== Profiling "gpu_par_kernel" - 22: 0%....50%....100% - 16 passes
==PROF== Profiling "gpu_par_kernel" - 23: 0%....50%....100% - 16 passes
==PROF== Profiling "gpu_par_kernel" - 24: 0%....50%....100% - 16 passes
==PROF== Profiling "gpu_par_kernel" - 25: 0%....50%....100% - 16 passes
==PROF== Profiling "gpu_par_kernel" - 26: 0%....50%....100% - 16 passes
==PROF== Profiling "gpu_par_kernel" - 27: 0%....50%....100% - 16 passes
==PROF== Profiling "gpu_par_kernel" - 28: 0%....50%....100% - 16 passes
==PROF== Profiling "gpu_par_kernel" - 29: 0%....50%....100% - 16 passes
==PROF== Profiling "gpu_par_kernel" - 30: 0%....50%....100% - 16 passes
==PROF== Profiling "gpu_par_kernel" - 31: 0%....50%....100% - 16 passes
==PROF== Profiling "gpu_par_kernel" - 32: 0%....50%....100% - 16 passes
==PROF== Profiling "gpu_par_kernel" - 33: 0%....50%....100% - 16 passes
==PROF== Profiling "gpu_par_kernel" - 34: 0%....50%....100% - 16 passes
==PROF== Profiling "gpu_par_kernel" - 35: 0%....50%....100% - 16 passes
==PROF== Profiling "gpu_par_kernel" - 36: 0%....50%....100% - 16 passes
==PROF== Profiling "gpu_par_kernel" - 37: 0%....50%....100% - 16 passes
==PROF== Profiling "gpu_par_kernel" - 38: 0%....50%....100% - 16 passes
==PROF== Profiling "gpu_par_kernel" - 39: 0%....50%....100% - 16 passes
==PROF== Profiling "gpu_par_kernel" - 40: 0%....50%....100% - 16 passes
==PROF== Profiling "gpu_par_kernel" - 41: 0%....50%....100% - 16 passes
==PROF== Profiling "gpu_par_kernel" - 42: 0%....50%....100% - 16 passes
==PROF== Profiling "gpu_par_kernel" - 43: 0%....50%....100% - 16 passes
==PROF== Profiling "gpu_par_kernel" - 44: 0%....50%....100% - 16 passes
==PROF== Profiling "gpu_par_kernel" - 45: 0%....50%....100% - 16 passes
==PROF== Profiling "gpu_par_kernel" - 46: 0%....50%....100% - 16 passes
==PROF== Profiling "gpu_par_kernel" - 47: 0%....50%....100% - 16 passes
==PROF== Profiling "gpu_par_kernel" - 48: 0%....50%....100% - 16 passes
==PROF== Profiling "gpu_par_kernel" - 49: 0%....50%....100% - 16 passes
==PROF== Profiling "gpu_par_kernel" - 50: 0%....50%....100% - 16 passes
==PROF== Profiling "gpu_par_kernel" - 51: 0%....50%....100% - 16 passes
==PROF== Profiling "gpu_par_kernel" - 52: 0%....50%....100% - 16 passes
==PROF== Profiling "gpu_par_kernel" - 53: 0%....50%....100% - 16 passes
==PROF== Profiling "gpu_par_kernel" - 54: 0%....50%....100% - 16 passes
==PROF== Profiling "gpu_par_kernel" - 55: 0%....50%....100% - 16 passes
==PROF== Profiling "gpu_par_kernel" - 56: 0%....50%....100% - 16 passes
==PROF== Profiling "gpu_par_kernel" - 57: 0%....50%....100% - 16 passes
==PROF== Profiling "gpu_par_kernel" - 58: 0%....50%....100% - 16 passes
==PROF== Profiling "gpu_par_kernel" - 59: 0%....50%....100% - 16 passes
==PROF== Profiling "gpu_par_kernel" - 60: 0%....50%....100% - 16 passes
==PROF== Profiling "gpu_par_kernel" - 61: 0%....50%....100% - 16 passes
==PROF== Profiling "gpu_par_kernel" - 62: 0%....50%....100% - 16 passes
==PROF== Profiling "gpu_par_kernel" - 63: 0%....50%....100% - 16 passes
==PROF== Profiling "gpu_par_kernel" - 64: 0%....50%....100% - 16 passes
==PROF== Profiling "gpu_par_kernel" - 65: 0%....50%....100% - 16 passes
==PROF== Profiling "gpu_par_kernel" - 66: 0%....50%....100% - 16 passes
==PROF== Profiling "gpu_par_kernel" - 67: 0%....50%....100% - 16 passes
==PROF== Profiling "gpu_par_kernel" - 68: 0%....50%....100% - 16 passes
==PROF== Profiling "gpu_par_kernel" - 69: 0%....50%....100% - 16 passes
==PROF== Profiling "gpu_par_kernel" - 70: 0%....50%....100% - 16 passes
==PROF== Profiling "gpu_par_kernel" - 71: 0%....50%....100% - 16 passes
==PROF== Profiling "gpu_par_kernel" - 72: 0%....50%....100% - 16 passes
==PROF== Profiling "gpu_par_kernel" - 73: 0%....50%....100% - 16 passes
==PROF== Profiling "gpu_par_kernel" - 74: 0%....50%....100% - 16 passes
==PROF== Profiling "gpu_par_kernel" - 75: 0%....50%....100% - 16 passes
==PROF== Profiling "gpu_par_kernel" - 76: 0%....50%....100% - 16 passes
==PROF== Profiling "gpu_par_kernel" - 77: 0%....50%....100% - 16 passes
==PROF== Profiling "gpu_par_kernel" - 78: 0%....50%....100% - 16 passes
==PROF== Profiling "gpu_par_kernel" - 79: 0%....50%....100% - 16 passes
==PROF== Profiling "gpu_par_kernel" - 80: 0%....50%....100% - 16 passes
==PROF== Profiling "gpu_par_kernel" - 81: 0%....50%....100% - 16 passes
==PROF== Profiling "gpu_par_kernel" - 82: 0%....50%....100% - 16 passes
==PROF== Profiling "gpu_par_kernel" - 83: 0%....50%....100% - 16 passes
==PROF== Profiling "gpu_par_kernel" - 84: 0%....50%....100% - 16 passes
==PROF== Profiling "gpu_par_kernel" - 85: 0%....50%....100% - 16 passes
==PROF== Profiling "gpu_par_kernel" - 86: 0%....50%....100% - 16 passes
==PROF== Profiling "gpu_par_kernel" - 87: 0%....50%....100% - 16 passes
==PROF== Profiling "gpu_par_kernel" - 88: 0%....50%....100% - 16 passes
==PROF== Profiling "gpu_par_kernel" - 89: 0%....50%....100% - 16 passes
==PROF== Profiling "gpu_par_kernel" - 90: 0%....50%....100% - 16 passes
==PROF== Profiling "gpu_par_kernel" - 91: 0%....50%....100% - 16 passes
==PROF== Profiling "gpu_par_kernel" - 92: 0%....50%....100% - 16 passes
==PROF== Profiling "gpu_par_kernel" - 93: 0%....50%....100% - 16 passes
==PROF== Profiling "gpu_par_kernel" - 94: 0%....50%....100% - 16 passes
==PROF== Profiling "gpu_par_kernel" - 95: 0%....50%....100% - 16 passes
==PROF== Profiling "gpu_par_kernel" - 96: 0%....50%....100% - 16 passes
==PROF== Profiling "gpu_par_kernel" - 97: 0%....50%....100% - 16 passes
==PROF== Profiling "gpu_par_kernel" - 98: 0%....50%....100% - 16 passes
==PROF== Profiling "gpu_par_kernel" - 99: 0%....50%....100% - 16 passes
==PROF== Profiling "gpu_par_kernel" - 100: 0%....50%....100% - 16 passes
==PROF== Profiling "gpu_par_kernel" - 101: 0%....50%....100% - 16 passes
==PROF== Profiling "gpu_par_kernel" - 102: 0%....50%....100% - 16 passes
==PROF== Profiling "gpu_par_kernel" - 103: 0%....50%....100% - 16 passes
==PROF== Profiling "gpu_par_kernel" - 104: 0%....50%....100% - 16 passes
==PROF== Profiling "gpu_par_kernel" - 105: 0%....50%....100% - 16 passes
==PROF== Profiling "gpu_par_kernel" - 106: 0%....50%....100% - 16 passes
==PROF== Profiling "gpu_par_kernel" - 107: 0%....50%....100% - 16 passes
==PROF== Profiling "gpu_par_kernel" - 108: 0%....50%....100% - 16 passes
==PROF== Profiling "gpu_par_kernel" - 109: 0%....50%....100% - 16 passes
==PROF== Profiling "gpu_par_kernel" - 110: 0%....50%....100% - 16 passes
==PROF== Profiling "gpu_par_kernel" - 111: 0%....50%....100% - 16 passes
==PROF== Profiling "gpu_par_kernel" - 112: 0%....50%....100% - 16 passes
==PROF== Profiling "gpu_par_kernel" - 113: 0%....50%....100% - 16 passes
==PROF== Profiling "gpu_par_kernel" - 114: 0%....50%....100% - 16 passes
==PROF== Profiling "gpu_par_kernel" - 115: 0%....50%....100% - 16 passes
==PROF== Profiling "gpu_par_kernel" - 116: 0%....50%....100% - 16 passes
==PROF== Profiling "gpu_par_kernel" - 117: 0%....50%....100% - 16 passes
==PROF== Profiling "gpu_par_kernel" - 118: 0%....50%....100% - 16 passes
==PROF== Profiling "gpu_par_kernel" - 119: 0%....50%....100% - 16 passes
==PROF== Profiling "gpu_par_kernel" - 120: 0%....50%....100% - 16 passes
==PROF== Profiling "gpu_par_kernel" - 121: 0%....50%....100% - 16 passes
==PROF== Profiling "gpu_par_kernel" - 122: 0%....50%....100% - 16 passes
==PROF== Profiling "gpu_par_kernel" - 123: 0%....50%....100% - 16 passes
==PROF== Profiling "gpu_par_kernel" - 124: 0%....50%....100% - 16 passes
==PROF== Profiling "gpu_par_kernel" - 125: 0%....50%....100% - 16 passes
==PROF== Profiling "gpu_par_kernel" - 126: 0%....50%....100% - 16 passes
==PROF== Profiling "gpu_par_kernel" - 127: 0%....50%....100% - 16 passes
==PROF== Profiling "gpu_par_kernel" - 128: 0%....50%....100% - 16 passes
==PROF== Profiling "gpu_par_kernel" - 129: 0%....50%....100% - 16 passes
==PROF== Profiling "gpu_par_kernel" - 130: 0%....50%....100% - 16 passes
==PROF== Profiling "gpu_par_kernel" - 131: 0%....50%....100% - 16 passes
==PROF== Profiling "gpu_par_kernel" - 132: 0%....50%....100% - 16 passes
==PROF== Profiling "gpu_par_kernel" - 133: 0%....50%....100% - 16 passes
==PROF== Profiling "gpu_par_kernel" - 134: 0%....50%....100% - 16 passes
==PROF== Profiling "gpu_par_kernel" - 135: 0%....50%....100% - 16 passes
==PROF== Profiling "gpu_par_kernel" - 136: 0%....50%....100% - 16 passes
==PROF== Profiling "gpu_par_kernel" - 137: 0%....50%....100% - 16 passes
==PROF== Profiling "gpu_par_kernel" - 138: 0%....50%....100% - 16 passes
==PROF== Profiling "gpu_par_kernel" - 139: 0%....50%....100% - 16 passes
==PROF== Profiling "gpu_par_kernel" - 140: 0%....50%....100% - 16 passes
==PROF== Profiling "gpu_par_kernel" - 141: 0%....50%....100% - 16 passes
==PROF== Profiling "gpu_par_kernel" - 142: 0%....50%....100% - 16 passes
==PROF== Profiling "gpu_par_kernel" - 143: 0%....50%....100% - 16 passes
==PROF== Profiling "gpu_par_kernel" - 144: 0%....50%....100% - 16 passes
==PROF== Profiling "gpu_par_kernel" - 145: 0%....50%....100% - 16 passes
==PROF== Profiling "gpu_par_kernel" - 146: 0%....50%....100% - 16 passes
==PROF== Profiling "gpu_par_kernel" - 147: 0%....50%....100% - 16 passes
==PROF== Profiling "gpu_par_kernel" - 148: 0%....50%....100% - 16 passes
==PROF== Profiling "gpu_par_kernel" - 149: 0%....50%....100% - 16 passes
==PROF== Profiling "gpu_par_kernel" - 150: 0%....50%....100% - 16 passes
==PROF== Profiling "gpu_par_kernel" - 151: 0%....50%....100% - 16 passes
==PROF== Profiling "gpu_par_kernel" - 152: 0%....50%....100% - 16 passes
==PROF== Profiling "gpu_par_kernel" - 153: 0%....50%....100% - 16 passes
==PROF== Profiling "gpu_par_kernel" - 154: 0%....50%....100% - 16 passes
==PROF== Profiling "gpu_par_kernel" - 155: 0%....50%....100% - 16 passes
==PROF== Profiling "gpu_par_kernel" - 156: 0%....50%....100% - 16 passes
==PROF== Profiling "gpu_par_kernel" - 157: 0%....50%....100% - 16 passes
==PROF== Profiling "gpu_par_kernel" - 158: 0%....50%....100% - 16 passes
==PROF== Profiling "gpu_par_kernel" - 159: 0%....50%....100% - 16 passes
==PROF== Profiling "gpu_par_kernel" - 160: 0%....50%....100% - 16 passes
==PROF== Profiling "gpu_par_kernel" - 161: 0%....50%....100% - 16 passes
==PROF== Profiling "gpu_par_kernel" - 162: 0%....50%....100% - 16 passes
==PROF== Profiling "gpu_par_kernel" - 163: 0%....50%....100% - 16 passes
==PROF== Profiling "gpu_par_kernel" - 164: 0%....50%....100% - 16 passes
==PROF== Profiling "gpu_par_kernel" - 165: 0%....50%....100% - 16 passes
==PROF== Profiling "gpu_par_kernel" - 166: 0%....50%....100% - 16 passes
==PROF== Profiling "gpu_par_kernel" - 167: 0%....50%....100% - 16 passes
==PROF== Profiling "gpu_par_kernel" - 168: 0%....50%....100% - 16 passes
==PROF== Profiling "gpu_par_kernel" - 169: 0%....50%....100% - 16 passes
==PROF== Profiling "gpu_par_kernel" - 170: 0%....50%....100% - 16 passes
==PROF== Profiling "gpu_par_kernel" - 171: 0%....50%....100% - 16 passes
==PROF== Profiling "gpu_par_kernel" - 172: 0%....50%....100% - 16 passes
==PROF== Profiling "gpu_par_kernel" - 173: 0%....50%....100% - 16 passes
==PROF== Profiling "gpu_par_kernel" - 174: 0%....50%....100% - 16 passes
==PROF== Profiling "gpu_par_kernel" - 175: 0%....50%....100% - 16 passes
==PROF== Profiling "gpu_par_kernel" - 176: 0%....50%....100% - 16 passes
==PROF== Profiling "gpu_par_kernel" - 177: 0%....50%....100% - 16 passes
==PROF== Profiling "gpu_par_kernel" - 178: 0%....50%....100% - 16 passes
==PROF== Profiling "gpu_par_kernel" - 179: 0%....50%....100% - 16 passes
==PROF== Profiling "gpu_par_kernel" - 180: 0%....50%....100% - 16 passes
==PROF== Profiling "gpu_par_kernel" - 181: 0%....50%....100% - 16 passes
==PROF== Profiling "gpu_par_kernel" - 182: 0%....50%....100% - 16 passes
==PROF== Profiling "gpu_par_kernel" - 183: 0%....50%....100% - 16 passes
==PROF== Profiling "gpu_par_kernel" - 184: 0%....50%....100% - 16 passes
==PROF== Profiling "gpu_par_kernel" - 185: 0%....50%....100% - 16 passes
==PROF== Profiling "gpu_par_kernel" - 186: 0%....50%....100% - 16 passes
==PROF== Profiling "gpu_par_kernel" - 187: 0%....50%....100% - 16 passes
==PROF== Profiling "gpu_par_kernel" - 188: 0%....50%....100% - 16 passes
==PROF== Profiling "gpu_par_kernel" - 189: 0%....50%....100% - 16 passes
==PROF== Profiling "gpu_par_kernel" - 190: 0%....50%....100% - 16 passes
==PROF== Profiling "gpu_par_kernel" - 191: 0%....50%....100% - 16 passes
==PROF== Profiling "gpu_par_kernel" - 192: 0%....50%....100% - 16 passes
==PROF== Profiling "gpu_par_kernel" - 193: 0%....50%....100% - 16 passes
==PROF== Profiling "gpu_par_kernel" - 194: 0%....50%....100% - 16 passes
==PROF== Profiling "gpu_par_kernel" - 195: 0%....50%....100% - 16 passes
==PROF== Profiling "gpu_par_kernel" - 196: 0%....50%....100% - 16 passes
==PROF== Profiling "gpu_par_kernel" - 197: 0%....50%....100% - 16 passes
==PROF== Profiling "gpu_par_kernel" - 198: 0%....50%....100% - 16 passes
==PROF== Profiling "gpu_par_kernel" - 199: 0%....50%....100% - 16 passes
==PROF== Profiling "gpu_par_kernel" - 200: 0%....50%....100% - 16 passes
==PROF== Profiling "gpu_par_kernel" - 201: 0%....50%....100% - 16 passes
==PROF== Profiling "gpu_par_kernel" - 202: 0%....50%....100% - 16 passes
==PROF== Profiling "gpu_par_kernel" - 203: 0%....50%....100% - 16 passes
==PROF== Profiling "gpu_par_kernel" - 204: 0%....50%....100% - 16 passes
==PROF== Profiling "gpu_par_kernel" - 205: 0%....50%....100% - 16 passes
==PROF== Profiling "gpu_par_kernel" - 206: 0%....50%....100% - 16 passes
==PROF== Profiling "gpu_par_kernel" - 207: 0%....50%....100% - 16 passes
==PROF== Profiling "gpu_par_kernel" - 208: 0%....50%....100% - 16 passes
==PROF== Profiling "gpu_par_kernel" - 209: 0%....50%....100% - 16 passes
==PROF== Profiling "gpu_par_kernel" - 210: 0%....50%....100% - 16 passes
==PROF== Profiling "gpu_par_kernel" - 211: 0%....50%....100% - 16 passes
==PROF== Profiling "gpu_par_kernel" - 212: 0%....50%....100% - 16 passes
==PROF== Profiling "gpu_par_kernel" - 213: 0%....50%....100% - 16 passes
==PROF== Profiling "gpu_par_kernel" - 214: 0%....50%....100% - 16 passes
==PROF== Profiling "gpu_par_kernel" - 215: 0%....50%....100% - 16 passes
==PROF== Profiling "gpu_par_kernel" - 216: 0%....50%....100% - 16 passes
==PROF== Profiling "gpu_par_kernel" - 217: 0%....50%....100% - 16 passes
==PROF== Profiling "gpu_par_kernel" - 218: 0%....50%....100% - 16 passes
==PROF== Profiling "gpu_par_kernel" - 219: 0%....50%....100% - 16 passes
==PROF== Profiling "gpu_par_kernel" - 220: 0%....50%....100% - 16 passes
==PROF== Profiling "gpu_par_kernel" - 221: 0%....50%....100% - 16 passes
==PROF== Profiling "gpu_par_kernel" - 222: 0%....50%....100% - 16 passes
==PROF== Profiling "gpu_par_kernel" - 223: 0%....50%....100% - 16 passes
==PROF== Profiling "gpu_par_kernel" - 224: 0%....50%....100% - 16 passes
==PROF== Profiling "gpu_par_kernel" - 225: 0%....50%....100% - 16 passes
==PROF== Profiling "gpu_par_kernel" - 226: 0%....50%....100% - 16 passes
==PROF== Profiling "gpu_par_kernel" - 227: 0%....50%....100% - 16 passes
==PROF== Profiling "gpu_par_kernel" - 228: 0%....50%....100% - 16 passes
==PROF== Profiling "gpu_par_kernel" - 229: 0%....50%....100% - 16 passes
==PROF== Profiling "gpu_par_kernel" - 230: 0%....50%....100% - 16 passes
==PROF== Profiling "gpu_par_kernel" - 231: 0%....50%....100% - 16 passes
==PROF== Profiling "gpu_par_kernel" - 232: 0%....50%....100% - 16 passes
==PROF== Profiling "gpu_par_kernel" - 233: 0%....50%....100% - 16 passes
==PROF== Profiling "gpu_par_kernel" - 234: 0%....50%....100% - 16 passes
==PROF== Profiling "gpu_par_kernel" - 235: 0%....50%....100% - 16 passes
==PROF== Profiling "gpu_par_kernel" - 236: 0%....50%....100% - 16 passes
==PROF== Profiling "gpu_par_kernel" - 237: 0%....50%....100% - 16 passes
==PROF== Profiling "gpu_par_kernel" - 238: 0%....50%....100% - 16 passes
==PROF== Profiling "gpu_par_kernel" - 239: 0%....50%....100% - 16 passes
==PROF== Profiling "gpu_par_kernel" - 240: 0%....50%....100% - 16 passes
==PROF== Profiling "gpu_par_kernel" - 241: 0%....50%....100% - 16 passes
==PROF== Profiling "gpu_par_kernel" - 242: 0%....50%....100% - 16 passes
==PROF== Profiling "gpu_par_kernel" - 243: 0%....50%....100% - 16 passes
==PROF== Profiling "gpu_par_kernel" - 244: 0%....50%....100% - 16 passes
==PROF== Profiling "gpu_par_kernel" - 245: 0%....50%....100% - 16 passes
==PROF== Profiling "gpu_par_kernel" - 246: 0%....50%....100% - 16 passes
==PROF== Profiling "gpu_par_kernel" - 247: 0%....50%....100% - 16 passes
==PROF== Profiling "gpu_par_kernel" - 248: 0%....50%....100% - 16 passes
==PROF== Profiling "gpu_par_kernel" - 249: 0%....50%....100% - 16 passes
==PROF== Profiling "gpu_par_kernel" - 250: 0%....50%....100% - 16 passes
==PROF== Profiling "gpu_par_kernel" - 251: 0%....50%....100% - 16 passes
==PROF== Profiling "gpu_par_kernel" - 252: 0%....50%....100% - 16 passes
==PROF== Profiling "gpu_par_kernel" - 253: 0%....50%....100% - 16 passes
==PROF== Profiling "gpu_par_kernel" - 254: 0%....50%....100% - 16 passes
==PROF== Profiling "gpu_par_kernel" - 255: 0%....50%....100% - 16 passes
==PROF== Profiling "gpu_par_kernel" - 256: 0%....50%....100% - 16 passes
==PROF== Profiling "gpu_par_kernel" - 257: 0%....50%....100% - 16 passes
==PROF== Profiling "gpu_par_kernel" - 258: 0%....50%....100% - 16 passes
==PROF== Profiling "gpu_par_kernel" - 259: 0%....50%....100% - 16 passes
==PROF== Profiling "gpu_par_kernel" - 260: 0%....50%....100% - 16 passes
==PROF== Profiling "gpu_par_kernel" - 261: 0%....50%....100% - 16 passes
==PROF== Profiling "gpu_par_kernel" - 262: 0%....50%....100% - 16 passes
==PROF== Profiling "gpu_par_kernel" - 263: 0%....50%....100% - 16 passes
==PROF== Profiling "gpu_par_kernel" - 264: 0%....50%....100% - 16 passes
==PROF== Profiling "gpu_par_kernel" - 265: 0%....50%....100% - 16 passes
==PROF== Profiling "gpu_par_kernel" - 266: 0%....50%....100% - 16 passes
==PROF== Profiling "gpu_par_kernel" - 267: 0%....50%....100% - 16 passes
==PROF== Profiling "gpu_par_kernel" - 268: 0%....50%....100% - 16 passes
==PROF== Profiling "gpu_par_kernel" - 269: 0%....50%....100% - 16 passes
==PROF== Profiling "gpu_par_kernel" - 270: 0%....50%....100% - 16 passes
==PROF== Profiling "gpu_par_kernel" - 271: 0%....50%....100% - 16 passes
==PROF== Profiling "gpu_par_kernel" - 272: 0%....50%....100% - 16 passes
==PROF== Profiling "gpu_par_kernel" - 273: 0%....50%....100% - 16 passes
==PROF== Profiling "gpu_par_kernel" - 274: 0%....50%....100% - 16 passes
==PROF== Profiling "gpu_par_kernel" - 275: 0%....50%....100% - 16 passes
==PROF== Profiling "gpu_par_kernel" - 276: 0%....50%....100% - 16 passes
==PROF== Profiling "gpu_par_kernel" - 277: 0%....50%....100% - 16 passes
==PROF== Profiling "gpu_par_kernel" - 278: 0%....50%....100% - 16 passes
==PROF== Profiling "gpu_par_kernel" - 279: 0%....50%....100% - 16 passes
==PROF== Profiling "gpu_par_kernel" - 280: 0%....50%....100% - 16 passes
==PROF== Profiling "gpu_par_kernel" - 281: 0%....50%....100% - 16 passes
==PROF== Profiling "gpu_par_kernel" - 282: 0%....50%....100% - 16 passes
==PROF== Profiling "gpu_par_kernel" - 283: 0%....50%....100% - 16 passes
==PROF== Profiling "gpu_par_kernel" - 284: 0%....50%....100% - 16 passes
==PROF== Profiling "gpu_par_kernel" - 285: 0%....50%....100% - 16 passes
==PROF== Profiling "gpu_par_kernel" - 286: 0%....50%....100% - 16 passes
==PROF== Profiling "gpu_par_kernel" - 287: 0%....50%....100% - 16 passes
==PROF== Profiling "gpu_par_kernel" - 288: 0%....50%....100% - 16 passes
==PROF== Profiling "gpu_par_kernel" - 289: 0%....50%....100% - 16 passes
==PROF== Profiling "gpu_par_kernel" - 290: 0%....50%....100% - 16 passes
==PROF== Profiling "gpu_par_kernel" - 291: 0%....50%....100% - 16 passes
==PROF== Profiling "gpu_par_kernel" - 292: 0%....50%....100% - 16 passes
==PROF== Profiling "gpu_par_kernel" - 293: 0%....50%....100% - 16 passes
==PROF== Profiling "gpu_par_kernel" - 294: 0%....50%....100% - 16 passes
==PROF== Profiling "gpu_par_kernel" - 295: 0%....50%....100% - 16 passes
==PROF== Profiling "gpu_par_kernel" - 296: 0%....50%....100% - 16 passes
==PROF== Profiling "gpu_par_kernel" - 297: 0%....50%....100% - 16 passes
==PROF== Profiling "gpu_par_kernel" - 298: 0%....50%....100% - 16 passes
==PROF== Profiling "gpu_par_kernel" - 299: 0%....50%....100% - 16 passes
==PROF== Profiling "gpu_par_kernel" - 300: 0%....50%....100% - 16 passes
==PROF== Profiling "gpu_par_kernel" - 301: 0%....50%....100% - 16 passes
==PROF== Profiling "gpu_par_kernel" - 302: 0%....50%....100% - 16 passes
==PROF== Profiling "gpu_par_kernel" - 303: 0%....50%....100% - 16 passes
==PROF== Profiling "gpu_par_kernel" - 304: 0%....50%....100% - 16 passes
gpu_par 400 300 512000.000000 807.926518 190.116300
==PROF== Disconnected from process 31583
==PROF== Report: /zhome/7e/c/151330/hpc/week3_poisson/jobs/profile_12351112.ncu-rep

------------------------------------------------------------
Sender: LSF System <lsfadmin@hpc.dtu.dk>
Subject: Job 12351112: <gpu_par_profile> in cluster <dcc> Done

Job <gpu_par_profile> was submitted from host <hpclogin2> by user <s200770> in cluster <dcc> at Thu Jan 20 14:23:57 2022
Job was executed on host(s) <16*n-62-12-24>, in queue <hpcintrogpu>, as user <s200770> in cluster <dcc> at Thu Jan 20 14:23:58 2022
</zhome/7e/c/151330> was used as the home directory.
</zhome/7e/c/151330/hpc/week3_poisson/jobs> was used as the working directory.
Started at Thu Jan 20 14:23:58 2022
Terminated at Thu Jan 20 14:27:09 2022
Results reported at Thu Jan 20 14:27:09 2022

Your job looked like:

------------------------------------------------------------
# LSBATCH: User input
#!/bin/bash
# 02614 - High-Performance Computing, January 2022
# 
# batch script to run collect on a decidated server in the hpcintro
# queue
#
# Author: Bernd Dammann <bd@cc.dtu.dk>
#
# Note: to get more cores, change the n value below to the
#       number of cores you want to use.  Later on, use the
#       $LSB_DJOB_NUMPROC variable to use this number, e.g. in
#       export OMP_NUM_THREADS=$LSB_DJOB_NUMPROC
#
#BSUB -o mm_gpu_par_profile_%J.out
#BSUB -R "rusage[mem=2048]"
#BSUB -J gpu_par_profile
#BSUB -q hpcintrogpu
### -- Select the resources: for jobs using 2 GPUs use num=2
#BSUB -gpu "num=1:mode=exclusive_process"
#BSUB -W 30
#BSUB -R "select[model == XeonGold6226R]"
#BSUB -n 16 -R "span[hosts=1]"

export TMPDIR=$__LSF_JOB_TMPDIR__ 

# Load the cuda module
module load cuda/11.5.1
module load gcc/10.3.0-binutils-2.36.1

nv-nsight-cu-cli -o profile_$LSB_JOBID \
    --section MemoryWorkloadAnalysis \
    --section MemoryWorkloadAnalysis_Chart \
    --section ComputeWorkloadAnalysis \
    ../main gpu_par 400 300 .01 20


------------------------------------------------------------

Successfully completed.

Resource usage summary:

    CPU time :                                   263.47 sec.
    Max Memory :                                 636 MB
    Average Memory :                             635.50 MB
    Total Requested Memory :                     32768.00 MB
    Delta Memory :                               32132.00 MB
    Max Swap :                                   -
    Max Processes :                              6
    Max Threads :                                18
    Run time :                                   225 sec.
    Turnaround time :                            192 sec.

The output (if any) is above this job summary.

