Loaded module: studio/12u6
Creating experiment database collector.11943030.er (Process ID: 8327) ...
User defined signal 2

------------------------------------------------------------
Sender: LSF System <lsfadmin@hpc.dtu.dk>
Subject: Job 11943030: <collector> in cluster <dcc> Exited

Job <collector> was submitted from host <n-62-27-18> by user <s212571> in cluster <dcc> at Wed Jan  5 17:02:51 2022
Job was executed on host(s) <n-62-21-74>, in queue <hpcintro>, as user <s212571> in cluster <dcc> at Wed Jan  5 17:02:53 2022
</zhome/6d/6/164418> was used as the home directory.
</zhome/6d/6/164418/hpc/week1/assign/bscript_perf> was used as the working directory.
Started at Wed Jan  5 17:02:53 2022
Terminated at Wed Jan  5 17:18:43 2022
Results reported at Wed Jan  5 17:18:43 2022

Your job looked like:

------------------------------------------------------------
# LSBATCH: User input
#!/bin/bash
# 02614 - High-Performance Computing, January 2022
# 
# batch script to run collect on a decidated server in the hpcintro
# queue
#
# Author: Bernd Dammann <bd@cc.dtu.dk>
#
#BSUB -J collector
#BSUB -o collector_%J_blk.out
#BSUB -q hpcintro
#BSUB -n 1
#BSUB -R "rusage[mem=2048]"
#BSUB -W 15
# uncomment the following line, if you want to assure that your job has
# a whole CPU for itself (shared L3 cache)
# #BSUB -R "span[hosts=1] affinity[socket(1)]"

# needed for the collect tool
module load studio

# define the driver name to use
# valid values: matmult_c.studio, matmult_f.studio, matmult_c.gcc or
# matmult_f.gcc
#
EXECUTABLE=matmult_c.gcc

# define the mkn values in the MKN variable
#
MKN="512 1024 2048"

# define the permutation type in PERM
#
PERM="per"

# uncomment and set a reasonable BLKSIZE for the blk version
#
BLKSIZE=8

# define the max no. of iterations the driver should use - adjust to
# get a reasonable run time.  You can get an estimate by trying this
# on the command line, i.e. "MFLOPS_MAX_IT=10 ./matmult_...." for the
# problem size you want to analyze.
#
export MFLOPS_MAX_IT=1000
export MATMULT_COMPARE=0

# experiment name 
#
JID=${LSB_JOBID}

(... more ...)
------------------------------------------------------------

TERM_RUNLIMIT: job killed after reaching LSF run time limit.
Exited with exit code 140.

Resource usage summary:

    CPU time :                                   948.00 sec.
    Max Memory :                                 51 MB
    Average Memory :                             51.00 MB
    Total Requested Memory :                     2048.00 MB
    Delta Memory :                               1997.00 MB
    Max Swap :                                   -
    Max Processes :                              4
    Max Threads :                                5
    Run time :                                   950 sec.
    Turnaround time :                            952 sec.

The output (if any) is above this job summary.

