Architecture:          x86_64
CPU op-mode(s):        32-bit, 64-bit
Byte Order:            Little Endian
CPU(s):                24
On-line CPU(s) list:   0-23
Thread(s) per core:    1
Core(s) per socket:    12
Socket(s):             2
NUMA node(s):          2
Vendor ID:             GenuineIntel
CPU family:            6
Model:                 79
Model name:            Intel(R) Xeon(R) CPU E5-2650 v4 @ 2.20GHz
Stepping:              1
CPU MHz:               2199.865
CPU max MHz:           2900.0000
CPU min MHz:           1200.0000
BogoMIPS:              4389.90
Virtualization:        VT-x
L1d cache:             32K
L1i cache:             32K
L2 cache:              256K
L3 cache:              30720K
NUMA node0 CPU(s):     0-11
NUMA node1 CPU(s):     12-23
Flags:                 fpu vme de pse tsc msr pae mce cx8 apic sep mtrr pge mca cmov pat pse36 clflush dts acpi mmx fxsr sse sse2 ss ht tm pbe syscall nx pdpe1gb rdtscp lm constant_tsc arch_perfmon pebs bts rep_good nopl xtopology nonstop_tsc aperfmperf eagerfpu pni pclmulqdq dtes64 ds_cpl vmx smx est tm2 ssse3 sdbg fma cx16 xtpr pdcm pcid dca sse4_1 sse4_2 x2apic movbe popcnt tsc_deadline_timer aes xsave avx f16c rdrand lahf_lm abm 3dnowprefetch epb cat_l3 cdp_l3 invpcid_single intel_ppin intel_pt ssbd ibrs ibpb stibp tpr_shadow vnmi flexpriority ept vpid fsgsbase tsc_adjust bmi1 hle avx2 smep bmi2 erms invpcid rtm cqm rdt_a rdseed adx smap xsaveopt cqm_llc cqm_occup_llc cqm_mbm_total cqm_mbm_local dtherm ida arat pln pts md_clear spec_ctrl intel_stibp flush_l1d
5 29
10 94
15 195
20 329
25 498
30 700
35 934
40 1200
45 1499
50 1829
55 2191
60 2583
65 3007
70 3461
75 3946
80 4461
85 5006
90 5581
95 6187
100 6821
105 7486
110 8181
115 8904
120 9657
125 10439
130 11250
135 12090
140 12959
User defined signal 2

------------------------------------------------------------
Sender: LSF System <lsfadmin@hpc.dtu.dk>
Subject: Job 12135963: <poisson_gs> in cluster <dcc> Exited

Job <poisson_gs> was submitted from host <hpclogin2> by user <s200770> in cluster <dcc> at Wed Jan 12 14:56:55 2022
Job was executed on host(s) <n-62-21-77>, in queue <hpcintro>, as user <s200770> in cluster <dcc> at Wed Jan 12 14:56:57 2022
</zhome/7e/c/151330> was used as the home directory.
</zhome/7e/c/151330/hpc/week2> was used as the working directory.
Started at Wed Jan 12 14:56:57 2022
Terminated at Wed Jan 12 15:43:57 2022
Results reported at Wed Jan 12 15:43:57 2022

Your job looked like:

------------------------------------------------------------
# LSBATCH: User input
#!/bin/bash
# 02614 - High-Performance Computing, January 2022
# 
# batch script to run collect on a decidated server in the hpcintro
# queue
#
# Author: Bernd Dammann <bd@cc.dtu.dk>
#
# Note: to get more cores, change the n value below to the
#       number of cores you want to use.  Later on, use the
#       $LSB_DJOB_NUMPROC variable to use this number, e.g. in
#       export OMP_NUM_THREADS=$LSB_DJOB_NUMPROC
#
#BSUB -o mm_batch_%J.out
#BSUB -R "rusage[mem=2GB]"
#BSUB -J poisson_gs
#BSUB -q hpcintro
#BSUB -W 45
#BSUB -R "select[model == XeonE5_2650v4]"
#BSUB -n 1 -R "span[hosts=1]"

lscpu

for N in `seq 5 5 150`; do
  ./poisson_gs $N 1000000 .001 200
done

------------------------------------------------------------

TERM_RUNLIMIT: job killed after reaching LSF run time limit.
Exited with exit code 140.

Resource usage summary:

    CPU time :                                   2819.00 sec.
    Max Memory :                                 28 MB
    Average Memory :                             21.22 MB
    Total Requested Memory :                     2048.00 MB
    Delta Memory :                               2020.00 MB
    Max Swap :                                   -
    Max Processes :                              4
    Max Threads :                                5
    Run time :                                   2820 sec.
    Turnaround time :                            2822 sec.

The output (if any) is above this job summary.

