Architecture:          x86_64
CPU op-mode(s):        32-bit, 64-bit
Byte Order:            Little Endian
CPU(s):                24
On-line CPU(s) list:   0-23
Thread(s) per core:    1
Core(s) per socket:    12
Socket(s):             2
NUMA node(s):          2
Vendor ID:             GenuineIntel
CPU family:            6
Model:                 79
Model name:            Intel(R) Xeon(R) CPU E5-2650 v4 @ 2.20GHz
Stepping:              1
CPU MHz:               2199.865
CPU max MHz:           2200.0000
CPU min MHz:           1200.0000
BogoMIPS:              4389.91
Virtualization:        VT-x
L1d cache:             32K
L1i cache:             32K
L2 cache:              256K
L3 cache:              30720K
NUMA node0 CPU(s):     0-11
NUMA node1 CPU(s):     12-23
Flags:                 fpu vme de pse tsc msr pae mce cx8 apic sep mtrr pge mca cmov pat pse36 clflush dts acpi mmx fxsr sse sse2 ss ht tm pbe syscall nx pdpe1gb rdtscp lm constant_tsc arch_perfmon pebs bts rep_good nopl xtopology nonstop_tsc aperfmperf eagerfpu pni pclmulqdq dtes64 ds_cpl vmx smx est tm2 ssse3 sdbg fma cx16 xtpr pdcm pcid dca sse4_1 sse4_2 x2apic movbe popcnt tsc_deadline_timer aes xsave avx f16c rdrand lahf_lm abm 3dnowprefetch epb cat_l3 cdp_l3 invpcid_single intel_ppin intel_pt ssbd ibrs ibpb stibp tpr_shadow vnmi flexpriority ept vpid fsgsbase tsc_adjust bmi1 hle avx2 smep bmi2 erms invpcid rtm cqm rdt_a rdseed adx smap xsaveopt cqm_llc cqm_occup_llc cqm_mbm_total cqm_mbm_local dtherm arat pln pts md_clear spec_ctrl intel_stibp flush_l1d
# N iters memory(kB) million_updates/sec
5 29 1.000000 inf
10 94 8.000000 inf
15 195 27.000000 inf
20 329 64.000000 131.600000
25 498 125.000000 97.265625
30 700 216.000000 85.909091
35 934 343.000000 83.427604
40 1200 512.000000 81.702128
45 1499 729.000000 80.350809
50 1829 1000.000000 79.383681
55 2191 1331.000000 78.561988
60 2583 1728.000000 78.031888
65 3007 2197.000000 77.685548
70 3461 2744.000000 77.286654
75 3946 3375.000000 76.963419
80 4461 4096.000000 76.696844
85 5006 4913.000000 76.475367
90 5581 5832.000000 76.247170
95 6187 6859.000000 76.062219
100 6821 8000.000000 75.890076
105 7486 9261.000000 75.738339
110 8181 10648.000000 75.606937
115 8904 12167.000000 75.480023
120 9657 13824.000000 75.361496
125 10000 15625.000000 75.264933
130 10000 17576.000000 75.167647
135 10000 19683.000000 75.091561
140 10000 21952.000000 74.995217
145 10000 24389.000000 74.915835
User defined signal 2

------------------------------------------------------------
Sender: LSF System <lsfadmin@hpc.dtu.dk>
Subject: Job 12139312: <poisson_gs> in cluster <dcc> Exited

Job <poisson_gs> was submitted from host <hpclogin2> by user <s200770> in cluster <dcc> at Wed Jan 12 15:48:29 2022
Job was executed on host(s) <n-62-21-74>, in queue <hpcintro>, as user <s200770> in cluster <dcc> at Wed Jan 12 15:48:31 2022
</zhome/7e/c/151330> was used as the home directory.
</zhome/7e/c/151330/hpc/week2> was used as the working directory.
Started at Wed Jan 12 15:48:31 2022
Terminated at Wed Jan 12 16:33:57 2022
Results reported at Wed Jan 12 16:33:57 2022

Your job looked like:

------------------------------------------------------------
# LSBATCH: User input
#!/bin/bash
# 02614 - High-Performance Computing, January 2022
# 
# batch script to run collect on a decidated server in the hpcintro
# queue
#
# Author: Bernd Dammann <bd@cc.dtu.dk>
#
# Note: to get more cores, change the n value below to the
#       number of cores you want to use.  Later on, use the
#       $LSB_DJOB_NUMPROC variable to use this number, e.g. in
#       export OMP_NUM_THREADS=$LSB_DJOB_NUMPROC
#
#BSUB -o mm_batch_%J.out
#BSUB -R "rusage[mem=2GB]"
#BSUB -J poisson_gs
#BSUB -q hpcintro
#BSUB -W 45
#BSUB -R "select[model == XeonE5_2650v4]"
#BSUB -n 1 -R "span[hosts=1]"

lscpu

echo "# N iters memory(kB) million_updates/sec"
for N in `seq 5 5 150`; do
  ./poisson_gs $N 10000 .001 200
done

------------------------------------------------------------

TERM_RUNLIMIT: job killed after reaching LSF run time limit.
Exited with exit code 140.

Resource usage summary:

    CPU time :                                   2724.00 sec.
    Max Memory :                                 31 MB
    Average Memory :                             21.73 MB
    Total Requested Memory :                     2048.00 MB
    Delta Memory :                               2017.00 MB
    Max Swap :                                   -
    Max Processes :                              4
    Max Threads :                                5
    Run time :                                   2726 sec.
    Turnaround time :                            2728 sec.

The output (if any) is above this job summary.

