Architecture:          x86_64
CPU op-mode(s):        32-bit, 64-bit
Byte Order:            Little Endian
CPU(s):                20
On-line CPU(s) list:   0-19
Thread(s) per core:    1
Core(s) per socket:    10
Socket(s):             2
NUMA node(s):          2
Vendor ID:             GenuineIntel
CPU family:            6
Model:                 63
Model name:            Intel(R) Xeon(R) CPU E5-2660 v3 @ 2.60GHz
Stepping:              2
CPU MHz:               2899.926
CPU max MHz:           3300.0000
CPU min MHz:           1200.0000
BogoMIPS:              5188.49
Virtualization:        VT-x
L1d cache:             32K
L1i cache:             32K
L2 cache:              256K
L3 cache:              25600K
NUMA node0 CPU(s):     0-9
NUMA node1 CPU(s):     10-19
Flags:                 fpu vme de pse tsc msr pae mce cx8 apic sep mtrr pge mca cmov pat pse36 clflush dts acpi mmx fxsr sse sse2 ss ht tm pbe syscall nx pdpe1gb rdtscp lm constant_tsc arch_perfmon pebs bts rep_good nopl xtopology nonstop_tsc aperfmperf eagerfpu pni pclmulqdq dtes64 ds_cpl vmx smx est tm2 ssse3 sdbg fma cx16 xtpr pdcm pcid dca sse4_1 sse4_2 x2apic movbe popcnt tsc_deadline_timer aes xsave avx f16c rdrand lahf_lm abm epb invpcid_single intel_ppin ssbd ibrs ibpb stibp tpr_shadow vnmi flexpriority ept vpid fsgsbase tsc_adjust bmi1 avx2 smep bmi2 erms invpcid cqm xsaveopt cqm_llc cqm_occup_llc dtherm ida arat pln pts md_clear spec_ctrl intel_stibp flush_l1d
   234.375   2972.482 # matmult_kmn
   283.594   3023.213 # matmult_kmn
   343.148   3038.212 # matmult_kmn
   414.586   2969.819 # matmult_kmn
   499.594   2954.055 # matmult_kmn
   607.523   2933.030 # matmult_kmn
   734.273   2811.374 # matmult_kmn
   891.211   2728.808 # matmult_kmn
  1073.344   2677.897 # matmult_kmn
  1305.375   2724.766 # matmult_kmn
  1572.211   2793.280 # matmult_kmn
  1903.711   2748.960 # matmult_kmn
  2310.844   2763.815 # matmult_kmn
  2789.648   2787.570 # matmult_kmn
  3384.375   2819.062 # matmult_kmn
  4095.094   2810.553 # matmult_kmn
  4937.836   2819.980 # matmult_kmn
  5977.148   2826.684 # matmult_kmn
  7245.375   2876.957 # matmult_kmn
  8778.375   2878.226 # matmult_kmn
 10615.523   2881.713 # matmult_kmn
 12834.375   2897.743 # matmult_kmn
 15529.594   2896.282 # matmult_kmn
 18774.023   2898.707 # matmult_kmn
 22739.648   2898.208 # matmult_kmn
 27489.586   2883.914 # matmult_kmn
 33301.500   2785.865 # matmult_kmn
 40282.523   2405.277 # matmult_kmn
 48735.094   2136.426 # matmult_kmn
 58954.594   2042.422 # matmult_kmn
 71367.773   2026.231 # matmult_kmn
 86310.023   2005.489 # matmult_kmn
104445.023   1986.823 # matmult_kmn
126476.461   1958.468 # matmult_kmn
153000.586   1965.525 # matmult_kmn
185064.844   1956.643 # matmult_kmn
223928.461   1969.844 # matmult_kmn
270937.500   2010.497 # matmult_kmn
327834.375   1973.035 # matmult_kmn
396679.594   1977.483 # matmult_kmn
480109.594   1978.085 # matmult_kmn
581025.961   1984.030 # matmult_kmn
702810.375   1995.348 # matmult_kmn
850513.500   2030.239 # matmult_kmn
1028997.094   1984.846 # matmult_kmn
1245223.148   1988.945 # matmult_kmn
1506757.594   1986.751 # matmult_kmn
1823259.375   2001.125 # matmult_kmn
2206143.844   2007.654 # matmult_kmn
2669334.000   2044.173 # matmult_kmn

------------------------------------------------------------
Sender: LSF System <lsfadmin@hpc.dtu.dk>
Subject: Job 11940759: <mm_batch> in cluster <dcc> Done

Job <mm_batch> was submitted from host <n-62-27-18> by user <s212571> in cluster <dcc> at Wed Jan  5 15:50:47 2022
Job was executed on host(s) <n-62-28-29>, in queue <hpc>, as user <s212571> in cluster <dcc> at Wed Jan  5 15:50:48 2022
</zhome/6d/6/164418> was used as the home directory.
</zhome/6d/6/164418/hpc/week1/assign/bscripts> was used as the working directory.
Started at Wed Jan  5 15:50:48 2022
Terminated at Wed Jan  5 17:13:27 2022
Results reported at Wed Jan  5 17:13:27 2022

Your job looked like:

------------------------------------------------------------
# LSBATCH: User input
#!/bin/bash
# 02614 - High-Performance Computing, January 2022
# 
# batch script to run matmult on a decidated server in the hpcintro
# queue
#
# Author: Bernd Dammann <bd@cc.dtu.dk>
#
#BSUB -J mm_batch
#BSUB -o mm_batch_%J_kmn.out
#BSUB -e mm_batch_%J_kmn.err
#BSUB -q hpc
#BSUB -n 1
#BSUB -R "rusage[mem=4096]"
#BSUB -W 4:00
#BSUB -R "select[model == XeonE5_2660v3]"
# uncomment the following line, if you want to assure that your job has
# a whole CPU for itself (shared L3 cache)
# #BSUB -R "span[hosts=1] affinity[socket(1)]"

# define the driver name to use
# valid values: matmult_c.studio, matmult_f.studio, matmult_c.gcc or
# matmult_f.gcc
#
EXECUTABLE=matmult_c.gcc

# define the mkn values in the MKN variable
#
SIZES="100 110 121 133 146 161 177 195 214 236 259 285 314 345 380 418 459 505 556 612 673 740 814 895 985 1083 1192 1311 1442 1586 1745 1919 2111 2323 2555 2810 3091 3400 3740 4114 4526 4979 5476 6024 6626 7289 8018 8820 9702 10672"

PERM="kmn"

# uncomment and set a reasonable BLKSIZE for the blk version
#
# BLKSIZE=1

# enable(1)/disable(0) result checking
export MATMULT_COMPARE=0
# export MATMULT_RESULTS={[0]|1}
# export MFLOPS_MIN_T=[3.0]
# export MFLOPS_MAX_IT=[infinity]

cd ..
lscpu
# start the collect command with the above settings
for S in $SIZES
do
    ./$EXECUTABLE $PERM $S $S $S $BLKSIZE
done

------------------------------------------------------------

Successfully completed.

Resource usage summary:

    CPU time :                                   4954.98 sec.
    Max Memory :                                 2611 MB
    Average Memory :                             1702.86 MB
    Total Requested Memory :                     4096.00 MB
    Delta Memory :                               1485.00 MB
    Max Swap :                                   -
    Max Processes :                              4
    Max Threads :                                5
    Run time :                                   4959 sec.
    Turnaround time :                            4960 sec.

The output (if any) is above this job summary.



PS:

Read file <mm_batch_11940759_kmn.err> for stderr output of this job.

