Architecture:          x86_64
CPU op-mode(s):        32-bit, 64-bit
Byte Order:            Little Endian
CPU(s):                20
On-line CPU(s) list:   0-19
Thread(s) per core:    1
Core(s) per socket:    10
Socket(s):             2
NUMA node(s):          2
Vendor ID:             GenuineIntel
CPU family:            6
Model:                 63
Model name:            Intel(R) Xeon(R) CPU E5-2660 v3 @ 2.60GHz
Stepping:              2
CPU MHz:               2899.926
CPU max MHz:           3300.0000
CPU min MHz:           1200.0000
BogoMIPS:              5187.98
Virtualization:        VT-x
L1d cache:             32K
L1i cache:             32K
L2 cache:              256K
L3 cache:              25600K
NUMA node0 CPU(s):     0-9
NUMA node1 CPU(s):     10-19
Flags:                 fpu vme de pse tsc msr pae mce cx8 apic sep mtrr pge mca cmov pat pse36 clflush dts acpi mmx fxsr sse sse2 ss ht tm pbe syscall nx pdpe1gb rdtscp lm constant_tsc arch_perfmon pebs bts rep_good nopl xtopology nonstop_tsc aperfmperf eagerfpu pni pclmulqdq dtes64 ds_cpl vmx smx est tm2 ssse3 sdbg fma cx16 xtpr pdcm pcid dca sse4_1 sse4_2 x2apic movbe popcnt tsc_deadline_timer aes xsave avx f16c rdrand lahf_lm abm epb invpcid_single intel_ppin ssbd ibrs ibpb stibp tpr_shadow vnmi flexpriority ept vpid fsgsbase tsc_adjust bmi1 avx2 smep bmi2 erms invpcid cqm xsaveopt cqm_llc cqm_occup_llc dtherm ida arat pln pts md_clear spec_ctrl intel_stibp flush_l1d
   234.375   1822.349 # matmult_knm
   283.594   1754.432 # matmult_knm
   343.148   1730.965 # matmult_knm
   414.586   1590.704 # matmult_knm
   499.594   1297.496 # matmult_knm
   607.523   1333.695 # matmult_knm
   734.273   1173.836 # matmult_knm
   891.211    942.005 # matmult_knm
  1073.344   1161.498 # matmult_knm
  1305.375   1089.919 # matmult_knm
  1572.211    938.471 # matmult_knm
  1903.711    756.403 # matmult_knm
  2310.844    675.153 # matmult_knm
  2789.648    671.832 # matmult_knm
  3384.375    659.754 # matmult_knm
  4095.094    665.552 # matmult_knm
  4937.836    665.736 # matmult_knm
  5977.148    657.622 # matmult_knm
  7245.375    170.560 # matmult_knm
  8778.375    132.970 # matmult_knm
 10615.523    539.014 # matmult_knm
 12834.375    575.772 # matmult_knm
 15529.594    326.714 # matmult_knm
 18774.023    361.769 # matmult_knm
 22739.648    340.009 # matmult_knm
 27489.586    357.868 # matmult_knm
 33301.500    492.095 # matmult_knm
 40282.523    320.530 # matmult_knm
 48735.094    413.312 # matmult_knm
 58954.594    404.830 # matmult_knm
 71367.773    324.068 # matmult_knm
 86310.023    304.458 # matmult_knm
104445.023    316.826 # matmult_knm
126476.461    305.702 # matmult_knm
153000.586    293.424 # matmult_knm
185064.844    310.294 # matmult_knm
223928.461    291.950 # matmult_knm
270937.500    316.134 # matmult_knm
327834.375    314.092 # matmult_knm
396679.594    302.716 # matmult_knm
480109.594    308.389 # matmult_knm
581025.961    283.492 # matmult_knm
702810.375    316.453 # matmult_knm
850513.500    316.356 # matmult_knm
1028997.094    312.508 # matmult_knm
1245223.148    293.478 # matmult_knm
1506757.594    309.136 # matmult_knm

------------------------------------------------------------
Sender: LSF System <lsfadmin@hpc.dtu.dk>
Subject: Job 11940760: <mm_batch> in cluster <dcc> Exited

Job <mm_batch> was submitted from host <n-62-27-18> by user <s212571> in cluster <dcc> at Wed Jan  5 15:50:47 2022
Job was executed on host(s) <n-62-28-30>, in queue <hpc>, as user <s212571> in cluster <dcc> at Wed Jan  5 15:50:48 2022
</zhome/6d/6/164418> was used as the home directory.
</zhome/6d/6/164418/hpc/week1/assign/bscripts> was used as the working directory.
Started at Wed Jan  5 15:50:48 2022
Terminated at Wed Jan  5 19:51:18 2022
Results reported at Wed Jan  5 19:51:18 2022

Your job looked like:

------------------------------------------------------------
# LSBATCH: User input
#!/bin/bash
# 02614 - High-Performance Computing, January 2022
# 
# batch script to run matmult on a decidated server in the hpcintro
# queue
#
# Author: Bernd Dammann <bd@cc.dtu.dk>
#
#BSUB -J mm_batch
#BSUB -o mm_batch_%J_knm.out
#BSUB -e mm_batch_%J_knm.err
#BSUB -q hpc
#BSUB -n 1
#BSUB -R "rusage[mem=4096]"
#BSUB -W 4:00
#BSUB -R "select[model == XeonE5_2660v3]"
# uncomment the following line, if you want to assure that your job has
# a whole CPU for itself (shared L3 cache)
# #BSUB -R "span[hosts=1] affinity[socket(1)]"

# define the driver name to use
# valid values: matmult_c.studio, matmult_f.studio, matmult_c.gcc or
# matmult_f.gcc
#
EXECUTABLE=matmult_c.gcc

# define the mkn values in the MKN variable
#
SIZES="100 110 121 133 146 161 177 195 214 236 259 285 314 345 380 418 459 505 556 612 673 740 814 895 985 1083 1192 1311 1442 1586 1745 1919 2111 2323 2555 2810 3091 3400 3740 4114 4526 4979 5476 6024 6626 7289 8018 8820 9702 10672"

PERM="knm"

# uncomment and set a reasonable BLKSIZE for the blk version
#
# BLKSIZE=1

# enable(1)/disable(0) result checking
export MATMULT_COMPARE=0
# export MATMULT_RESULTS={[0]|1}
# export MFLOPS_MIN_T=[3.0]
# export MFLOPS_MAX_IT=[infinity]

cd ..
lscpu
# start the collect command with the above settings
for S in $SIZES
do
    ./$EXECUTABLE $PERM $S $S $S $BLKSIZE
done

------------------------------------------------------------

TERM_RUNLIMIT: job killed after reaching LSF run time limit.
Exited with exit code 140.

Resource usage summary:

    CPU time :                                   14428.00 sec.
    Max Memory :                                 1784 MB
    Average Memory :                             1037.07 MB
    Total Requested Memory :                     4096.00 MB
    Delta Memory :                               2312.00 MB
    Max Swap :                                   -
    Max Processes :                              4
    Max Threads :                                5
    Run time :                                   14430 sec.
    Turnaround time :                            14431 sec.

The output (if any) is above this job summary.



PS:

Read file <mm_batch_11940760_knm.err> for stderr output of this job.

