Architecture:          x86_64
CPU op-mode(s):        32-bit, 64-bit
Byte Order:            Little Endian
CPU(s):                20
On-line CPU(s) list:   0-19
Thread(s) per core:    1
Core(s) per socket:    10
Socket(s):             2
NUMA node(s):          2
Vendor ID:             GenuineIntel
CPU family:            6
Model:                 63
Model name:            Intel(R) Xeon(R) CPU E5-2660 v3 @ 2.60GHz
Stepping:              2
CPU MHz:               2899.926
CPU max MHz:           3300.0000
CPU min MHz:           1200.0000
BogoMIPS:              5187.79
Virtualization:        VT-x
L1d cache:             32K
L1i cache:             32K
L2 cache:              256K
L3 cache:              25600K
NUMA node0 CPU(s):     0-9
NUMA node1 CPU(s):     10-19
Flags:                 fpu vme de pse tsc msr pae mce cx8 apic sep mtrr pge mca cmov pat pse36 clflush dts acpi mmx fxsr sse sse2 ss ht tm pbe syscall nx pdpe1gb rdtscp lm constant_tsc arch_perfmon pebs bts rep_good nopl xtopology nonstop_tsc aperfmperf eagerfpu pni pclmulqdq dtes64 ds_cpl vmx smx est tm2 ssse3 sdbg fma cx16 xtpr pdcm pcid dca sse4_1 sse4_2 x2apic movbe popcnt tsc_deadline_timer aes xsave avx f16c rdrand lahf_lm abm epb invpcid_single intel_ppin ssbd ibrs ibpb stibp tpr_shadow vnmi flexpriority ept vpid fsgsbase tsc_adjust bmi1 avx2 smep bmi2 erms invpcid cqm xsaveopt cqm_llc cqm_occup_llc dtherm ida arat pln pts md_clear spec_ctrl intel_stibp flush_l1d
   234.375   2114.702 # matmult_nat
   283.594   2109.576 # matmult_nat
   343.148   2098.548 # matmult_nat
   414.586   2012.079 # matmult_nat
   499.594   2002.245 # matmult_nat
   607.523   1995.277 # matmult_nat
   734.273   1970.529 # matmult_nat
   891.211   1947.742 # matmult_nat
  1073.344   1935.691 # matmult_nat
  1305.375   1932.101 # matmult_nat
  1572.211   1938.125 # matmult_nat
  1903.711   1906.169 # matmult_nat
  2310.844   1901.068 # matmult_nat
  2789.648   1903.502 # matmult_nat
  3384.375   1902.513 # matmult_nat
  4095.094   1900.908 # matmult_nat
  4937.836   1898.483 # matmult_nat
  5977.148   1835.852 # matmult_nat
  7245.375   1897.165 # matmult_nat
  8778.375   1899.806 # matmult_nat
 10615.523   1898.679 # matmult_nat
 12834.375   1895.603 # matmult_nat
 15529.594   1896.287 # matmult_nat
 18774.023   1891.727 # matmult_nat
 22739.648   1874.337 # matmult_nat
 27489.586   1836.433 # matmult_nat
 33301.500   1776.915 # matmult_nat
 40282.523   1649.126 # matmult_nat
 48735.094   1576.109 # matmult_nat
 58954.594   1567.926 # matmult_nat
 71367.773   1557.953 # matmult_nat
 86310.023   1560.275 # matmult_nat
104445.023   1554.318 # matmult_nat
126476.461   1555.013 # matmult_nat
153000.586   1555.416 # matmult_nat
185064.844   1556.903 # matmult_nat
223928.461   1556.633 # matmult_nat
270937.500   1557.542 # matmult_nat
327834.375   1552.495 # matmult_nat
396679.594   1557.739 # matmult_nat
480109.594   1557.940 # matmult_nat
581025.961   1558.951 # matmult_nat
702810.375   1559.142 # matmult_nat
850513.500   1561.390 # matmult_nat
1028997.094   1573.421 # matmult_nat
1245223.148   1575.028 # matmult_nat
1506757.594   1576.440 # matmult_nat
1823259.375   1575.983 # matmult_nat
2206143.844   1576.559 # matmult_nat
2669334.000   1585.730 # matmult_nat

------------------------------------------------------------
Sender: LSF System <lsfadmin@hpc.dtu.dk>
Subject: Job 11943482: <mm_batch> in cluster <dcc> Done

Job <mm_batch> was submitted from host <n-62-27-18> by user <s212571> in cluster <dcc> at Wed Jan  5 17:17:18 2022
Job was executed on host(s) <n-62-28-33>, in queue <hpc>, as user <s212571> in cluster <dcc> at Wed Jan  5 17:17:20 2022
</zhome/6d/6/164418> was used as the home directory.
</zhome/6d/6/164418/hpc/week1/assign/bscripts> was used as the working directory.
Started at Wed Jan  5 17:17:20 2022
Terminated at Wed Jan  5 19:02:14 2022
Results reported at Wed Jan  5 19:02:14 2022

Your job looked like:

------------------------------------------------------------
# LSBATCH: User input
#!/bin/bash
# 02614 - High-Performance Computing, January 2022
# 
# batch script to run matmult on a decidated server in the hpcintro
# queue
#
# Author: Bernd Dammann <bd@cc.dtu.dk>
#
#BSUB -J mm_batch
#BSUB -o mm_batch_%J_nat.out
#BSUB -e mm_batch_%J_nat.err
#BSUB -q hpc
#BSUB -n 1
#BSUB -R "rusage[mem=4096]"
#BSUB -W 4:00
#BSUB -R "select[model == XeonE5_2660v3]"
# uncomment the following line, if you want to assure that your job has
# a whole CPU for itself (shared L3 cache)
# #BSUB -R "span[hosts=1] affinity[socket(1)]"

# define the driver name to use
# valid values: matmult_c.studio, matmult_f.studio, matmult_c.gcc or
# matmult_f.gcc
#
EXECUTABLE=matmult_c.gcc

# define the mkn values in the MKN variable
#
SIZES="100 110 121 133 146 161 177 195 214 236 259 285 314 345 380 418 459 505 556 612 673 740 814 895 985 1083 1192 1311 1442 1586 1745 1919 2111 2323 2555 2810 3091 3400 3740 4114 4526 4979 5476 6024 6626 7289 8018 8820 9702 10672"

PERM="nat"

# uncomment and set a reasonable BLKSIZE for the blk version
#
# BLKSIZE=1

# enable(1)/disable(0) result checking
export MATMULT_COMPARE=0
# export MATMULT_RESULTS={[0]|1}
# export MFLOPS_MIN_T=[3.0]
# export MFLOPS_MAX_IT=[infinity]

cd ..
lscpu
# start the collect command with the above settings
for S in $SIZES
do
    ./$EXECUTABLE $PERM $S $S $S $BLKSIZE
done

------------------------------------------------------------

Successfully completed.

Resource usage summary:

    CPU time :                                   6291.90 sec.
    Max Memory :                                 3448 MB
    Average Memory :                             2009.00 MB
    Total Requested Memory :                     4096.00 MB
    Delta Memory :                               648.00 MB
    Max Swap :                                   -
    Max Processes :                              4
    Max Threads :                                5
    Run time :                                   6293 sec.
    Turnaround time :                            6296 sec.

The output (if any) is above this job summary.



PS:

Read file <mm_batch_11943482_nat.err> for stderr output of this job.

