Architecture:          x86_64
CPU op-mode(s):        32-bit, 64-bit
Byte Order:            Little Endian
CPU(s):                20
On-line CPU(s) list:   0-19
Thread(s) per core:    1
Core(s) per socket:    10
Socket(s):             2
NUMA node(s):          2
Vendor ID:             GenuineIntel
CPU family:            6
Model:                 63
Model name:            Intel(R) Xeon(R) CPU E5-2660 v3 @ 2.60GHz
Stepping:              2
CPU MHz:               2899.926
CPU max MHz:           3300.0000
CPU min MHz:           1200.0000
BogoMIPS:              5187.79
Virtualization:        VT-x
L1d cache:             32K
L1i cache:             32K
L2 cache:              256K
L3 cache:              25600K
NUMA node0 CPU(s):     0-9
NUMA node1 CPU(s):     10-19
Flags:                 fpu vme de pse tsc msr pae mce cx8 apic sep mtrr pge mca cmov pat pse36 clflush dts acpi mmx fxsr sse sse2 ss ht tm pbe syscall nx pdpe1gb rdtscp lm constant_tsc arch_perfmon pebs bts rep_good nopl xtopology nonstop_tsc aperfmperf eagerfpu pni pclmulqdq dtes64 ds_cpl vmx smx est tm2 ssse3 sdbg fma cx16 xtpr pdcm pcid dca sse4_1 sse4_2 x2apic movbe popcnt tsc_deadline_timer aes xsave avx f16c rdrand lahf_lm abm epb invpcid_single intel_ppin ssbd ibrs ibpb stibp tpr_shadow vnmi flexpriority ept vpid fsgsbase tsc_adjust bmi1 avx2 smep bmi2 erms invpcid cqm xsaveopt cqm_llc cqm_occup_llc dtherm ida arat pln pts md_clear spec_ctrl intel_stibp flush_l1d
   234.375   1997.981 # matmult_mnk
   283.594   2049.616 # matmult_mnk
   343.148   1991.156 # matmult_mnk
   414.586   1909.845 # matmult_mnk
   499.594   1919.466 # matmult_mnk
   607.523   1859.073 # matmult_mnk
   734.273   1830.098 # matmult_mnk
   891.211   1598.119 # matmult_mnk
  1073.344   1615.023 # matmult_mnk
  1305.375   1664.939 # matmult_mnk
  1572.211   1504.155 # matmult_mnk
  1903.711   1484.468 # matmult_mnk
  2310.844   1575.018 # matmult_mnk
  2789.648   1461.294 # matmult_mnk
  3384.375   1614.733 # matmult_mnk
  4095.094   1519.112 # matmult_mnk
  4937.836   1380.607 # matmult_mnk
  5977.148   1319.325 # matmult_mnk
  7245.375   1415.728 # matmult_mnk
  8778.375   1491.240 # matmult_mnk
 10615.523   1348.457 # matmult_mnk
 12834.375   1472.093 # matmult_mnk
 15529.594    947.411 # matmult_mnk
 18774.023    511.729 # matmult_mnk
 22739.648    546.826 # matmult_mnk
 27489.586    471.797 # matmult_mnk
 33301.500    840.996 # matmult_mnk
 40282.523    476.120 # matmult_mnk
 48735.094    726.228 # matmult_mnk
 58954.594    667.705 # matmult_mnk
 71367.773    481.288 # matmult_mnk
 86310.023    481.365 # matmult_mnk
104445.023    474.620 # matmult_mnk
126476.461    477.836 # matmult_mnk
153000.586    458.122 # matmult_mnk
185064.844    668.762 # matmult_mnk
223928.461    477.192 # matmult_mnk
270937.500    663.446 # matmult_mnk
327834.375    570.327 # matmult_mnk
396679.594    474.517 # matmult_mnk
480109.594    473.900 # matmult_mnk
581025.961    458.463 # matmult_mnk
702810.375    523.303 # matmult_mnk
850513.500    525.945 # matmult_mnk
1028997.094    474.820 # matmult_mnk
1245223.148    465.706 # matmult_mnk
1506757.594    507.326 # matmult_mnk
1823259.375    525.644 # matmult_mnk

------------------------------------------------------------
Sender: LSF System <lsfadmin@hpc.dtu.dk>
Subject: Job 11940763: <mm_batch> in cluster <dcc> Exited

Job <mm_batch> was submitted from host <n-62-27-18> by user <s212571> in cluster <dcc> at Wed Jan  5 15:50:48 2022
Job was executed on host(s) <n-62-28-33>, in queue <hpc>, as user <s212571> in cluster <dcc> at Wed Jan  5 15:50:49 2022
</zhome/6d/6/164418> was used as the home directory.
</zhome/6d/6/164418/hpc/week1/assign/bscripts> was used as the working directory.
Started at Wed Jan  5 15:50:49 2022
Terminated at Wed Jan  5 19:50:54 2022
Results reported at Wed Jan  5 19:50:54 2022

Your job looked like:

------------------------------------------------------------
# LSBATCH: User input
#!/bin/bash
# 02614 - High-Performance Computing, January 2022
# 
# batch script to run matmult on a decidated server in the hpcintro
# queue
#
# Author: Bernd Dammann <bd@cc.dtu.dk>
#
#BSUB -J mm_batch
#BSUB -o mm_batch_%J_mnk.out
#BSUB -e mm_batch_%J_mnk.err
#BSUB -q hpc
#BSUB -n 1
#BSUB -R "rusage[mem=4096]"
#BSUB -W 4:00
#BSUB -R "select[model == XeonE5_2660v3]"
# uncomment the following line, if you want to assure that your job has
# a whole CPU for itself (shared L3 cache)
# #BSUB -R "span[hosts=1] affinity[socket(1)]"

# define the driver name to use
# valid values: matmult_c.studio, matmult_f.studio, matmult_c.gcc or
# matmult_f.gcc
#
EXECUTABLE=matmult_c.gcc

# define the mkn values in the MKN variable
#
SIZES="100 110 121 133 146 161 177 195 214 236 259 285 314 345 380 418 459 505 556 612 673 740 814 895 985 1083 1192 1311 1442 1586 1745 1919 2111 2323 2555 2810 3091 3400 3740 4114 4526 4979 5476 6024 6626 7289 8018 8820 9702 10672"

PERM="mnk"

# uncomment and set a reasonable BLKSIZE for the blk version
#
# BLKSIZE=1

# enable(1)/disable(0) result checking
export MATMULT_COMPARE=0
# export MATMULT_RESULTS={[0]|1}
# export MFLOPS_MIN_T=[3.0]
# export MFLOPS_MAX_IT=[infinity]

cd ..
lscpu
# start the collect command with the above settings
for S in $SIZES
do
    ./$EXECUTABLE $PERM $S $S $S $BLKSIZE
done

------------------------------------------------------------

TERM_RUNLIMIT: job killed after reaching LSF run time limit.
Exited with exit code 140.

Resource usage summary:

    CPU time :                                   14402.00 sec.
    Max Memory :                                 2158 MB
    Average Memory :                             1357.35 MB
    Total Requested Memory :                     4096.00 MB
    Delta Memory :                               1938.00 MB
    Max Swap :                                   -
    Max Processes :                              4
    Max Threads :                                5
    Run time :                                   14405 sec.
    Turnaround time :                            14406 sec.

The output (if any) is above this job summary.



PS:

Read file <mm_batch_11940763_mnk.err> for stderr output of this job.

